<?xml version="1.0" encoding="UTF-8"?>
<testsuite xmlns:xsi="http://www.w3.org/2001/XMLSchema-instance" xsi:noNamespaceSchemaLocation="https://maven.apache.org/surefire/maven-failsafe-plugin/xsd/failsafe-test-report-3.0.xsd" version="3.0" name="com.reddot.gateway.web.rest.AccountResourceIT" time="10.373" tests="29" errors="0" skipped="0" failures="0">
  <properties>
[...]
</properties>
  <testcase name="testSaveInvalidEmail" classname="com.reddot.gateway.web.rest.AccountResourceIT" time="0.601">
    <system-out><![CDATA[
        ██╗ ██╗   ██╗ ████████╗ ███████╗   ██████╗ ████████╗ ████████╗ ███████╗
        ██║ ██║   ██║ ╚══██╔══╝ ██╔═══██╗ ██╔════╝ ╚══██╔══╝ ██╔═════╝ ██╔═══██╗
        ██║ ████████║    ██║    ███████╔╝ ╚█████╗     ██║    ██████╗   ███████╔╝
  ██╗   ██║ ██╔═══██║    ██║    ██╔════╝   ╚═══██╗    ██║    ██╔═══╝   ██╔══██║
  ╚██████╔╝ ██║   ██║ ████████╗ ██║       ██████╔╝    ██║    ████████╗ ██║  ╚██╗
   ╚═════╝  ╚═╝   ╚═╝ ╚═══════╝ ╚═╝       ╚═════╝     ╚═╝    ╚═══════╝ ╚═╝   ╚═╝

:: JHipster 🤓  :: Running Spring Boot 2.5.5 ::
:: https://www.jhipster.tech ::

2021-10-26 00:47:08.141  INFO 29356 --- [           main] c.r.gateway.web.rest.AccountResourceIT   : No active profile set, falling back to default profiles: default
2021-10-26 00:47:08.146  WARN 29356 --- [           main] o.s.b.c.config.ConfigDataEnvironment     : Property 'spring.profiles' imported from location 'class path resource [config/application.yml]' is invalid and should be replaced with 'spring.config.activate.on-profile' [origin: class path resource [config/application.yml] - 24:12]
2021-10-26 00:47:08.707 DEBUG 29356 --- [           main] i.g.r.utils.RxJava2OnClasspathCondition  : RxJava2 related Aspect extensions are not activated, because RxJava2 is not on the classpath.
2021-10-26 00:47:08.716 DEBUG 29356 --- [           main] i.g.r.utils.RxJava2OnClasspathCondition  : RxJava2 related Aspect extensions are not activated, because RxJava2 is not on the classpath.
2021-10-26 00:47:08.735 DEBUG 29356 --- [           main] i.g.r.utils.RxJava2OnClasspathCondition  : RxJava2 related Aspect extensions are not activated, because RxJava2 is not on the classpath.
2021-10-26 00:47:08.742 DEBUG 29356 --- [           main] i.g.r.utils.RxJava2OnClasspathCondition  : RxJava2 related Aspect extensions are not activated, because RxJava2 is not on the classpath.
2021-10-26 00:47:08.750 DEBUG 29356 --- [           main] i.g.r.utils.RxJava2OnClasspathCondition  : RxJava2 related Aspect extensions are not activated, because RxJava2 is not on the classpath.
2021-10-26 00:47:09.753  WARN 29356 --- [           main] o.s.data.convert.CustomConversions       : Registering converter from class java.util.BitSet to class java.lang.Boolean as reading converter although it doesn't convert from a store-supported type! You might want to check your annotation setup at the converter implementation.
2021-10-26 00:47:12.556 DEBUG 29356 --- [           main] _.s.w.reactive.HandlerMapping.Mappings   : 
	c.r.g.w.r.e.ExceptionTranslatorTestController:
	{GET /api/exception-translator-test/access-denied}: accessdenied()
	{POST /api/exception-translator-test/method-argument}: methodArgument(TestDTO)
	{GET /api/exception-translator-test/unauthorized}: unauthorized()
	{GET /api/exception-translator-test/concurrency-failure}: concurrencyFailure()
	{GET /api/exception-translator-test/missing-servlet-request-parameter}: missingServletRequestParameterException(String)
	{GET /api/exception-translator-test/response-status}: exceptionWithResponseStatus()
	{GET /api/exception-translator-test/missing-servlet-request-part}: missingServletRequestPartException(String)
	{GET /api/exception-translator-test/internal-server-error}: internalServerError()
2021-10-26 00:47:12.558 DEBUG 29356 --- [           main] _.s.w.reactive.HandlerMapping.Mappings   : 
	c.r.g.w.r.AccountResource:
	{POST /api/account/change-password}: changePassword(PasswordChangeDTO)
	{GET /api/account}: getAccount()
	{POST /api/register}: registerAccount(ManagedUserVM)
	{GET /api/activate}: activateAccount(String)
	{GET /api/authenticate}: isAuthenticated(ServerWebExchange)
	{POST /api/account}: saveAccount(AdminUserDTO)
	{POST /api/account/reset-password/finish}: finishPasswordReset(KeyAndPasswordVM)
	{POST /api/account/reset-password/init}: requestPasswordReset(String)
2021-10-26 00:47:12.559 DEBUG 29356 --- [           main] _.s.w.reactive.HandlerMapping.Mappings   : 
	c.r.g.w.r.GatewayResource:
	{GET /api/gateway/routes}: activeRoutes()
2021-10-26 00:47:12.560 DEBUG 29356 --- [           main] _.s.w.reactive.HandlerMapping.Mappings   : 
	c.r.g.w.r.PublicUserResource:
	{GET /api/authorities}: getAuthorities()
	{GET /api/users}: getAllPublicUsers(ServerHttpRequest,Pageable)
2021-10-26 00:47:12.561 DEBUG 29356 --- [           main] _.s.w.reactive.HandlerMapping.Mappings   : 
	c.r.g.w.r.UserJWTController:
	{POST /api/authenticate}: authorize(Mono)
2021-10-26 00:47:12.563 DEBUG 29356 --- [           main] _.s.w.reactive.HandlerMapping.Mappings   : 
	c.r.g.w.r.UserResource:
	{PUT /api/admin/users}: updateUser(AdminUserDTO)
	{DELETE /api/admin/users/{login}}: deleteUser(String)
	{POST /api/admin/users}: createUser(AdminUserDTO)
	{GET /api/admin/users}: getAllUsers(ServerHttpRequest,Pageable)
	{GET /api/admin/users/{login}}: getUser(String)
2021-10-26 00:47:12.604 DEBUG 29356 --- [           main] _.s.w.reactive.HandlerMapping.Mappings   : 'resourceHandlerMapping' {/webjars/**=ResourceWebHandler ["classpath:/META-INF/resources/webjars/"], /**=ResourceWebHandler ["classpath:/META-INF/resources/", "classpath:/resources/", "classpath:/static/", "classpath:/public/"]}
2021-10-26 00:47:14.251  WARN 29356 --- [           main] iguration$LoadBalancerCaffeineWarnLogger : Spring Cloud LoadBalancer is currently working with the default cache. You can switch to using Caffeine cache, by adding it and org.springframework.cache.caffeine.CaffeineCacheManager to the classpath.
2021-10-26 00:47:14.374  INFO 29356 --- [           main] c.r.gateway.web.rest.AccountResourceIT   : Started AccountResourceIT in 7.342 seconds (JVM running for 60.087)
2021-10-26 00:47:14.873  WARN 29356 --- [     parallel-4] o.z.problem.spring.common.AdviceTraits   : Bad Request: Validation failed for argument at index 0 in method: public reactor.core.publisher.Mono<java.lang.Void> com.reddot.gateway.web.rest.AccountResource.saveAccount(com.reddot.gateway.service.dto.AdminUserDTO), with 1 error(s): [Field error in object 'adminUserDTO' on field 'email': rejected value [invalid email]; codes [Email.adminUserDTO.email,Email.email,Email.java.lang.String,Email]; arguments [org.springframework.context.support.DefaultMessageSourceResolvable: codes [adminUserDTO.email,email]; arguments []; default message [email],[Ljavax.validation.constraints.Pattern$Flag;@b4c6c89,.*]; default message [doit être une adresse électronique syntaxiquement correcte]] 
]]></system-out>
  </testcase>
  <testcase name="testRequestPasswordReset" classname="com.reddot.gateway.web.rest.AccountResourceIT" time="0.054"/>
  <testcase name="testFinishPasswordResetTooSmall" classname="com.reddot.gateway.web.rest.AccountResourceIT" time="0.035">
    <system-out><![CDATA[2021-10-26 00:47:15.058  WARN 29356 --- [     parallel-8] o.z.problem.spring.common.AdviceTraits   : Bad Request: Incorrect password
2021-10-26 00:47:15.070  WARN 29356 --- [           main] o.s.s.c.bcrypt.BCryptPasswordEncoder     : Encoded password does not look like BCrypt
]]></system-out>
  </testcase>
  <testcase name="testSaveExistingEmail" classname="com.reddot.gateway.web.rest.AccountResourceIT" time="0.048">
    <system-out><![CDATA[2021-10-26 00:47:15.109 ERROR 29356 --- [     parallel-2] tech.jhipster.web.util.HeaderUtil        : Entity processing failed, Email is already in use!
2021-10-26 00:47:15.110  WARN 29356 --- [     parallel-2] o.z.problem.spring.common.AdviceTraits   : Bad Request: Email is already in use!
]]></system-out>
  </testcase>
  <testcase name="testSaveExistingEmailAndLogin" classname="com.reddot.gateway.web.rest.AccountResourceIT" time="0.046"/>
  <testcase name="testRegisterInvalidEmail" classname="com.reddot.gateway.web.rest.AccountResourceIT" time="0.038">
    <system-out><![CDATA[2021-10-26 00:47:15.198  WARN 29356 --- [     parallel-6] o.z.problem.spring.common.AdviceTraits   : Bad Request: Validation failed for argument at index 0 in method: public reactor.core.publisher.Mono<java.lang.Void> com.reddot.gateway.web.rest.AccountResource.registerAccount(com.reddot.gateway.web.rest.vm.ManagedUserVM), with 1 error(s): [Field error in object 'managedUserVM' on field 'email': rejected value [invalid]; codes [Email.managedUserVM.email,Email.email,Email.java.lang.String,Email]; arguments [org.springframework.context.support.DefaultMessageSourceResolvable: codes [managedUserVM.email,email]; arguments []; default message [email],[Ljavax.validation.constraints.Pattern$Flag;@b4c6c89,.*]; default message [doit être une adresse électronique syntaxiquement correcte]] 
]]></system-out>
  </testcase>
  <testcase name="testRegisterInvalidLogin" classname="com.reddot.gateway.web.rest.AccountResourceIT" time="0.028">
    <system-out><![CDATA[2021-10-26 00:47:15.225  WARN 29356 --- [     parallel-8] o.z.problem.spring.common.AdviceTraits   : Bad Request: Validation failed for argument at index 0 in method: public reactor.core.publisher.Mono<java.lang.Void> com.reddot.gateway.web.rest.AccountResource.registerAccount(com.reddot.gateway.web.rest.vm.ManagedUserVM), with 1 error(s): [Field error in object 'managedUserVM' on field 'login': rejected value [funky-log(n]; codes [Pattern.managedUserVM.login,Pattern.login,Pattern.java.lang.String,Pattern]; arguments [org.springframework.context.support.DefaultMessageSourceResolvable: codes [managedUserVM.login,login]; arguments []; default message [login],[Ljavax.validation.constraints.Pattern$Flag;@13d0b9ff,^(?>[a-zA-Z0-9!$&*+=?^_`{|}~.-]+@[a-zA-Z0-9-]+(?:\.[a-zA-Z0-9-]+)*)|(?>[_.@A-Za-z0-9-]+)$]; default message [doit correspondre à "^(?>[a-zA-Z0-9!$&*+=?^_`{|}~.-]+@[a-zA-Z0-9-]+(?:\.[a-zA-Z0-9-]+)*)|(?>[_.@A-Za-z0-9-]+)$"]] 
]]></system-out>
  </testcase>
  <testcase name="testRegisterInvalidPassword" classname="com.reddot.gateway.web.rest.AccountResourceIT" time="0.025">
    <system-out><![CDATA[2021-10-26 00:47:15.251  WARN 29356 --- [     parallel-2] o.z.problem.spring.common.AdviceTraits   : Bad Request: Validation failed for argument at index 0 in method: public reactor.core.publisher.Mono<java.lang.Void> com.reddot.gateway.web.rest.AccountResource.registerAccount(com.reddot.gateway.web.rest.vm.ManagedUserVM), with 1 error(s): [Field error in object 'managedUserVM' on field 'password': rejected value [123]; codes [Size.managedUserVM.password,Size.password,Size.java.lang.String,Size]; arguments [org.springframework.context.support.DefaultMessageSourceResolvable: codes [managedUserVM.password,password]; arguments []; default message [password],100,4]; default message [la taille doit être comprise entre 4 et 100]] 
]]></system-out>
  </testcase>
  <testcase name="testSaveAccount" classname="com.reddot.gateway.web.rest.AccountResourceIT" time="0.051"/>
  <testcase name="testFinishPasswordReset" classname="com.reddot.gateway.web.rest.AccountResourceIT" time="0.149"/>
  <testcase name="testRegisterNullPassword" classname="com.reddot.gateway.web.rest.AccountResourceIT" time="0.016">
    <system-out><![CDATA[2021-10-26 00:47:15.474  WARN 29356 --- [     parallel-8] o.z.problem.spring.common.AdviceTraits   : Bad Request: Incorrect password
]]></system-out>
  </testcase>
  <testcase name="testRequestPasswordResetUpperCaseEmail" classname="com.reddot.gateway.web.rest.AccountResourceIT" time="0.022"/>
  <testcase name="testRegisterAdminIsIgnored" classname="com.reddot.gateway.web.rest.AccountResourceIT" time="0.112"/>
  <testcase name="testActivateAccountWithWrongKey" classname="com.reddot.gateway.web.rest.AccountResourceIT" time="0.038">
    <system-out><![CDATA[2021-10-26 00:47:15.644 ERROR 29356 --- [     parallel-6] o.z.problem.spring.common.AdviceTraits   : Internal Server Error

com.reddot.gateway.web.rest.AccountResource$AccountResourceException: No user was found for this activation key
	at com.reddot.gateway.web.rest.AccountResource.activateAccount(AccountResource.java:77)
	Suppressed: reactor.core.publisher.FluxOnAssembly$OnAssemblyException: 
Assembly trace from producer [reactor.core.publisher.MonoError] :
	reactor.core.publisher.Mono.error(Mono.java:313)
	com.reddot.gateway.web.rest.AccountResource.activateAccount(AccountResource.java:78)
Error has been observed at the following site(s):
	|_         Mono.error ? at com.reddot.gateway.web.rest.AccountResource.activateAccount(AccountResource.java:78)
	|_ Mono.switchIfEmpty ? at com.reddot.gateway.web.rest.AccountResource.activateAccount(AccountResource.java:78)
	|_          Mono.then ? at com.reddot.gateway.web.rest.AccountResource.activateAccount(AccountResource.java:79)
	|_         checkpoint ? Handler com.reddot.gateway.web.rest.AccountResource#activateAccount(String) [DispatcherHandler]
Stack trace:
		at com.reddot.gateway.web.rest.AccountResource.activateAccount(AccountResource.java:77)
		at java.base/jdk.internal.reflect.NativeMethodAccessorImpl.invoke0(Native Method)
		at java.base/jdk.internal.reflect.NativeMethodAccessorImpl.invoke(NativeMethodAccessorImpl.java:62)
		at java.base/jdk.internal.reflect.DelegatingMethodAccessorImpl.invoke(DelegatingMethodAccessorImpl.java:43)
		at java.base/java.lang.reflect.Method.invoke(Method.java:566)
		at org.springframework.web.reactive.result.method.InvocableHandlerMethod.lambda$invoke$0(InvocableHandlerMethod.java:144)
		at reactor.core.publisher.MonoFlatMap$FlatMapMain.onNext(MonoFlatMap.java:125)
		at reactor.core.publisher.Operators$MonoSubscriber.complete(Operators.java:1816)
		at reactor.core.publisher.MonoZip$ZipCoordinator.signal(MonoZip.java:251)
		at reactor.core.publisher.MonoZip$ZipInner.onNext(MonoZip.java:336)
		at org.springframework.security.test.context.support.ReactorContextTestExecutionListener$DelegateTestExecutionListener$SecuritySubContext.onNext(ReactorContextTestExecutionListener.java:120)
		at reactor.core.publisher.MonoPeekTerminal$MonoTerminalPeekSubscriber.onNext(MonoPeekTerminal.java:180)
		at reactor.core.publisher.FluxDefaultIfEmpty$DefaultIfEmptySubscriber.onNext(FluxDefaultIfEmpty.java:101)
		at reactor.core.publisher.FluxSwitchIfEmpty$SwitchIfEmptySubscriber.onNext(FluxSwitchIfEmpty.java:74)
		at reactor.core.publisher.Operators$ScalarSubscription.request(Operators.java:2398)
		at reactor.core.publisher.Operators$MultiSubscriptionSubscriber.set(Operators.java:2194)
		at reactor.core.publisher.Operators$MultiSubscriptionSubscriber.onSubscribe(Operators.java:2068)
		at reactor.core.publisher.FluxFlatMap.trySubscribeScalarMap(FluxFlatMap.java:192)
		at reactor.core.publisher.MonoFlatMap.subscribeOrReturn(MonoFlatMap.java:53)
		at reactor.core.publisher.Mono.subscribe(Mono.java:4346)
		at reactor.core.publisher.MonoZip.subscribe(MonoZip.java:128)
		at reactor.core.publisher.InternalMonoOperator.subscribe(InternalMonoOperator.java:64)
		at reactor.core.publisher.MonoDefer.subscribe(MonoDefer.java:52)
		at reactor.core.publisher.InternalMonoOperator.subscribe(InternalMonoOperator.java:64)
		at reactor.core.publisher.MonoIgnoreThen$ThenIgnoreMain.subscribeNext(MonoIgnoreThen.java:236)
		at reactor.core.publisher.MonoIgnoreThen$ThenIgnoreMain.onComplete(MonoIgnoreThen.java:203)
		at org.springframework.security.test.context.support.ReactorContextTestExecutionListener$DelegateTestExecutionListener$SecuritySubContext.onComplete(ReactorContextTestExecutionListener.java:130)
		at reactor.core.publisher.MonoFlatMap$FlatMapMain.onComplete(MonoFlatMap.java:181)
		at reactor.core.publisher.Operators.complete(Operators.java:137)
		at reactor.core.publisher.MonoZip.subscribe(MonoZip.java:120)
		at reactor.core.publisher.Mono.subscribe(Mono.java:4361)
		at reactor.core.publisher.MonoIgnoreThen$ThenIgnoreMain.subscribeNext(MonoIgnoreThen.java:255)
		at reactor.core.publisher.MonoIgnoreThen.subscribe(MonoIgnoreThen.java:51)
		at reactor.core.publisher.InternalMonoOperator.subscribe(InternalMonoOperator.java:64)
		at reactor.core.publisher.MonoFlatMap$FlatMapMain.onNext(MonoFlatMap.java:157)
		at reactor.core.publisher.FluxSwitchIfEmpty$SwitchIfEmptySubscriber.onNext(FluxSwitchIfEmpty.java:74)
		at reactor.core.publisher.MonoNext$NextSubscriber.onNext(MonoNext.java:82)
		at reactor.core.publisher.FluxConcatMap$ConcatMapImmediate.innerNext(FluxConcatMap.java:282)
		at reactor.core.publisher.FluxConcatMap$ConcatMapInner.onNext(FluxConcatMap.java:861)
		at org.springframework.security.test.context.support.ReactorContextTestExecutionListener$DelegateTestExecutionListener$SecuritySubContext.onNext(ReactorContextTestExecutionListener.java:120)
		at reactor.core.publisher.FluxMapFuseable$MapFuseableSubscriber.onNext(FluxMapFuseable.java:127)
		at reactor.core.publisher.MonoPeekTerminal$MonoTerminalPeekSubscriber.onNext(MonoPeekTerminal.java:180)
		at reactor.core.publisher.Operators$ScalarSubscription.request(Operators.java:2398)
		at reactor.core.publisher.MonoPeekTerminal$MonoTerminalPeekSubscriber.request(MonoPeekTerminal.java:139)
		at reactor.core.publisher.FluxMapFuseable$MapFuseableSubscriber.request(FluxMapFuseable.java:169)
		at reactor.core.publisher.Operators$MultiSubscriptionSubscriber.set(Operators.java:2194)
		at reactor.core.publisher.Operators$MultiSubscriptionSubscriber.onSubscribe(Operators.java:2068)
		at org.springframework.security.test.context.support.ReactorContextTestExecutionListener$DelegateTestExecutionListener$SecuritySubContext.onSubscribe(ReactorContextTestExecutionListener.java:115)
		at reactor.core.publisher.FluxMapFuseable$MapFuseableSubscriber.onSubscribe(FluxMapFuseable.java:96)
		at reactor.core.publisher.MonoPeekTerminal$MonoTerminalPeekSubscriber.onSubscribe(MonoPeekTerminal.java:152)
		at reactor.core.publisher.MonoJust.subscribe(MonoJust.java:55)
		at reactor.core.publisher.Mono.subscribe(Mono.java:4361)
		at reactor.core.publisher.FluxConcatMap$ConcatMapImmediate.drain(FluxConcatMap.java:449)
		at reactor.core.publisher.FluxConcatMap$ConcatMapImmediate.onSubscribe(FluxConcatMap.java:219)
		at reactor.core.publisher.FluxIterable.subscribe(FluxIterable.java:165)
		at reactor.core.publisher.FluxIterable.subscribe(FluxIterable.java:87)
		at reactor.core.publisher.InternalMonoOperator.subscribe(InternalMonoOperator.java:64)
		at reactor.core.publisher.MonoDefer.subscribe(MonoDefer.java:52)
		at reactor.core.publisher.InternalMonoOperator.subscribe(InternalMonoOperator.java:64)
		at reactor.core.publisher.MonoDefer.subscribe(MonoDefer.java:52)
		at reactor.core.publisher.InternalMonoOperator.subscribe(InternalMonoOperator.java:64)
		at reactor.core.publisher.MonoDefer.subscribe(MonoDefer.java:52)
		at reactor.core.publisher.InternalMonoOperator.subscribe(InternalMonoOperator.java:64)
		at reactor.core.publisher.MonoDefer.subscribe(MonoDefer.java:52)
		at reactor.core.publisher.InternalMonoOperator.subscribe(InternalMonoOperator.java:64)
		at reactor.core.publisher.MonoDefer.subscribe(MonoDefer.java:52)
		at reactor.core.publisher.InternalMonoOperator.subscribe(InternalMonoOperator.java:64)
		at reactor.core.publisher.MonoDefer.subscribe(MonoDefer.java:52)
		at reactor.core.publisher.Mono.subscribe(Mono.java:4361)
		at reactor.core.publisher.FluxSwitchIfEmpty$SwitchIfEmptySubscriber.onComplete(FluxSwitchIfEmpty.java:82)
		at reactor.core.publisher.MonoPeekTerminal$MonoTerminalPeekSubscriber.onComplete(MonoPeekTerminal.java:299)
		at reactor.core.publisher.MonoPeekTerminal$MonoTerminalPeekSubscriber.onComplete(MonoPeekTerminal.java:299)
		at reactor.core.publisher.MonoFlatMap$FlatMapMain.onNext(MonoFlatMap.java:148)
		at reactor.core.publisher.FluxSwitchIfEmpty$SwitchIfEmptySubscriber.onNext(FluxSwitchIfEmpty.java:74)
		at reactor.core.publisher.FluxFilterFuseable$FilterFuseableSubscriber.onNext(FluxFilterFuseable.java:118)
		at reactor.core.publisher.FluxDefaultIfEmpty$DefaultIfEmptySubscriber.onNext(FluxDefaultIfEmpty.java:101)
		at reactor.core.publisher.MonoNext$NextSubscriber.onNext(MonoNext.java:82)
		at reactor.core.publisher.FluxConcatMap$ConcatMapImmediate.innerNext(FluxConcatMap.java:282)
		at reactor.core.publisher.FluxConcatMap$ConcatMapInner.onNext(FluxConcatMap.java:861)
		at org.springframework.security.test.context.support.ReactorContextTestExecutionListener$DelegateTestExecutionListener$SecuritySubContext.onNext(ReactorContextTestExecutionListener.java:120)
		at reactor.core.publisher.Operators$MonoSubscriber.complete(Operators.java:1816)
		at reactor.core.publisher.MonoFlatMap$FlatMapMain.onNext(MonoFlatMap.java:151)
		at reactor.core.publisher.FluxMapFuseable$MapFuseableSubscriber.onNext(FluxMapFuseable.java:127)
		at reactor.core.publisher.FluxFilterFuseable$FilterFuseableSubscriber.onNext(FluxFilterFuseable.java:118)
		at reactor.core.publisher.FluxPeekFuseable$PeekFuseableConditionalSubscriber.onNext(FluxPeekFuseable.java:503)
		at reactor.core.publisher.FluxSwitchIfEmpty$SwitchIfEmptySubscriber.onNext(FluxSwitchIfEmpty.java:74)
		at reactor.core.publisher.MonoNext$NextSubscriber.onNext(MonoNext.java:82)
		at reactor.core.publisher.FluxFilterFuseable$FilterFuseableSubscriber.onNext(FluxFilterFuseable.java:118)
		at reactor.core.publisher.FluxFlatMap$FlatMapMain.tryEmitScalar(FluxFlatMap.java:488)
		at reactor.core.publisher.FluxFlatMap$FlatMapMain.onNext(FluxFlatMap.java:421)
		at reactor.core.publisher.FluxPeekFuseable$PeekFuseableSubscriber.onNext(FluxPeekFuseable.java:210)
		at reactor.core.publisher.FluxIterable$IterableSubscription.slowPath(FluxIterable.java:272)
		at reactor.core.publisher.FluxIterable$IterableSubscription.request(FluxIterable.java:230)
		at reactor.core.publisher.FluxPeekFuseable$PeekFuseableSubscriber.request(FluxPeekFuseable.java:144)
		at reactor.core.publisher.FluxFlatMap$FlatMapMain.onSubscribe(FluxFlatMap.java:371)
		at reactor.core.publisher.FluxPeekFuseable$PeekFuseableSubscriber.onSubscribe(FluxPeekFuseable.java:178)
		at reactor.core.publisher.FluxIterable.subscribe(FluxIterable.java:165)
		at reactor.core.publisher.FluxIterable.subscribe(FluxIterable.java:87)
		at reactor.core.publisher.Mono.subscribe(Mono.java:4361)
		at reactor.core.publisher.FluxConcatMap$ConcatMapImmediate.drain(FluxConcatMap.java:449)
		at reactor.core.publisher.FluxConcatMap$ConcatMapImmediate.onSubscribe(FluxConcatMap.java:219)
		at reactor.core.publisher.FluxIterable.subscribe(FluxIterable.java:165)
		at reactor.core.publisher.FluxIterable.subscribe(FluxIterable.java:87)
		at reactor.core.publisher.InternalMonoOperator.subscribe(InternalMonoOperator.java:64)
		at reactor.core.publisher.MonoDefer.subscribe(MonoDefer.java:52)
		at reactor.core.publisher.InternalMonoOperator.subscribe(InternalMonoOperator.java:64)
		at reactor.core.publisher.MonoDefer.subscribe(MonoDefer.java:52)
		at reactor.core.publisher.Mono.subscribe(Mono.java:4361)
		at reactor.core.publisher.MonoIgnoreThen$ThenIgnoreMain.subscribeNext(MonoIgnoreThen.java:255)
		at reactor.core.publisher.MonoIgnoreThen.subscribe(MonoIgnoreThen.java:51)
		at reactor.core.publisher.Mono.subscribe(Mono.java:4361)
		at reactor.core.publisher.FluxSwitchIfEmpty$SwitchIfEmptySubscriber.onComplete(FluxSwitchIfEmpty.java:82)
		at reactor.core.publisher.FluxFilterFuseable$FilterFuseableSubscriber.onComplete(FluxFilterFuseable.java:171)
		at reactor.core.publisher.FluxPeekFuseable$PeekFuseableConditionalSubscriber.onComplete(FluxPeekFuseable.java:595)
		at reactor.core.publisher.FluxSwitchIfEmpty$SwitchIfEmptySubscriber.onComplete(FluxSwitchIfEmpty.java:85)
		at org.springframework.security.test.context.support.ReactorContextTestExecutionListener$DelegateTestExecutionListener$SecuritySubContext.onComplete(ReactorContextTestExecutionListener.java:130)
		at reactor.core.publisher.Operators$ScalarSubscription.request(Operators.java:2400)
		at reactor.core.publisher.Operators$MultiSubscriptionSubscriber.set(Operators.java:2194)
		at reactor.core.publisher.Operators$MultiSubscriptionSubscriber.onSubscribe(Operators.java:2068)
		at org.springframework.security.test.context.support.ReactorContextTestExecutionListener$DelegateTestExecutionListener$SecuritySubContext.onSubscribe(ReactorContextTestExecutionListener.java:115)
		at reactor.core.publisher.MonoJust.subscribe(MonoJust.java:55)
		at reactor.core.publisher.Mono.subscribe(Mono.java:4361)
		at reactor.core.publisher.FluxSwitchIfEmpty$SwitchIfEmptySubscriber.onComplete(FluxSwitchIfEmpty.java:82)
		at reactor.core.publisher.MonoNext$NextSubscriber.onComplete(MonoNext.java:102)
		at reactor.core.publisher.FluxFilterFuseable$FilterFuseableSubscriber.onComplete(FluxFilterFuseable.java:171)
		at reactor.core.publisher.FluxFlatMap$FlatMapMain.checkTerminated(FluxFlatMap.java:846)
		at reactor.core.publisher.FluxFlatMap$FlatMapMain.drainLoop(FluxFlatMap.java:608)
		at reactor.core.publisher.FluxFlatMap$FlatMapMain.drain(FluxFlatMap.java:588)
		at reactor.core.publisher.FluxFlatMap$FlatMapMain.onComplete(FluxFlatMap.java:465)
		at reactor.core.publisher.FluxPeekFuseable$PeekFuseableSubscriber.onComplete(FluxPeekFuseable.java:277)
		at reactor.core.publisher.FluxIterable$IterableSubscription.slowPath(FluxIterable.java:294)
		at reactor.core.publisher.FluxIterable$IterableSubscription.request(FluxIterable.java:230)
		at reactor.core.publisher.FluxPeekFuseable$PeekFuseableSubscriber.request(FluxPeekFuseable.java:144)
		at reactor.core.publisher.FluxFlatMap$FlatMapMain.onSubscribe(FluxFlatMap.java:371)
		at reactor.core.publisher.FluxPeekFuseable$PeekFuseableSubscriber.onSubscribe(FluxPeekFuseable.java:178)
		at reactor.core.publisher.FluxIterable.subscribe(FluxIterable.java:165)
		at reactor.core.publisher.FluxIterable.subscribe(FluxIterable.java:87)
		at reactor.core.publisher.InternalMonoOperator.subscribe(InternalMonoOperator.java:64)
		at reactor.core.publisher.MonoDefer.subscribe(MonoDefer.java:52)
		at reactor.core.publisher.InternalMonoOperator.subscribe(InternalMonoOperator.java:64)
		at reactor.core.publisher.MonoFlatMap$FlatMapMain.onNext(MonoFlatMap.java:157)
		at reactor.core.publisher.Operators$MonoSubscriber.complete(Operators.java:1816)
		at reactor.core.publisher.FluxDefaultIfEmpty$DefaultIfEmptySubscriber.onComplete(FluxDefaultIfEmpty.java:109)
		at reactor.core.publisher.FluxMapFuseable$MapFuseableSubscriber.onComplete(FluxMapFuseable.java:150)
		at reactor.core.publisher.FluxMapFuseable$MapFuseableSubscriber.onComplete(FluxMapFuseable.java:150)
		at reactor.core.publisher.FluxFilterFuseable$FilterFuseableSubscriber.onComplete(FluxFilterFuseable.java:171)
		at reactor.core.publisher.FluxMapFuseable$MapFuseableConditionalSubscriber.onComplete(FluxMapFuseable.java:344)
		at reactor.core.publisher.Operators$MonoSubscriber.complete(Operators.java:1817)
		at reactor.core.publisher.MonoCacheTime$CoordinatorSubscriber.signalCached(MonoCacheTime.java:337)
		at reactor.core.publisher.MonoCacheTime$CoordinatorSubscriber.onNext(MonoCacheTime.java:354)
		at reactor.core.publisher.FluxPeekFuseable$PeekFuseableSubscriber.onNext(FluxPeekFuseable.java:210)
		at reactor.core.publisher.FluxSwitchIfEmpty$SwitchIfEmptySubscriber.onNext(FluxSwitchIfEmpty.java:74)
		at org.springframework.security.test.context.support.ReactorContextTestExecutionListener$DelegateTestExecutionListener$SecuritySubContext.onNext(ReactorContextTestExecutionListener.java:120)
		at reactor.core.publisher.MonoPublishOn$PublishOnSubscriber.run(MonoPublishOn.java:181)
		at reactor.core.scheduler.SchedulerTask.call(SchedulerTask.java:68)
		at reactor.core.scheduler.SchedulerTask.call(SchedulerTask.java:28)
		at java.base/java.util.concurrent.FutureTask.run(FutureTask.java:264)
		at java.base/java.util.concurrent.ScheduledThreadPoolExecutor$ScheduledFutureTask.run(ScheduledThreadPoolExecutor.java:304)
		at java.base/java.util.concurrent.ThreadPoolExecutor.runWorker(ThreadPoolExecutor.java:1128)
		at java.base/java.util.concurrent.ThreadPoolExecutor$Worker.run(ThreadPoolExecutor.java:628)
		at java.base/java.lang.Thread.run(Thread.java:829)

]]></system-out>
  </testcase>
  <testcase name="testGetUnknownAccount" classname="com.reddot.gateway.web.rest.AccountResourceIT" time="0.027">
    <system-out><![CDATA[2021-10-26 00:47:15.674 ERROR 29356 --- [     parallel-8] o.z.problem.spring.common.AdviceTraits   : Internal Server Error

com.reddot.gateway.web.rest.AccountResource$AccountResourceException: User could not be found
	at com.reddot.gateway.web.rest.AccountResource.getAccount(AccountResource.java:104)
	Suppressed: reactor.core.publisher.FluxOnAssembly$OnAssemblyException: 
Assembly trace from producer [reactor.core.publisher.MonoError] :
	reactor.core.publisher.Mono.error(Mono.java:313)
	com.reddot.gateway.web.rest.AccountResource.getAccount(AccountResource.java:105)
Error has been observed at the following site(s):
	|_         Mono.error ? at com.reddot.gateway.web.rest.AccountResource.getAccount(AccountResource.java:105)
	|_ Mono.switchIfEmpty ? at com.reddot.gateway.web.rest.AccountResource.getAccount(AccountResource.java:105)
	|_           Mono.map ? at org.springframework.http.codec.json.AbstractJackson2Encoder.encode(AbstractJackson2Encoder.java:150)
	|_          Mono.flux ? at org.springframework.http.codec.json.AbstractJackson2Encoder.encode(AbstractJackson2Encoder.java:151)
	|_ Flux.singleOrEmpty ? at org.springframework.http.codec.EncoderHttpMessageWriter.write(EncoderHttpMessageWriter.java:129)
	|_ Mono.switchIfEmpty ? at org.springframework.http.codec.EncoderHttpMessageWriter.write(EncoderHttpMessageWriter.java:130)
	|_       Mono.flatMap ? at org.springframework.http.codec.EncoderHttpMessageWriter.write(EncoderHttpMessageWriter.java:134)
	|_         checkpoint ? Handler com.reddot.gateway.web.rest.AccountResource#getAccount() [DispatcherHandler]
Stack trace:
		at com.reddot.gateway.web.rest.AccountResource.getAccount(AccountResource.java:104)
		at java.base/jdk.internal.reflect.NativeMethodAccessorImpl.invoke0(Native Method)
		at java.base/jdk.internal.reflect.NativeMethodAccessorImpl.invoke(NativeMethodAccessorImpl.java:62)
		at java.base/jdk.internal.reflect.DelegatingMethodAccessorImpl.invoke(DelegatingMethodAccessorImpl.java:43)
		at java.base/java.lang.reflect.Method.invoke(Method.java:566)
		at org.springframework.web.reactive.result.method.InvocableHandlerMethod.lambda$invoke$0(InvocableHandlerMethod.java:144)
		at reactor.core.publisher.FluxFlatMap.trySubscribeScalarMap(FluxFlatMap.java:152)
		at reactor.core.publisher.MonoFlatMap.subscribeOrReturn(MonoFlatMap.java:53)
		at reactor.core.publisher.InternalMonoOperator.subscribe(InternalMonoOperator.java:57)
		at reactor.core.publisher.MonoDefer.subscribe(MonoDefer.java:52)
		at reactor.core.publisher.InternalMonoOperator.subscribe(InternalMonoOperator.java:64)
		at reactor.core.publisher.MonoIgnoreThen$ThenIgnoreMain.subscribeNext(MonoIgnoreThen.java:236)
		at reactor.core.publisher.MonoIgnoreThen$ThenIgnoreMain.onComplete(MonoIgnoreThen.java:203)
		at org.springframework.security.test.context.support.ReactorContextTestExecutionListener$DelegateTestExecutionListener$SecuritySubContext.onComplete(ReactorContextTestExecutionListener.java:130)
		at reactor.core.publisher.MonoFlatMap$FlatMapMain.onComplete(MonoFlatMap.java:181)
		at reactor.core.publisher.Operators.complete(Operators.java:137)
		at reactor.core.publisher.MonoZip.subscribe(MonoZip.java:120)
		at reactor.core.publisher.Mono.subscribe(Mono.java:4361)
		at reactor.core.publisher.MonoIgnoreThen$ThenIgnoreMain.subscribeNext(MonoIgnoreThen.java:255)
		at reactor.core.publisher.MonoIgnoreThen.subscribe(MonoIgnoreThen.java:51)
		at reactor.core.publisher.InternalMonoOperator.subscribe(InternalMonoOperator.java:64)
		at reactor.core.publisher.MonoFlatMap$FlatMapMain.onNext(MonoFlatMap.java:157)
		at reactor.core.publisher.FluxSwitchIfEmpty$SwitchIfEmptySubscriber.onNext(FluxSwitchIfEmpty.java:74)
		at reactor.core.publisher.MonoNext$NextSubscriber.onNext(MonoNext.java:82)
		at reactor.core.publisher.FluxConcatMap$ConcatMapImmediate.innerNext(FluxConcatMap.java:282)
		at reactor.core.publisher.FluxConcatMap$ConcatMapInner.onNext(FluxConcatMap.java:861)
		at org.springframework.security.test.context.support.ReactorContextTestExecutionListener$DelegateTestExecutionListener$SecuritySubContext.onNext(ReactorContextTestExecutionListener.java:120)
		at reactor.core.publisher.FluxMapFuseable$MapFuseableSubscriber.onNext(FluxMapFuseable.java:127)
		at reactor.core.publisher.MonoPeekTerminal$MonoTerminalPeekSubscriber.onNext(MonoPeekTerminal.java:180)
		at reactor.core.publisher.Operators$ScalarSubscription.request(Operators.java:2398)
		at reactor.core.publisher.MonoPeekTerminal$MonoTerminalPeekSubscriber.request(MonoPeekTerminal.java:139)
		at reactor.core.publisher.FluxMapFuseable$MapFuseableSubscriber.request(FluxMapFuseable.java:169)
		at reactor.core.publisher.Operators$MultiSubscriptionSubscriber.set(Operators.java:2194)
		at reactor.core.publisher.Operators$MultiSubscriptionSubscriber.onSubscribe(Operators.java:2068)
		at org.springframework.security.test.context.support.ReactorContextTestExecutionListener$DelegateTestExecutionListener$SecuritySubContext.onSubscribe(ReactorContextTestExecutionListener.java:115)
		at reactor.core.publisher.FluxMapFuseable$MapFuseableSubscriber.onSubscribe(FluxMapFuseable.java:96)
		at reactor.core.publisher.MonoPeekTerminal$MonoTerminalPeekSubscriber.onSubscribe(MonoPeekTerminal.java:152)
		at reactor.core.publisher.MonoJust.subscribe(MonoJust.java:55)
		at reactor.core.publisher.Mono.subscribe(Mono.java:4361)
		at reactor.core.publisher.FluxConcatMap$ConcatMapImmediate.drain(FluxConcatMap.java:449)
		at reactor.core.publisher.FluxConcatMap$ConcatMapImmediate.onSubscribe(FluxConcatMap.java:219)
		at reactor.core.publisher.FluxIterable.subscribe(FluxIterable.java:165)
		at reactor.core.publisher.FluxIterable.subscribe(FluxIterable.java:87)
		at reactor.core.publisher.InternalMonoOperator.subscribe(InternalMonoOperator.java:64)
		at reactor.core.publisher.MonoDefer.subscribe(MonoDefer.java:52)
		at reactor.core.publisher.InternalMonoOperator.subscribe(InternalMonoOperator.java:64)
		at reactor.core.publisher.MonoDefer.subscribe(MonoDefer.java:52)
		at reactor.core.publisher.InternalMonoOperator.subscribe(InternalMonoOperator.java:64)
		at reactor.core.publisher.MonoDefer.subscribe(MonoDefer.java:52)
		at reactor.core.publisher.InternalMonoOperator.subscribe(InternalMonoOperator.java:64)
		at reactor.core.publisher.MonoDefer.subscribe(MonoDefer.java:52)
		at reactor.core.publisher.InternalMonoOperator.subscribe(InternalMonoOperator.java:64)
		at reactor.core.publisher.MonoDefer.subscribe(MonoDefer.java:52)
		at reactor.core.publisher.InternalMonoOperator.subscribe(InternalMonoOperator.java:64)
		at reactor.core.publisher.MonoDefer.subscribe(MonoDefer.java:52)
		at reactor.core.publisher.Mono.subscribe(Mono.java:4361)
		at reactor.core.publisher.FluxSwitchIfEmpty$SwitchIfEmptySubscriber.onComplete(FluxSwitchIfEmpty.java:82)
		at reactor.core.publisher.MonoPeekTerminal$MonoTerminalPeekSubscriber.onComplete(MonoPeekTerminal.java:299)
		at reactor.core.publisher.MonoPeekTerminal$MonoTerminalPeekSubscriber.onComplete(MonoPeekTerminal.java:299)
		at reactor.core.publisher.MonoFlatMap$FlatMapMain.onNext(MonoFlatMap.java:148)
		at reactor.core.publisher.FluxSwitchIfEmpty$SwitchIfEmptySubscriber.onNext(FluxSwitchIfEmpty.java:74)
		at reactor.core.publisher.FluxFilterFuseable$FilterFuseableSubscriber.onNext(FluxFilterFuseable.java:118)
		at reactor.core.publisher.FluxDefaultIfEmpty$DefaultIfEmptySubscriber.onNext(FluxDefaultIfEmpty.java:101)
		at reactor.core.publisher.MonoNext$NextSubscriber.onNext(MonoNext.java:82)
		at reactor.core.publisher.FluxConcatMap$ConcatMapImmediate.innerNext(FluxConcatMap.java:282)
		at reactor.core.publisher.FluxConcatMap$ConcatMapInner.onNext(FluxConcatMap.java:861)
		at org.springframework.security.test.context.support.ReactorContextTestExecutionListener$DelegateTestExecutionListener$SecuritySubContext.onNext(ReactorContextTestExecutionListener.java:120)
		at reactor.core.publisher.Operators$MonoSubscriber.complete(Operators.java:1816)
		at reactor.core.publisher.MonoFlatMap$FlatMapInner.onNext(MonoFlatMap.java:249)
		at reactor.core.publisher.FluxDefaultIfEmpty$DefaultIfEmptySubscriber.onNext(FluxDefaultIfEmpty.java:101)
		at reactor.core.publisher.FluxMapFuseable$MapFuseableSubscriber.onNext(FluxMapFuseable.java:127)
		at reactor.core.publisher.FluxFilterFuseable$FilterFuseableSubscriber.onNext(FluxFilterFuseable.java:118)
		at reactor.core.publisher.FluxMapFuseable$MapFuseableConditionalSubscriber.onNext(FluxMapFuseable.java:295)
		at reactor.core.publisher.FluxFilterFuseable$FilterFuseableConditionalSubscriber.onNext(FluxFilterFuseable.java:337)
		at reactor.core.publisher.Operators$MonoSubscriber.complete(Operators.java:1816)
		at reactor.core.publisher.MonoFlatMap$FlatMapMain.onNext(MonoFlatMap.java:151)
		at reactor.core.publisher.FluxFilterFuseable$FilterFuseableSubscriber.onNext(FluxFilterFuseable.java:118)
		at reactor.core.publisher.Operators$ScalarSubscription.request(Operators.java:2398)
		at reactor.core.publisher.FluxFilterFuseable$FilterFuseableSubscriber.request(FluxFilterFuseable.java:191)
		at reactor.core.publisher.MonoFlatMap$FlatMapMain.onSubscribe(MonoFlatMap.java:110)
		at reactor.core.publisher.FluxFilterFuseable$FilterFuseableSubscriber.onSubscribe(FluxFilterFuseable.java:87)
		at reactor.core.publisher.MonoCurrentContext.subscribe(MonoCurrentContext.java:36)
		at reactor.core.publisher.InternalMonoOperator.subscribe(InternalMonoOperator.java:64)
		at reactor.core.publisher.MonoFlatMap$FlatMapMain.onNext(MonoFlatMap.java:157)
		at reactor.core.publisher.FluxMapFuseable$MapFuseableSubscriber.onNext(FluxMapFuseable.java:127)
		at reactor.core.publisher.FluxFilterFuseable$FilterFuseableSubscriber.onNext(FluxFilterFuseable.java:118)
		at reactor.core.publisher.FluxPeekFuseable$PeekFuseableConditionalSubscriber.onNext(FluxPeekFuseable.java:503)
		at reactor.core.publisher.FluxSwitchIfEmpty$SwitchIfEmptySubscriber.onNext(FluxSwitchIfEmpty.java:74)
		at reactor.core.publisher.MonoNext$NextSubscriber.onNext(MonoNext.java:82)
		at reactor.core.publisher.FluxFilterFuseable$FilterFuseableSubscriber.onNext(FluxFilterFuseable.java:118)
		at reactor.core.publisher.FluxFlatMap$FlatMapMain.tryEmitScalar(FluxFlatMap.java:488)
		at reactor.core.publisher.FluxFlatMap$FlatMapMain.onNext(FluxFlatMap.java:421)
		at reactor.core.publisher.FluxPeekFuseable$PeekFuseableSubscriber.onNext(FluxPeekFuseable.java:210)
		at reactor.core.publisher.FluxIterable$IterableSubscription.slowPath(FluxIterable.java:272)
		at reactor.core.publisher.FluxIterable$IterableSubscription.request(FluxIterable.java:230)
		at reactor.core.publisher.FluxPeekFuseable$PeekFuseableSubscriber.request(FluxPeekFuseable.java:144)
		at reactor.core.publisher.FluxFlatMap$FlatMapMain.onSubscribe(FluxFlatMap.java:371)
		at reactor.core.publisher.FluxPeekFuseable$PeekFuseableSubscriber.onSubscribe(FluxPeekFuseable.java:178)
		at reactor.core.publisher.FluxIterable.subscribe(FluxIterable.java:165)
		at reactor.core.publisher.FluxIterable.subscribe(FluxIterable.java:87)
		at reactor.core.publisher.Mono.subscribe(Mono.java:4361)
		at reactor.core.publisher.FluxConcatMap$ConcatMapImmediate.drain(FluxConcatMap.java:449)
		at reactor.core.publisher.FluxConcatMap$ConcatMapImmediate.onSubscribe(FluxConcatMap.java:219)
		at reactor.core.publisher.FluxIterable.subscribe(FluxIterable.java:165)
		at reactor.core.publisher.FluxIterable.subscribe(FluxIterable.java:87)
		at reactor.core.publisher.InternalMonoOperator.subscribe(InternalMonoOperator.java:64)
		at reactor.core.publisher.MonoDefer.subscribe(MonoDefer.java:52)
		at reactor.core.publisher.InternalMonoOperator.subscribe(InternalMonoOperator.java:64)
		at reactor.core.publisher.MonoDefer.subscribe(MonoDefer.java:52)
		at reactor.core.publisher.Mono.subscribe(Mono.java:4361)
		at reactor.core.publisher.MonoIgnoreThen$ThenIgnoreMain.subscribeNext(MonoIgnoreThen.java:255)
		at reactor.core.publisher.MonoIgnoreThen.subscribe(MonoIgnoreThen.java:51)
		at reactor.core.publisher.Mono.subscribe(Mono.java:4361)
		at reactor.core.publisher.FluxSwitchIfEmpty$SwitchIfEmptySubscriber.onComplete(FluxSwitchIfEmpty.java:82)
		at reactor.core.publisher.FluxFilterFuseable$FilterFuseableSubscriber.onComplete(FluxFilterFuseable.java:171)
		at reactor.core.publisher.FluxPeekFuseable$PeekFuseableConditionalSubscriber.onComplete(FluxPeekFuseable.java:595)
		at reactor.core.publisher.FluxSwitchIfEmpty$SwitchIfEmptySubscriber.onComplete(FluxSwitchIfEmpty.java:85)
		at org.springframework.security.test.context.support.ReactorContextTestExecutionListener$DelegateTestExecutionListener$SecuritySubContext.onComplete(ReactorContextTestExecutionListener.java:130)
		at reactor.core.publisher.Operators$ScalarSubscription.request(Operators.java:2400)
		at reactor.core.publisher.Operators$MultiSubscriptionSubscriber.set(Operators.java:2194)
		at reactor.core.publisher.Operators$MultiSubscriptionSubscriber.onSubscribe(Operators.java:2068)
		at org.springframework.security.test.context.support.ReactorContextTestExecutionListener$DelegateTestExecutionListener$SecuritySubContext.onSubscribe(ReactorContextTestExecutionListener.java:115)
		at reactor.core.publisher.MonoJust.subscribe(MonoJust.java:55)
		at reactor.core.publisher.Mono.subscribe(Mono.java:4361)
		at reactor.core.publisher.FluxSwitchIfEmpty$SwitchIfEmptySubscriber.onComplete(FluxSwitchIfEmpty.java:82)
		at reactor.core.publisher.MonoNext$NextSubscriber.onComplete(MonoNext.java:102)
		at reactor.core.publisher.FluxFilterFuseable$FilterFuseableSubscriber.onComplete(FluxFilterFuseable.java:171)
		at reactor.core.publisher.FluxFlatMap$FlatMapMain.checkTerminated(FluxFlatMap.java:846)
		at reactor.core.publisher.FluxFlatMap$FlatMapMain.drainLoop(FluxFlatMap.java:608)
		at reactor.core.publisher.FluxFlatMap$FlatMapMain.drain(FluxFlatMap.java:588)
		at reactor.core.publisher.FluxFlatMap$FlatMapMain.onComplete(FluxFlatMap.java:465)
		at reactor.core.publisher.FluxPeekFuseable$PeekFuseableSubscriber.onComplete(FluxPeekFuseable.java:277)
		at reactor.core.publisher.FluxIterable$IterableSubscription.slowPath(FluxIterable.java:294)
		at reactor.core.publisher.FluxIterable$IterableSubscription.request(FluxIterable.java:230)
		at reactor.core.publisher.FluxPeekFuseable$PeekFuseableSubscriber.request(FluxPeekFuseable.java:144)
		at reactor.core.publisher.FluxFlatMap$FlatMapMain.onSubscribe(FluxFlatMap.java:371)
		at reactor.core.publisher.FluxPeekFuseable$PeekFuseableSubscriber.onSubscribe(FluxPeekFuseable.java:178)
		at reactor.core.publisher.FluxIterable.subscribe(FluxIterable.java:165)
		at reactor.core.publisher.FluxIterable.subscribe(FluxIterable.java:87)
		at reactor.core.publisher.InternalMonoOperator.subscribe(InternalMonoOperator.java:64)
		at reactor.core.publisher.MonoDefer.subscribe(MonoDefer.java:52)
		at reactor.core.publisher.InternalMonoOperator.subscribe(InternalMonoOperator.java:64)
		at reactor.core.publisher.MonoFlatMap$FlatMapMain.onNext(MonoFlatMap.java:157)
		at reactor.core.publisher.Operators$MonoSubscriber.complete(Operators.java:1816)
		at reactor.core.publisher.FluxDefaultIfEmpty$DefaultIfEmptySubscriber.onComplete(FluxDefaultIfEmpty.java:109)
		at reactor.core.publisher.FluxMapFuseable$MapFuseableSubscriber.onComplete(FluxMapFuseable.java:150)
		at reactor.core.publisher.FluxMapFuseable$MapFuseableSubscriber.onComplete(FluxMapFuseable.java:150)
		at reactor.core.publisher.FluxFilterFuseable$FilterFuseableSubscriber.onComplete(FluxFilterFuseable.java:171)
		at reactor.core.publisher.FluxMapFuseable$MapFuseableConditionalSubscriber.onComplete(FluxMapFuseable.java:344)
		at reactor.core.publisher.Operators$MonoSubscriber.complete(Operators.java:1817)
		at reactor.core.publisher.MonoCacheTime$CoordinatorSubscriber.signalCached(MonoCacheTime.java:337)
		at reactor.core.publisher.MonoCacheTime$CoordinatorSubscriber.onNext(MonoCacheTime.java:354)
		at reactor.core.publisher.FluxPeekFuseable$PeekFuseableSubscriber.onNext(FluxPeekFuseable.java:210)
		at reactor.core.publisher.FluxSwitchIfEmpty$SwitchIfEmptySubscriber.onNext(FluxSwitchIfEmpty.java:74)
		at org.springframework.security.test.context.support.ReactorContextTestExecutionListener$DelegateTestExecutionListener$SecuritySubContext.onNext(ReactorContextTestExecutionListener.java:120)
		at reactor.core.publisher.MonoPublishOn$PublishOnSubscriber.run(MonoPublishOn.java:181)
		at reactor.core.scheduler.SchedulerTask.call(SchedulerTask.java:68)
		at reactor.core.scheduler.SchedulerTask.call(SchedulerTask.java:28)
		at java.base/java.util.concurrent.FutureTask.run(FutureTask.java:264)
		at java.base/java.util.concurrent.ScheduledThreadPoolExecutor$ScheduledFutureTask.run(ScheduledThreadPoolExecutor.java:304)
		at java.base/java.util.concurrent.ThreadPoolExecutor.runWorker(ThreadPoolExecutor.java:1128)
		at java.base/java.util.concurrent.ThreadPoolExecutor$Worker.run(ThreadPoolExecutor.java:628)
		at java.base/java.lang.Thread.run(Thread.java:829)

]]></system-out>
  </testcase>
  <testcase name="testChangePassword" classname="com.reddot.gateway.web.rest.AccountResourceIT" time="0.272"/>
  <testcase name="testChangePasswordTooSmall" classname="com.reddot.gateway.web.rest.AccountResourceIT" time="0.077">
    <system-out><![CDATA[2021-10-26 00:47:16.029  WARN 29356 --- [     parallel-4] o.z.problem.spring.common.AdviceTraits   : Bad Request: Incorrect password
]]></system-out>
  </testcase>
  <testcase name="testChangePasswordTooLong" classname="com.reddot.gateway.web.rest.AccountResourceIT" time="0.075">
    <system-out><![CDATA[2021-10-26 00:47:16.104  WARN 29356 --- [     parallel-6] o.z.problem.spring.common.AdviceTraits   : Bad Request: Incorrect password
]]></system-out>
  </testcase>
  <testcase name="testChangePasswordEmpty" classname="com.reddot.gateway.web.rest.AccountResourceIT" time="0.072">
    <system-out><![CDATA[2021-10-26 00:47:16.176  WARN 29356 --- [     parallel-8] o.z.problem.spring.common.AdviceTraits   : Bad Request: Incorrect password
]]></system-out>
  </testcase>
  <testcase name="testRegisterDuplicateEmail" classname="com.reddot.gateway.web.rest.AccountResourceIT" time="0.255">
    <system-out><![CDATA[2021-10-26 00:47:16.434 ERROR 29356 --- [oundedElastic-1] tech.jhipster.web.util.HeaderUtil        : Entity processing failed, Email is already in use!
2021-10-26 00:47:16.435  WARN 29356 --- [oundedElastic-1] o.z.problem.spring.common.AdviceTraits   : Bad Request: Email is already in use!
]]></system-out>
  </testcase>
  <testcase name="testRegisterDuplicateLogin" classname="com.reddot.gateway.web.rest.AccountResourceIT" time="0.203">
    <system-out><![CDATA[2021-10-26 00:47:16.612 ERROR 29356 --- [oundedElastic-1] tech.jhipster.web.util.HeaderUtil        : Entity processing failed, Login name already used!
2021-10-26 00:47:16.612  WARN 29356 --- [oundedElastic-1] o.z.problem.spring.common.AdviceTraits   : Bad Request: Login name already used!
]]></system-out>
  </testcase>
  <testcase name="testAuthenticatedUser" classname="com.reddot.gateway.web.rest.AccountResourceIT" time="0.024"/>
  <testcase name="testActivateAccount" classname="com.reddot.gateway.web.rest.AccountResourceIT" time="0.027"/>
  <testcase name="testRequestPasswordResetWrongEmail" classname="com.reddot.gateway.web.rest.AccountResourceIT" time="0.014">
    <system-out><![CDATA[2021-10-26 00:47:16.706  WARN 29356 --- [oundedElastic-1] c.r.gateway.web.rest.AccountResource     : Password reset requested for non existing mail
]]></system-out>
  </testcase>
  <testcase name="testRegisterValid" classname="com.reddot.gateway.web.rest.AccountResourceIT" time="0.092"/>
  <testcase name="testNonAuthenticatedUser" classname="com.reddot.gateway.web.rest.AccountResourceIT" time="0.023"/>
  <testcase name="testChangePasswordWrongExistingPassword" classname="com.reddot.gateway.web.rest.AccountResourceIT" time="0.293">
    <system-out><![CDATA[2021-10-26 00:47:16.976  WARN 29356 --- [oundedElastic-1] o.z.problem.spring.common.AdviceTraits   : Bad Request: Incorrect password
]]></system-out>
  </testcase>
  <testcase name="testGetExistingAccount" classname="com.reddot.gateway.web.rest.AccountResourceIT" time="0.163"/>
  <testcase name="testFinishPasswordResetWrongKey" classname="com.reddot.gateway.web.rest.AccountResourceIT" time="0.02">
    <system-out><![CDATA[2021-10-26 00:47:17.298 ERROR 29356 --- [oundedElastic-1] o.z.problem.spring.common.AdviceTraits   : Internal Server Error

com.reddot.gateway.web.rest.AccountResource$AccountResourceException: No user was found for this reset key
	at com.reddot.gateway.web.rest.AccountResource.finishPasswordReset(AccountResource.java:192)
	Suppressed: reactor.core.publisher.FluxOnAssembly$OnAssemblyException: 
Assembly trace from producer [reactor.core.publisher.MonoError] :
	reactor.core.publisher.Mono.error(Mono.java:313)
	com.reddot.gateway.web.rest.AccountResource.finishPasswordReset(AccountResource.java:193)
Error has been observed at the following site(s):
	|_         Mono.error ? at com.reddot.gateway.web.rest.AccountResource.finishPasswordReset(AccountResource.java:193)
	|_ Mono.switchIfEmpty ? at com.reddot.gateway.web.rest.AccountResource.finishPasswordReset(AccountResource.java:193)
	|_          Mono.then ? at com.reddot.gateway.web.rest.AccountResource.finishPasswordReset(AccountResource.java:194)
	|_         checkpoint ? Handler com.reddot.gateway.web.rest.AccountResource#finishPasswordReset(KeyAndPasswordVM) [DispatcherHandler]
Stack trace:
		at com.reddot.gateway.web.rest.AccountResource.finishPasswordReset(AccountResource.java:192)
		at java.base/jdk.internal.reflect.NativeMethodAccessorImpl.invoke0(Native Method)
		at java.base/jdk.internal.reflect.NativeMethodAccessorImpl.invoke(NativeMethodAccessorImpl.java:62)
		at java.base/jdk.internal.reflect.DelegatingMethodAccessorImpl.invoke(DelegatingMethodAccessorImpl.java:43)
		at java.base/java.lang.reflect.Method.invoke(Method.java:566)
		at org.springframework.web.reactive.result.method.InvocableHandlerMethod.lambda$invoke$0(InvocableHandlerMethod.java:144)
		at reactor.core.publisher.MonoFlatMap$FlatMapMain.onNext(MonoFlatMap.java:125)
		at reactor.core.publisher.Operators$MonoSubscriber.complete(Operators.java:1816)
		at reactor.core.publisher.MonoZip$ZipCoordinator.signal(MonoZip.java:251)
		at reactor.core.publisher.MonoZip$ZipInner.onNext(MonoZip.java:336)
		at org.springframework.security.test.context.support.ReactorContextTestExecutionListener$DelegateTestExecutionListener$SecuritySubContext.onNext(ReactorContextTestExecutionListener.java:120)
		at reactor.core.publisher.MonoPeekTerminal$MonoTerminalPeekSubscriber.onNext(MonoPeekTerminal.java:180)
		at reactor.core.publisher.FluxDefaultIfEmpty$DefaultIfEmptySubscriber.onNext(FluxDefaultIfEmpty.java:101)
		at reactor.core.publisher.FluxSwitchIfEmpty$SwitchIfEmptySubscriber.onNext(FluxSwitchIfEmpty.java:74)
		at reactor.core.publisher.FluxOnErrorResume$ResumeSubscriber.onNext(FluxOnErrorResume.java:79)
		at reactor.core.publisher.Operators$MonoSubscriber.complete(Operators.java:1816)
		at reactor.core.publisher.MonoFlatMap$FlatMapMain.onNext(MonoFlatMap.java:151)
		at reactor.core.publisher.FluxContextWrite$ContextWriteSubscriber.onNext(FluxContextWrite.java:107)
		at reactor.core.publisher.FluxMapFuseable$MapFuseableConditionalSubscriber.onNext(FluxMapFuseable.java:295)
		at reactor.core.publisher.FluxFilterFuseable$FilterFuseableConditionalSubscriber.onNext(FluxFilterFuseable.java:337)
		at reactor.core.publisher.Operators$MonoSubscriber.complete(Operators.java:1816)
		at reactor.core.publisher.MonoCollect$CollectSubscriber.onComplete(MonoCollect.java:159)
		at reactor.core.publisher.FluxPeekFuseable$PeekFuseableSubscriber.onComplete(FluxPeekFuseable.java:277)
		at reactor.core.publisher.FluxPeekFuseable$PeekFuseableSubscriber.onComplete(FluxPeekFuseable.java:277)
		at reactor.core.publisher.FluxPeekFuseable$PeekFuseableSubscriber.onComplete(FluxPeekFuseable.java:277)
		at reactor.core.publisher.FluxPeekFuseable$PeekFuseableSubscriber.onComplete(FluxPeekFuseable.java:277)
		at reactor.core.publisher.FluxPeekFuseable$PeekFuseableSubscriber.onComplete(FluxPeekFuseable.java:277)
		at reactor.core.publisher.FluxContextWrite$ContextWriteSubscriber.onComplete(FluxContextWrite.java:126)
		at reactor.core.publisher.Operators$ScalarSubscription.request(Operators.java:2400)
		at reactor.core.publisher.FluxContextWrite$ContextWriteSubscriber.request(FluxContextWrite.java:136)
		at reactor.core.publisher.FluxPeekFuseable$PeekFuseableSubscriber.request(FluxPeekFuseable.java:144)
		at reactor.core.publisher.FluxPeekFuseable$PeekFuseableSubscriber.request(FluxPeekFuseable.java:144)
		at reactor.core.publisher.FluxPeekFuseable$PeekFuseableSubscriber.request(FluxPeekFuseable.java:144)
		at reactor.core.publisher.FluxPeekFuseable$PeekFuseableSubscriber.request(FluxPeekFuseable.java:144)
		at reactor.core.publisher.FluxPeekFuseable$PeekFuseableSubscriber.request(FluxPeekFuseable.java:144)
		at reactor.core.publisher.MonoCollect$CollectSubscriber.onSubscribe(MonoCollect.java:103)
		at reactor.core.publisher.FluxPeekFuseable$PeekFuseableSubscriber.onSubscribe(FluxPeekFuseable.java:178)
		at reactor.core.publisher.FluxPeekFuseable$PeekFuseableSubscriber.onSubscribe(FluxPeekFuseable.java:178)
		at reactor.core.publisher.FluxPeekFuseable$PeekFuseableSubscriber.onSubscribe(FluxPeekFuseable.java:178)
		at reactor.core.publisher.FluxPeekFuseable$PeekFuseableSubscriber.onSubscribe(FluxPeekFuseable.java:178)
		at reactor.core.publisher.FluxPeekFuseable$PeekFuseableSubscriber.onSubscribe(FluxPeekFuseable.java:178)
		at reactor.core.publisher.FluxContextWrite$ContextWriteSubscriber.onSubscribe(FluxContextWrite.java:101)
		at reactor.core.publisher.MonoJust.subscribe(MonoJust.java:55)
		at reactor.core.publisher.Mono.subscribe(Mono.java:4361)
		at reactor.core.publisher.MonoZip.subscribe(MonoZip.java:128)
		at reactor.core.publisher.InternalMonoOperator.subscribe(InternalMonoOperator.java:64)
		at reactor.core.publisher.MonoDefer.subscribe(MonoDefer.java:52)
		at reactor.core.publisher.InternalMonoOperator.subscribe(InternalMonoOperator.java:64)
		at reactor.core.publisher.MonoIgnoreThen$ThenIgnoreMain.subscribeNext(MonoIgnoreThen.java:236)
		at reactor.core.publisher.MonoIgnoreThen$ThenIgnoreMain.onComplete(MonoIgnoreThen.java:203)
		at org.springframework.security.test.context.support.ReactorContextTestExecutionListener$DelegateTestExecutionListener$SecuritySubContext.onComplete(ReactorContextTestExecutionListener.java:130)
		at reactor.core.publisher.MonoFlatMap$FlatMapMain.onComplete(MonoFlatMap.java:181)
		at reactor.core.publisher.Operators.complete(Operators.java:137)
		at reactor.core.publisher.MonoZip.subscribe(MonoZip.java:120)
		at reactor.core.publisher.Mono.subscribe(Mono.java:4361)
		at reactor.core.publisher.MonoIgnoreThen$ThenIgnoreMain.subscribeNext(MonoIgnoreThen.java:255)
		at reactor.core.publisher.MonoIgnoreThen.subscribe(MonoIgnoreThen.java:51)
		at reactor.core.publisher.InternalMonoOperator.subscribe(InternalMonoOperator.java:64)
		at reactor.core.publisher.MonoFlatMap$FlatMapMain.onNext(MonoFlatMap.java:157)
		at reactor.core.publisher.FluxSwitchIfEmpty$SwitchIfEmptySubscriber.onNext(FluxSwitchIfEmpty.java:74)
		at reactor.core.publisher.MonoNext$NextSubscriber.onNext(MonoNext.java:82)
		at reactor.core.publisher.FluxConcatMap$ConcatMapImmediate.innerNext(FluxConcatMap.java:282)
		at reactor.core.publisher.FluxConcatMap$ConcatMapInner.onNext(FluxConcatMap.java:861)
		at org.springframework.security.test.context.support.ReactorContextTestExecutionListener$DelegateTestExecutionListener$SecuritySubContext.onNext(ReactorContextTestExecutionListener.java:120)
		at reactor.core.publisher.FluxMapFuseable$MapFuseableSubscriber.onNext(FluxMapFuseable.java:127)
		at reactor.core.publisher.MonoPeekTerminal$MonoTerminalPeekSubscriber.onNext(MonoPeekTerminal.java:180)
		at reactor.core.publisher.Operators$ScalarSubscription.request(Operators.java:2398)
		at reactor.core.publisher.MonoPeekTerminal$MonoTerminalPeekSubscriber.request(MonoPeekTerminal.java:139)
		at reactor.core.publisher.FluxMapFuseable$MapFuseableSubscriber.request(FluxMapFuseable.java:169)
		at reactor.core.publisher.Operators$MultiSubscriptionSubscriber.set(Operators.java:2194)
		at reactor.core.publisher.Operators$MultiSubscriptionSubscriber.onSubscribe(Operators.java:2068)
		at org.springframework.security.test.context.support.ReactorContextTestExecutionListener$DelegateTestExecutionListener$SecuritySubContext.onSubscribe(ReactorContextTestExecutionListener.java:115)
		at reactor.core.publisher.FluxMapFuseable$MapFuseableSubscriber.onSubscribe(FluxMapFuseable.java:96)
		at reactor.core.publisher.MonoPeekTerminal$MonoTerminalPeekSubscriber.onSubscribe(MonoPeekTerminal.java:152)
		at reactor.core.publisher.MonoJust.subscribe(MonoJust.java:55)
		at reactor.core.publisher.Mono.subscribe(Mono.java:4361)
		at reactor.core.publisher.FluxConcatMap$ConcatMapImmediate.drain(FluxConcatMap.java:449)
		at reactor.core.publisher.FluxConcatMap$ConcatMapImmediate.onSubscribe(FluxConcatMap.java:219)
		at reactor.core.publisher.FluxIterable.subscribe(FluxIterable.java:165)
		at reactor.core.publisher.FluxIterable.subscribe(FluxIterable.java:87)
		at reactor.core.publisher.InternalMonoOperator.subscribe(InternalMonoOperator.java:64)
		at reactor.core.publisher.MonoDefer.subscribe(MonoDefer.java:52)
		at reactor.core.publisher.InternalMonoOperator.subscribe(InternalMonoOperator.java:64)
		at reactor.core.publisher.MonoDefer.subscribe(MonoDefer.java:52)
		at reactor.core.publisher.InternalMonoOperator.subscribe(InternalMonoOperator.java:64)
		at reactor.core.publisher.MonoDefer.subscribe(MonoDefer.java:52)
		at reactor.core.publisher.InternalMonoOperator.subscribe(InternalMonoOperator.java:64)
		at reactor.core.publisher.MonoDefer.subscribe(MonoDefer.java:52)
		at reactor.core.publisher.InternalMonoOperator.subscribe(InternalMonoOperator.java:64)
		at reactor.core.publisher.MonoDefer.subscribe(MonoDefer.java:52)
		at reactor.core.publisher.InternalMonoOperator.subscribe(InternalMonoOperator.java:64)
		at reactor.core.publisher.MonoDefer.subscribe(MonoDefer.java:52)
		at reactor.core.publisher.Mono.subscribe(Mono.java:4361)
		at reactor.core.publisher.FluxSwitchIfEmpty$SwitchIfEmptySubscriber.onComplete(FluxSwitchIfEmpty.java:82)
		at reactor.core.publisher.MonoPeekTerminal$MonoTerminalPeekSubscriber.onComplete(MonoPeekTerminal.java:299)
		at reactor.core.publisher.MonoPeekTerminal$MonoTerminalPeekSubscriber.onComplete(MonoPeekTerminal.java:299)
		at reactor.core.publisher.MonoFlatMap$FlatMapMain.onNext(MonoFlatMap.java:148)
		at reactor.core.publisher.FluxSwitchIfEmpty$SwitchIfEmptySubscriber.onNext(FluxSwitchIfEmpty.java:74)
		at reactor.core.publisher.FluxFilterFuseable$FilterFuseableSubscriber.onNext(FluxFilterFuseable.java:118)
		at reactor.core.publisher.FluxDefaultIfEmpty$DefaultIfEmptySubscriber.onNext(FluxDefaultIfEmpty.java:101)
		at reactor.core.publisher.MonoNext$NextSubscriber.onNext(MonoNext.java:82)
		at reactor.core.publisher.FluxConcatMap$ConcatMapImmediate.innerNext(FluxConcatMap.java:282)
		at reactor.core.publisher.FluxConcatMap$ConcatMapInner.onNext(FluxConcatMap.java:861)
		at org.springframework.security.test.context.support.ReactorContextTestExecutionListener$DelegateTestExecutionListener$SecuritySubContext.onNext(ReactorContextTestExecutionListener.java:120)
		at reactor.core.publisher.Operators$MonoSubscriber.complete(Operators.java:1816)
		at reactor.core.publisher.MonoFlatMap$FlatMapMain.onNext(MonoFlatMap.java:151)
		at reactor.core.publisher.FluxMapFuseable$MapFuseableSubscriber.onNext(FluxMapFuseable.java:127)
		at reactor.core.publisher.FluxFilterFuseable$FilterFuseableSubscriber.onNext(FluxFilterFuseable.java:118)
		at reactor.core.publisher.FluxPeekFuseable$PeekFuseableConditionalSubscriber.onNext(FluxPeekFuseable.java:503)
		at reactor.core.publisher.FluxSwitchIfEmpty$SwitchIfEmptySubscriber.onNext(FluxSwitchIfEmpty.java:74)
		at reactor.core.publisher.MonoNext$NextSubscriber.onNext(MonoNext.java:82)
		at reactor.core.publisher.FluxFilterFuseable$FilterFuseableSubscriber.onNext(FluxFilterFuseable.java:118)
		at reactor.core.publisher.FluxFlatMap$FlatMapMain.tryEmitScalar(FluxFlatMap.java:488)
		at reactor.core.publisher.FluxFlatMap$FlatMapMain.onNext(FluxFlatMap.java:421)
		at reactor.core.publisher.FluxPeekFuseable$PeekFuseableSubscriber.onNext(FluxPeekFuseable.java:210)
		at reactor.core.publisher.FluxIterable$IterableSubscription.slowPath(FluxIterable.java:272)
		at reactor.core.publisher.FluxIterable$IterableSubscription.request(FluxIterable.java:230)
		at reactor.core.publisher.FluxPeekFuseable$PeekFuseableSubscriber.request(FluxPeekFuseable.java:144)
		at reactor.core.publisher.FluxFlatMap$FlatMapMain.onSubscribe(FluxFlatMap.java:371)
		at reactor.core.publisher.FluxPeekFuseable$PeekFuseableSubscriber.onSubscribe(FluxPeekFuseable.java:178)
		at reactor.core.publisher.FluxIterable.subscribe(FluxIterable.java:165)
		at reactor.core.publisher.FluxIterable.subscribe(FluxIterable.java:87)
		at reactor.core.publisher.Mono.subscribe(Mono.java:4361)
		at reactor.core.publisher.FluxConcatMap$ConcatMapImmediate.drain(FluxConcatMap.java:449)
		at reactor.core.publisher.FluxConcatMap$ConcatMapImmediate.onSubscribe(FluxConcatMap.java:219)
		at reactor.core.publisher.FluxIterable.subscribe(FluxIterable.java:165)
		at reactor.core.publisher.FluxIterable.subscribe(FluxIterable.java:87)
		at reactor.core.publisher.InternalMonoOperator.subscribe(InternalMonoOperator.java:64)
		at reactor.core.publisher.MonoDefer.subscribe(MonoDefer.java:52)
		at reactor.core.publisher.InternalMonoOperator.subscribe(InternalMonoOperator.java:64)
		at reactor.core.publisher.MonoDefer.subscribe(MonoDefer.java:52)
		at reactor.core.publisher.Mono.subscribe(Mono.java:4361)
		at reactor.core.publisher.MonoIgnoreThen$ThenIgnoreMain.subscribeNext(MonoIgnoreThen.java:255)
		at reactor.core.publisher.MonoIgnoreThen.subscribe(MonoIgnoreThen.java:51)
		at reactor.core.publisher.Mono.subscribe(Mono.java:4361)
		at reactor.core.publisher.FluxSwitchIfEmpty$SwitchIfEmptySubscriber.onComplete(FluxSwitchIfEmpty.java:82)
		at reactor.core.publisher.FluxFilterFuseable$FilterFuseableSubscriber.onComplete(FluxFilterFuseable.java:171)
		at reactor.core.publisher.FluxPeekFuseable$PeekFuseableConditionalSubscriber.onComplete(FluxPeekFuseable.java:595)
		at reactor.core.publisher.FluxSwitchIfEmpty$SwitchIfEmptySubscriber.onComplete(FluxSwitchIfEmpty.java:85)
		at org.springframework.security.test.context.support.ReactorContextTestExecutionListener$DelegateTestExecutionListener$SecuritySubContext.onComplete(ReactorContextTestExecutionListener.java:130)
		at reactor.core.publisher.Operators$ScalarSubscription.request(Operators.java:2400)
		at reactor.core.publisher.Operators$MultiSubscriptionSubscriber.set(Operators.java:2194)
		at reactor.core.publisher.Operators$MultiSubscriptionSubscriber.onSubscribe(Operators.java:2068)
		at org.springframework.security.test.context.support.ReactorContextTestExecutionListener$DelegateTestExecutionListener$SecuritySubContext.onSubscribe(ReactorContextTestExecutionListener.java:115)
		at reactor.core.publisher.MonoJust.subscribe(MonoJust.java:55)
		at reactor.core.publisher.Mono.subscribe(Mono.java:4361)
		at reactor.core.publisher.FluxSwitchIfEmpty$SwitchIfEmptySubscriber.onComplete(FluxSwitchIfEmpty.java:82)
		at reactor.core.publisher.MonoNext$NextSubscriber.onComplete(MonoNext.java:102)
		at reactor.core.publisher.FluxFilterFuseable$FilterFuseableSubscriber.onComplete(FluxFilterFuseable.java:171)
		at reactor.core.publisher.FluxFlatMap$FlatMapMain.checkTerminated(FluxFlatMap.java:846)
		at reactor.core.publisher.FluxFlatMap$FlatMapMain.drainLoop(FluxFlatMap.java:608)
		at reactor.core.publisher.FluxFlatMap$FlatMapMain.drain(FluxFlatMap.java:588)
		at reactor.core.publisher.FluxFlatMap$FlatMapMain.onComplete(FluxFlatMap.java:465)
		at reactor.core.publisher.FluxPeekFuseable$PeekFuseableSubscriber.onComplete(FluxPeekFuseable.java:277)
		at reactor.core.publisher.FluxIterable$IterableSubscription.slowPath(FluxIterable.java:294)
		at reactor.core.publisher.FluxIterable$IterableSubscription.request(FluxIterable.java:230)
		at reactor.core.publisher.FluxPeekFuseable$PeekFuseableSubscriber.request(FluxPeekFuseable.java:144)
		at reactor.core.publisher.FluxFlatMap$FlatMapMain.onSubscribe(FluxFlatMap.java:371)
		at reactor.core.publisher.FluxPeekFuseable$PeekFuseableSubscriber.onSubscribe(FluxPeekFuseable.java:178)
		at reactor.core.publisher.FluxIterable.subscribe(FluxIterable.java:165)
		at reactor.core.publisher.FluxIterable.subscribe(FluxIterable.java:87)
		at reactor.core.publisher.InternalMonoOperator.subscribe(InternalMonoOperator.java:64)
		at reactor.core.publisher.MonoDefer.subscribe(MonoDefer.java:52)
		at reactor.core.publisher.InternalMonoOperator.subscribe(InternalMonoOperator.java:64)
		at reactor.core.publisher.MonoFlatMap$FlatMapMain.onNext(MonoFlatMap.java:157)
		at reactor.core.publisher.Operators$MonoSubscriber.complete(Operators.java:1816)
		at reactor.core.publisher.FluxDefaultIfEmpty$DefaultIfEmptySubscriber.onComplete(FluxDefaultIfEmpty.java:109)
		at reactor.core.publisher.FluxMapFuseable$MapFuseableSubscriber.onComplete(FluxMapFuseable.java:150)
		at reactor.core.publisher.FluxMapFuseable$MapFuseableSubscriber.onComplete(FluxMapFuseable.java:150)
		at reactor.core.publisher.FluxFilterFuseable$FilterFuseableSubscriber.onComplete(FluxFilterFuseable.java:171)
		at reactor.core.publisher.FluxMapFuseable$MapFuseableConditionalSubscriber.onComplete(FluxMapFuseable.java:344)
		at reactor.core.publisher.Operators$MonoSubscriber.complete(Operators.java:1817)
		at reactor.core.publisher.MonoCacheTime$CoordinatorSubscriber.signalCached(MonoCacheTime.java:337)
		at reactor.core.publisher.MonoCacheTime$CoordinatorSubscriber.onNext(MonoCacheTime.java:354)
		at reactor.core.publisher.FluxPeekFuseable$PeekFuseableSubscriber.onNext(FluxPeekFuseable.java:210)
		at reactor.core.publisher.FluxSwitchIfEmpty$SwitchIfEmptySubscriber.onNext(FluxSwitchIfEmpty.java:74)
		at org.springframework.security.test.context.support.ReactorContextTestExecutionListener$DelegateTestExecutionListener$SecuritySubContext.onNext(ReactorContextTestExecutionListener.java:120)
		at reactor.core.publisher.MonoPublishOn$PublishOnSubscriber.run(MonoPublishOn.java:181)
		at reactor.core.scheduler.SchedulerTask.call(SchedulerTask.java:68)
		at reactor.core.scheduler.SchedulerTask.call(SchedulerTask.java:28)
		at java.base/java.util.concurrent.FutureTask.run(FutureTask.java:264)
		at java.base/java.util.concurrent.ScheduledThreadPoolExecutor$ScheduledFutureTask.run(ScheduledThreadPoolExecutor.java:304)
		at java.base/java.util.concurrent.ThreadPoolExecutor.runWorker(ThreadPoolExecutor.java:1128)
		at java.base/java.util.concurrent.ThreadPoolExecutor$Worker.run(ThreadPoolExecutor.java:628)
		at java.base/java.lang.Thread.run(Thread.java:829)

]]></system-out>
  </testcase>
</testsuite>