{"C:\\Users\\Nicolas\\Desktop\\test6\\gateway\\src\\main\\webapp\\app\\app.constants.ts": {"path":"C:\\Users\\Nicolas\\Desktop\\test6\\gateway\\src\\main\\webapp\\app\\app.constants.ts","statementMap":{"0":{"start":{"line":8,"column":13},"end":{"line":8,"column":35}},"1":{"start":{"line":9,"column":13},"end":{"line":9,"column":57}}},"fnMap":{},"branchMap":{},"s":{"0":1,"1":1},"f":{},"b":{}}
,"C:\\Users\\Nicolas\\Desktop\\test6\\gateway\\src\\main\\webapp\\app\\account\\activate\\activate.component.html": {"path":"C:\\Users\\Nicolas\\Desktop\\test6\\gateway\\src\\main\\webapp\\app\\account\\activate\\activate.component.html","statementMap":{"0":{"start":{"line":1,"column":0},"end":{"line":1,"column":739}}},"fnMap":{},"branchMap":{},"s":{"0":1},"f":{},"b":{},"inputSourceMap":null,"_coverageSchema":"1a1c01bbd47fc00a2c39e90264f33305004495a9","hash":"14064d3657e796be0ede694e0a23b1749bfdcfe9"}
,"C:\\Users\\Nicolas\\Desktop\\test6\\gateway\\src\\main\\webapp\\app\\account\\activate\\activate.component.ts": {"path":"C:\\Users\\Nicolas\\Desktop\\test6\\gateway\\src\\main\\webapp\\app\\account\\activate\\activate.component.ts","statementMap":{"0":{"start":{"line":1,"column":0},"end":{"line":1,"column":50}},"1":{"start":{"line":2,"column":0},"end":{"line":2,"column":9}},"2":{"start":{"line":3,"column":0},"end":{"line":3,"column":42}},"3":{"start":{"line":5,"column":0},"end":{"line":5,"column":9}},"4":{"start":{"line":11,"column":30},"end":{"line":23,"column":null}},"5":{"start":{"line":15,"column":22},"end":{"line":15,"column":39}},"6":{"start":{"line":15,"column":64},"end":{"line":15,"column":71}},"7":{"start":{"line":12,"column":2},"end":{"line":12,"column":16}},"8":{"start":{"line":13,"column":2},"end":{"line":13,"column":18}},"9":{"start":{"line":18,"column":4},"end":{"line":21,"column":6}},"10":{"start":{"line":18,"column":51},"end":{"line":18,"column":87}},"11":{"start":{"line":19,"column":13},"end":{"line":19,"column":32}},"12":{"start":{"line":20,"column":13},"end":{"line":20,"column":30}},"13":{"start":{"line":11,"column":13},"end":{"line":23,"column":null}},"14":{"start":{"line":11,"column":13},"end":{"line":11,"column":30}}},"fnMap":{"0":{"name":"(anonymous_0)","decl":{"start":{"line":15,"column":2},"end":{"line":15,"column":22}},"loc":{"start":{"line":15,"column":85},"end":{"line":15,"column":89}}},"1":{"name":"(anonymous_1)","decl":{"start":{"line":17,"column":2},"end":{"line":17,"column":10}},"loc":{"start":{"line":17,"column":10},"end":{"line":22,"column":3}}},"2":{"name":"(anonymous_2)","decl":{"start":{"line":18,"column":41},"end":{"line":18,"column":47}},"loc":{"start":{"line":18,"column":51},"end":{"line":18,"column":87}}},"3":{"name":"(anonymous_3)","decl":{"start":{"line":19,"column":6},"end":{"line":19,"column":9}},"loc":{"start":{"line":19,"column":13},"end":{"line":19,"column":32}}},"4":{"name":"(anonymous_4)","decl":{"start":{"line":20,"column":6},"end":{"line":20,"column":9}},"loc":{"start":{"line":20,"column":13},"end":{"line":20,"column":30}}}},"branchMap":{},"s":{"0":1,"1":1,"2":1,"3":1,"4":1,"5":3,"6":3,"7":3,"8":3,"9":3,"10":3,"11":1,"12":1,"13":1,"14":1},"f":{"0":3,"1":3,"2":3,"3":1,"4":1},"b":{}}
,"C:\\Users\\Nicolas\\Desktop\\test6\\gateway\\src\\main\\webapp\\app\\account\\activate\\activate.service.ts": {"path":"C:\\Users\\Nicolas\\Desktop\\test6\\gateway\\src\\main\\webapp\\app\\account\\activate\\activate.service.ts","statementMap":{"0":{"start":{"line":1,"column":0},"end":{"line":1,"column":43}},"1":{"start":{"line":2,"column":0},"end":{"line":2,"column":9}},"2":{"start":{"line":5,"column":0},"end":{"line":5,"column":9}},"3":{"start":{"line":8,"column":28},"end":{"line":16,"column":null}},"4":{"start":{"line":9,"column":22},"end":{"line":9,"column":28}},"5":{"start":{"line":9,"column":48},"end":{"line":9,"column":74}},"6":{"start":{"line":12,"column":4},"end":{"line":14,"column":7}},"7":{"start":{"line":8,"column":13},"end":{"line":16,"column":null}},"8":{"start":{"line":8,"column":13},"end":{"line":8,"column":28}}},"fnMap":{"0":{"name":"(anonymous_0)","decl":{"start":{"line":9,"column":2},"end":{"line":9,"column":22}},"loc":{"start":{"line":9,"column":98},"end":{"line":9,"column":102}}},"1":{"name":"(anonymous_1)","decl":{"start":{"line":11,"column":2},"end":{"line":11,"column":5}},"loc":{"start":{"line":11,"column":17},"end":{"line":15,"column":3}}}},"branchMap":{},"s":{"0":2,"1":2,"2":2,"3":2,"4":4,"5":4,"6":1,"7":2,"8":2},"f":{"0":4,"1":1},"b":{}}
,"C:\\Users\\Nicolas\\Desktop\\test6\\gateway\\src\\main\\webapp\\app\\account\\password\\password.component.html": {"path":"C:\\Users\\Nicolas\\Desktop\\test6\\gateway\\src\\main\\webapp\\app\\account\\password\\password.component.html","statementMap":{"0":{"start":{"line":1,"column":0},"end":{"line":1,"column":6101}}},"fnMap":{},"branchMap":{},"s":{"0":1},"f":{},"b":{},"inputSourceMap":null,"_coverageSchema":"1a1c01bbd47fc00a2c39e90264f33305004495a9","hash":"0f18d3d5e5d2659cca0b6010b3d13a2839cf3ff8"}
,"C:\\Users\\Nicolas\\Desktop\\test6\\gateway\\src\\main\\webapp\\app\\account\\password\\password.component.ts": {"path":"C:\\Users\\Nicolas\\Desktop\\test6\\gateway\\src\\main\\webapp\\app\\account\\password\\password.component.ts","statementMap":{"0":{"start":{"line":1,"column":0},"end":{"line":1,"column":50}},"1":{"start":{"line":2,"column":0},"end":{"line":2,"column":9}},"2":{"start":{"line":5,"column":0},"end":{"line":5,"column":9}},"3":{"start":{"line":7,"column":0},"end":{"line":7,"column":9}},"4":{"start":{"line":13,"column":30},"end":{"line":45,"column":null}},"5":{"start":{"line":24,"column":22},"end":{"line":24,"column":39}},"6":{"start":{"line":24,"column":64},"end":{"line":24,"column":80}},"7":{"start":{"line":24,"column":104},"end":{"line":24,"column":108}},"8":{"start":{"line":14,"column":2},"end":{"line":14,"column":21}},"9":{"start":{"line":15,"column":2},"end":{"line":15,"column":16}},"10":{"start":{"line":16,"column":2},"end":{"line":16,"column":18}},"11":{"start":{"line":18,"column":2},"end":{"line":22,"column":5}},"12":{"start":{"line":27,"column":4},"end":{"line":27,"column":51}},"13":{"start":{"line":31,"column":4},"end":{"line":31,"column":23}},"14":{"start":{"line":32,"column":4},"end":{"line":32,"column":25}},"15":{"start":{"line":33,"column":4},"end":{"line":33,"column":28}},"16":{"start":{"line":35,"column":24},"end":{"line":35,"column":69}},"17":{"start":{"line":36,"column":4},"end":{"line":43,"column":null}},"18":{"start":{"line":37,"column":6},"end":{"line":37,"column":29}},"19":{"start":{"line":39,"column":6},"end":{"line":42,"column":8}},"20":{"start":{"line":40,"column":15},"end":{"line":40,"column":34}},"21":{"start":{"line":41,"column":15},"end":{"line":41,"column":32}},"22":{"start":{"line":13,"column":13},"end":{"line":45,"column":null}},"23":{"start":{"line":13,"column":13},"end":{"line":13,"column":30}}},"fnMap":{"0":{"name":"(anonymous_0)","decl":{"start":{"line":24,"column":2},"end":{"line":24,"column":22}},"loc":{"start":{"line":24,"column":119},"end":{"line":24,"column":123}}},"1":{"name":"(anonymous_1)","decl":{"start":{"line":26,"column":2},"end":{"line":26,"column":10}},"loc":{"start":{"line":26,"column":10},"end":{"line":28,"column":3}}},"2":{"name":"(anonymous_2)","decl":{"start":{"line":30,"column":2},"end":{"line":30,"column":16}},"loc":{"start":{"line":30,"column":16},"end":{"line":44,"column":3}}},"3":{"name":"(anonymous_3)","decl":{"start":{"line":40,"column":8},"end":{"line":40,"column":11}},"loc":{"start":{"line":40,"column":15},"end":{"line":40,"column":34}}},"4":{"name":"(anonymous_4)","decl":{"start":{"line":41,"column":8},"end":{"line":41,"column":11}},"loc":{"start":{"line":41,"column":15},"end":{"line":41,"column":32}}}},"branchMap":{"0":{"loc":{"start":{"line":36,"column":4},"end":{"line":43,"column":null}},"type":"if","locations":[{"start":{"line":36,"column":4},"end":{"line":43,"column":null}},{"start":{"line":38,"column":11},"end":{"line":43,"column":null}}]}},"s":{"0":1,"1":1,"2":1,"3":1,"4":1,"5":4,"6":4,"7":4,"8":4,"9":4,"10":4,"11":4,"12":0,"13":4,"14":4,"15":4,"16":4,"17":4,"18":1,"19":3,"20":2,"21":1,"22":1,"23":1},"f":{"0":4,"1":0,"2":4,"3":2,"4":1},"b":{"0":[1,3]}}
,"C:\\Users\\Nicolas\\Desktop\\test6\\gateway\\src\\main\\webapp\\app\\account\\password\\password.service.ts": {"path":"C:\\Users\\Nicolas\\Desktop\\test6\\gateway\\src\\main\\webapp\\app\\account\\password\\password.service.ts","statementMap":{"0":{"start":{"line":1,"column":0},"end":{"line":1,"column":43}},"1":{"start":{"line":2,"column":0},"end":{"line":2,"column":9}},"2":{"start":{"line":5,"column":0},"end":{"line":5,"column":9}},"3":{"start":{"line":8,"column":28},"end":{"line":14,"column":null}},"4":{"start":{"line":9,"column":22},"end":{"line":9,"column":28}},"5":{"start":{"line":9,"column":48},"end":{"line":9,"column":74}},"6":{"start":{"line":12,"column":4},"end":{"line":12,"column":137}},"7":{"start":{"line":8,"column":13},"end":{"line":14,"column":null}},"8":{"start":{"line":8,"column":13},"end":{"line":8,"column":28}}},"fnMap":{"0":{"name":"(anonymous_0)","decl":{"start":{"line":9,"column":2},"end":{"line":9,"column":22}},"loc":{"start":{"line":9,"column":98},"end":{"line":9,"column":102}}},"1":{"name":"(anonymous_1)","decl":{"start":{"line":11,"column":2},"end":{"line":11,"column":6}},"loc":{"start":{"line":11,"column":51},"end":{"line":13,"column":3}}}},"branchMap":{},"s":{"0":2,"1":2,"2":2,"3":2,"4":5,"5":5,"6":1,"7":2,"8":2},"f":{"0":5,"1":1},"b":{}}
,"C:\\Users\\Nicolas\\Desktop\\test6\\gateway\\src\\main\\webapp\\app\\account\\password-reset\\finish\\password-reset-finish.component.html": {"path":"C:\\Users\\Nicolas\\Desktop\\test6\\gateway\\src\\main\\webapp\\app\\account\\password-reset\\finish\\password-reset-finish.component.html","statementMap":{"0":{"start":{"line":1,"column":0},"end":{"line":1,"column":5712}}},"fnMap":{},"branchMap":{},"s":{"0":1},"f":{},"b":{},"inputSourceMap":null,"_coverageSchema":"1a1c01bbd47fc00a2c39e90264f33305004495a9","hash":"38325684f847f8894fdab7598e0569dcbe6a3f63"}
,"C:\\Users\\Nicolas\\Desktop\\test6\\gateway\\src\\main\\webapp\\app\\account\\password-reset\\finish\\password-reset-finish.component.ts": {"path":"C:\\Users\\Nicolas\\Desktop\\test6\\gateway\\src\\main\\webapp\\app\\account\\password-reset\\finish\\password-reset-finish.component.ts","statementMap":{"0":{"start":{"line":1,"column":0},"end":{"line":1,"column":88}},"1":{"start":{"line":2,"column":0},"end":{"line":2,"column":9}},"2":{"start":{"line":3,"column":0},"end":{"line":3,"column":9}},"3":{"start":{"line":5,"column":0},"end":{"line":5,"column":9}},"4":{"start":{"line":11,"column":41},"end":{"line":59,"column":null}},"5":{"start":{"line":26,"column":22},"end":{"line":26,"column":50}},"6":{"start":{"line":26,"column":86},"end":{"line":26,"column":93}},"7":{"start":{"line":26,"column":117},"end":{"line":26,"column":121}},"8":{"start":{"line":15,"column":2},"end":{"line":15,"column":22}},"9":{"start":{"line":16,"column":2},"end":{"line":16,"column":21}},"10":{"start":{"line":17,"column":2},"end":{"line":17,"column":16}},"11":{"start":{"line":18,"column":2},"end":{"line":18,"column":18}},"12":{"start":{"line":19,"column":2},"end":{"line":19,"column":11}},"13":{"start":{"line":21,"column":2},"end":{"line":24,"column":5}},"14":{"start":{"line":29,"column":4},"end":{"line":34,"column":7}},"15":{"start":{"line":30,"column":6},"end":{"line":32,"column":null}},"16":{"start":{"line":31,"column":8},"end":{"line":31,"column":33}},"17":{"start":{"line":33,"column":6},"end":{"line":33,"column":30}},"18":{"start":{"line":38,"column":4},"end":{"line":40,"column":null}},"19":{"start":{"line":39,"column":6},"end":{"line":39,"column":45}},"20":{"start":{"line":44,"column":4},"end":{"line":44,"column":28}},"21":{"start":{"line":45,"column":4},"end":{"line":45,"column":23}},"22":{"start":{"line":47,"column":24},"end":{"line":47,"column":69}},"23":{"start":{"line":48,"column":28},"end":{"line":48,"column":77}},"24":{"start":{"line":50,"column":4},"end":{"line":57,"column":null}},"25":{"start":{"line":51,"column":6},"end":{"line":51,"column":29}},"26":{"start":{"line":53,"column":6},"end":{"line":56,"column":8}},"27":{"start":{"line":54,"column":15},"end":{"line":54,"column":34}},"28":{"start":{"line":55,"column":15},"end":{"line":55,"column":32}},"29":{"start":{"line":11,"column":13},"end":{"line":59,"column":null}},"30":{"start":{"line":11,"column":13},"end":{"line":11,"column":41}}},"fnMap":{"0":{"name":"(anonymous_0)","decl":{"start":{"line":26,"column":2},"end":{"line":26,"column":22}},"loc":{"start":{"line":26,"column":132},"end":{"line":26,"column":136}}},"1":{"name":"(anonymous_1)","decl":{"start":{"line":28,"column":2},"end":{"line":28,"column":10}},"loc":{"start":{"line":28,"column":10},"end":{"line":35,"column":3}}},"2":{"name":"(anonymous_2)","decl":{"start":{"line":29,"column":37},"end":{"line":29,"column":43}},"loc":{"start":{"line":29,"column":46},"end":{"line":34,"column":5}}},"3":{"name":"(anonymous_3)","decl":{"start":{"line":37,"column":2},"end":{"line":37,"column":17}},"loc":{"start":{"line":37,"column":17},"end":{"line":41,"column":3}}},"4":{"name":"(anonymous_4)","decl":{"start":{"line":43,"column":2},"end":{"line":43,"column":13}},"loc":{"start":{"line":43,"column":13},"end":{"line":58,"column":3}}},"5":{"name":"(anonymous_5)","decl":{"start":{"line":54,"column":8},"end":{"line":54,"column":11}},"loc":{"start":{"line":54,"column":15},"end":{"line":54,"column":34}}},"6":{"name":"(anonymous_6)","decl":{"start":{"line":55,"column":8},"end":{"line":55,"column":11}},"loc":{"start":{"line":55,"column":15},"end":{"line":55,"column":32}}}},"branchMap":{"0":{"loc":{"start":{"line":30,"column":6},"end":{"line":32,"column":null}},"type":"if","locations":[{"start":{"line":30,"column":6},"end":{"line":32,"column":null}}]},"1":{"loc":{"start":{"line":38,"column":4},"end":{"line":40,"column":null}},"type":"if","locations":[{"start":{"line":38,"column":4},"end":{"line":40,"column":null}}]},"2":{"loc":{"start":{"line":50,"column":4},"end":{"line":57,"column":null}},"type":"if","locations":[{"start":{"line":50,"column":4},"end":{"line":57,"column":null}},{"start":{"line":52,"column":11},"end":{"line":57,"column":null}}]}},"s":{"0":1,"1":1,"2":1,"3":1,"4":1,"5":10,"6":10,"7":10,"8":10,"9":10,"10":10,"11":10,"12":10,"13":10,"14":5,"15":5,"16":5,"17":5,"18":1,"19":1,"20":3,"21":3,"22":3,"23":3,"24":3,"25":1,"26":2,"27":1,"28":1,"29":1,"30":1},"f":{"0":10,"1":5,"2":5,"3":1,"4":3,"5":1,"6":1},"b":{"0":[5],"1":[1],"2":[1,2]}}
,"C:\\Users\\Nicolas\\Desktop\\test6\\gateway\\src\\main\\webapp\\app\\account\\password-reset\\finish\\password-reset-finish.service.ts": {"path":"C:\\Users\\Nicolas\\Desktop\\test6\\gateway\\src\\main\\webapp\\app\\account\\password-reset\\finish\\password-reset-finish.service.ts","statementMap":{"0":{"start":{"line":1,"column":0},"end":{"line":1,"column":43}},"1":{"start":{"line":2,"column":0},"end":{"line":2,"column":9}},"2":{"start":{"line":5,"column":0},"end":{"line":5,"column":9}},"3":{"start":{"line":8,"column":39},"end":{"line":14,"column":null}},"4":{"start":{"line":9,"column":22},"end":{"line":9,"column":28}},"5":{"start":{"line":9,"column":48},"end":{"line":9,"column":74}},"6":{"start":{"line":12,"column":4},"end":{"line":12,"column":131}},"7":{"start":{"line":8,"column":13},"end":{"line":14,"column":null}},"8":{"start":{"line":8,"column":13},"end":{"line":8,"column":39}}},"fnMap":{"0":{"name":"(anonymous_0)","decl":{"start":{"line":9,"column":2},"end":{"line":9,"column":22}},"loc":{"start":{"line":9,"column":98},"end":{"line":9,"column":102}}},"1":{"name":"(anonymous_1)","decl":{"start":{"line":11,"column":2},"end":{"line":11,"column":6}},"loc":{"start":{"line":11,"column":39},"end":{"line":13,"column":3}}}},"branchMap":{},"s":{"0":2,"1":2,"2":2,"3":2,"4":6,"5":6,"6":1,"7":2,"8":2},"f":{"0":6,"1":1},"b":{}}
,"C:\\Users\\Nicolas\\Desktop\\test6\\gateway\\src\\main\\webapp\\app\\account\\password-reset\\init\\password-reset-init.component.html": {"path":"C:\\Users\\Nicolas\\Desktop\\test6\\gateway\\src\\main\\webapp\\app\\account\\password-reset\\init\\password-reset-init.component.html","statementMap":{"0":{"start":{"line":1,"column":0},"end":{"line":1,"column":2988}}},"fnMap":{},"branchMap":{},"s":{"0":1},"f":{},"b":{},"inputSourceMap":null,"_coverageSchema":"1a1c01bbd47fc00a2c39e90264f33305004495a9","hash":"fcb99553016b28e34d399224b9adf4884dba88ba"}
,"C:\\Users\\Nicolas\\Desktop\\test6\\gateway\\src\\main\\webapp\\app\\account\\password-reset\\init\\password-reset-init.component.ts": {"path":"C:\\Users\\Nicolas\\Desktop\\test6\\gateway\\src\\main\\webapp\\app\\account\\password-reset\\init\\password-reset-init.component.ts","statementMap":{"0":{"start":{"line":1,"column":0},"end":{"line":1,"column":80}},"1":{"start":{"line":2,"column":0},"end":{"line":2,"column":9}},"2":{"start":{"line":4,"column":0},"end":{"line":4,"column":9}},"3":{"start":{"line":10,"column":39},"end":{"line":30,"column":null}},"4":{"start":{"line":19,"column":22},"end":{"line":19,"column":48}},"5":{"start":{"line":19,"column":82},"end":{"line":19,"column":86}},"6":{"start":{"line":14,"column":2},"end":{"line":14,"column":18}},"7":{"start":{"line":15,"column":2},"end":{"line":17,"column":5}},"8":{"start":{"line":22,"column":4},"end":{"line":24,"column":null}},"9":{"start":{"line":23,"column":6},"end":{"line":23,"column":39}},"10":{"start":{"line":28,"column":4},"end":{"line":28,"column":123}},"11":{"start":{"line":28,"column":101},"end":{"line":28,"column":120}},"12":{"start":{"line":10,"column":13},"end":{"line":30,"column":null}},"13":{"start":{"line":10,"column":13},"end":{"line":10,"column":39}}},"fnMap":{"0":{"name":"(anonymous_0)","decl":{"start":{"line":19,"column":2},"end":{"line":19,"column":22}},"loc":{"start":{"line":19,"column":97},"end":{"line":19,"column":101}}},"1":{"name":"(anonymous_1)","decl":{"start":{"line":21,"column":2},"end":{"line":21,"column":17}},"loc":{"start":{"line":21,"column":17},"end":{"line":25,"column":3}}},"2":{"name":"(anonymous_2)","decl":{"start":{"line":27,"column":2},"end":{"line":27,"column":14}},"loc":{"start":{"line":27,"column":14},"end":{"line":29,"column":3}}},"3":{"name":"(anonymous_3)","decl":{"start":{"line":28,"column":94},"end":{"line":28,"column":97}},"loc":{"start":{"line":28,"column":101},"end":{"line":28,"column":120}}}},"branchMap":{"0":{"loc":{"start":{"line":22,"column":4},"end":{"line":24,"column":null}},"type":"if","locations":[{"start":{"line":22,"column":4},"end":{"line":24,"column":null}}]}},"s":{"0":1,"1":1,"2":1,"3":1,"4":3,"5":3,"6":3,"7":3,"8":1,"9":1,"10":2,"11":1,"12":1,"13":1},"f":{"0":3,"1":1,"2":2,"3":1},"b":{"0":[1]}}
,"C:\\Users\\Nicolas\\Desktop\\test6\\gateway\\src\\main\\webapp\\app\\account\\password-reset\\init\\password-reset-init.service.ts": {"path":"C:\\Users\\Nicolas\\Desktop\\test6\\gateway\\src\\main\\webapp\\app\\account\\password-reset\\init\\password-reset-init.service.ts","statementMap":{"0":{"start":{"line":1,"column":0},"end":{"line":1,"column":43}},"1":{"start":{"line":2,"column":0},"end":{"line":2,"column":9}},"2":{"start":{"line":5,"column":0},"end":{"line":5,"column":9}},"3":{"start":{"line":8,"column":37},"end":{"line":14,"column":null}},"4":{"start":{"line":9,"column":22},"end":{"line":9,"column":28}},"5":{"start":{"line":9,"column":48},"end":{"line":9,"column":74}},"6":{"start":{"line":12,"column":4},"end":{"line":12,"column":113}},"7":{"start":{"line":8,"column":13},"end":{"line":14,"column":null}},"8":{"start":{"line":8,"column":13},"end":{"line":8,"column":37}}},"fnMap":{"0":{"name":"(anonymous_0)","decl":{"start":{"line":9,"column":2},"end":{"line":9,"column":22}},"loc":{"start":{"line":9,"column":98},"end":{"line":9,"column":102}}},"1":{"name":"(anonymous_1)","decl":{"start":{"line":11,"column":2},"end":{"line":11,"column":6}},"loc":{"start":{"line":11,"column":19},"end":{"line":13,"column":3}}}},"branchMap":{},"s":{"0":2,"1":2,"2":2,"3":2,"4":4,"5":4,"6":1,"7":2,"8":2},"f":{"0":4,"1":1},"b":{}}
,"C:\\Users\\Nicolas\\Desktop\\test6\\gateway\\src\\main\\webapp\\app\\account\\password\\password-strength-bar\\password-strength-bar.component.html": {"path":"C:\\Users\\Nicolas\\Desktop\\test6\\gateway\\src\\main\\webapp\\app\\account\\password\\password-strength-bar\\password-strength-bar.component.html","statementMap":{"0":{"start":{"line":1,"column":0},"end":{"line":1,"column":339}}},"fnMap":{},"branchMap":{},"s":{"0":1},"f":{},"b":{},"inputSourceMap":null,"_coverageSchema":"1a1c01bbd47fc00a2c39e90264f33305004495a9","hash":"d29e58604fed1bcf1ee2785f44ff6d0991d455d2"}
,"C:\\Users\\Nicolas\\Desktop\\test6\\gateway\\src\\main\\webapp\\app\\account\\password\\password-strength-bar\\password-strength-bar.component.ts": {"path":"C:\\Users\\Nicolas\\Desktop\\test6\\gateway\\src\\main\\webapp\\app\\account\\password\\password-strength-bar\\password-strength-bar.component.ts","statementMap":{"0":{"start":{"line":1,"column":0},"end":{"line":1,"column":20}},"1":{"start":{"line":8,"column":41},"end":{"line":72,"column":null}},"2":{"start":{"line":11,"column":22},"end":{"line":11,"column":32}},"3":{"start":{"line":11,"column":51},"end":{"line":11,"column":63}},"4":{"start":{"line":9,"column":2},"end":{"line":9,"column":52}},"5":{"start":{"line":14,"column":16},"end":{"line":14,"column":17}},"6":{"start":{"line":15,"column":18},"end":{"line":15,"column":40}},"7":{"start":{"line":16,"column":25},"end":{"line":16,"column":41}},"8":{"start":{"line":17,"column":25},"end":{"line":17,"column":41}},"9":{"start":{"line":18,"column":20},"end":{"line":18,"column":36}},"10":{"start":{"line":19,"column":20},"end":{"line":19,"column":33}},"11":{"start":{"line":21,"column":18},"end":{"line":21,"column":64}},"12":{"start":{"line":22,"column":26},"end":{"line":22,"column":97}},"13":{"start":{"line":22,"column":67},"end":{"line":22,"column":89}},"14":{"start":{"line":24,"column":4},"end":{"line":24,"column":53}},"15":{"start":{"line":25,"column":4},"end":{"line":25,"column":32}},"16":{"start":{"line":28,"column":4},"end":{"line":28,"column":56}},"17":{"start":{"line":31,"column":4},"end":{"line":31,"column":62}},"18":{"start":{"line":32,"column":4},"end":{"line":32,"column":62}},"19":{"start":{"line":33,"column":4},"end":{"line":33,"column":62}},"20":{"start":{"line":35,"column":4},"end":{"line":35,"column":17}},"21":{"start":{"line":39,"column":14},"end":{"line":39,"column":15}},"22":{"start":{"line":40,"column":4},"end":{"line":50,"column":null}},"23":{"start":{"line":41,"column":6},"end":{"line":49,"column":null}},"24":{"start":{"line":42,"column":8},"end":{"line":42,"column":16}},"25":{"start":{"line":43,"column":13},"end":{"line":49,"column":null}},"26":{"start":{"line":44,"column":8},"end":{"line":44,"column":16}},"27":{"start":{"line":45,"column":13},"end":{"line":49,"column":null}},"28":{"start":{"line":46,"column":8},"end":{"line":46,"column":16}},"29":{"start":{"line":48,"column":8},"end":{"line":48,"column":16}},"30":{"start":{"line":51,"column":4},"end":{"line":51,"column":53}},"31":{"start":{"line":56,"column":4},"end":{"line":70,"column":null}},"32":{"start":{"line":57,"column":16},"end":{"line":57,"column":61}},"33":{"start":{"line":58,"column":22},"end":{"line":58,"column":51}},"34":{"start":{"line":59,"column":6},"end":{"line":61,"column":null}},"35":{"start":{"line":60,"column":8},"end":{"line":60,"column":62}},"36":{"start":{"line":62,"column":18},"end":{"line":62,"column":52}},"37":{"start":{"line":63,"column":6},"end":{"line":69,"column":null}},"38":{"start":{"line":63,"column":19},"end":{"line":63,"column":20}},"39":{"start":{"line":64,"column":8},"end":{"line":68,"column":null}},"40":{"start":{"line":65,"column":10},"end":{"line":65,"column":69}},"41":{"start":{"line":67,"column":10},"end":{"line":67,"column":68}},"42":{"start":{"line":8,"column":13},"end":{"line":72,"column":null}},"43":{"start":{"line":8,"column":13},"end":{"line":8,"column":41}}},"fnMap":{"0":{"name":"(anonymous_0)","decl":{"start":{"line":11,"column":2},"end":{"line":11,"column":22}},"loc":{"start":{"line":11,"column":73},"end":{"line":11,"column":77}}},"1":{"name":"(anonymous_1)","decl":{"start":{"line":13,"column":2},"end":{"line":13,"column":17}},"loc":{"start":{"line":13,"column":27},"end":{"line":36,"column":3}}},"2":{"name":"(anonymous_2)","decl":{"start":{"line":22,"column":39},"end":{"line":22,"column":40}},"loc":{"start":{"line":22,"column":67},"end":{"line":22,"column":89}}},"3":{"name":"(anonymous_3)","decl":{"start":{"line":38,"column":2},"end":{"line":38,"column":10}},"loc":{"start":{"line":38,"column":20},"end":{"line":52,"column":3}}},"4":{"name":"(anonymous_4)","decl":{"start":{"line":54,"column":2},"end":{"line":54,"column":3}},"loc":{"start":{"line":55,"column":38},"end":{"line":71,"column":3}}}},"branchMap":{"0":{"loc":{"start":{"line":24,"column":29},"end":{"line":24,"column":51}},"type":"cond-expr","locations":[{"start":{"line":24,"column":46},"end":{"line":24,"column":47}},{"start":{"line":24,"column":50},"end":{"line":24,"column":51}}]},"1":{"loc":{"start":{"line":28,"column":12},"end":{"line":28,"column":55}},"type":"cond-expr","locations":[{"start":{"line":28,"column":28},"end":{"line":28,"column":47}},{"start":{"line":28,"column":50},"end":{"line":28,"column":55}}]},"2":{"loc":{"start":{"line":31,"column":12},"end":{"line":31,"column":61}},"type":"cond-expr","locations":[{"start":{"line":31,"column":34},"end":{"line":31,"column":53}},{"start":{"line":31,"column":56},"end":{"line":31,"column":61}}]},"3":{"loc":{"start":{"line":32,"column":12},"end":{"line":32,"column":61}},"type":"cond-expr","locations":[{"start":{"line":32,"column":34},"end":{"line":32,"column":53}},{"start":{"line":32,"column":56},"end":{"line":32,"column":61}}]},"4":{"loc":{"start":{"line":33,"column":12},"end":{"line":33,"column":61}},"type":"cond-expr","locations":[{"start":{"line":33,"column":34},"end":{"line":33,"column":53}},{"start":{"line":33,"column":56},"end":{"line":33,"column":61}}]},"5":{"loc":{"start":{"line":40,"column":4},"end":{"line":50,"column":null}},"type":"if","locations":[{"start":{"line":40,"column":4},"end":{"line":50,"column":null}}]},"6":{"loc":{"start":{"line":41,"column":6},"end":{"line":49,"column":null}},"type":"if","locations":[{"start":{"line":41,"column":6},"end":{"line":49,"column":null}},{"start":{"line":43,"column":13},"end":{"line":49,"column":null}}]},"7":{"loc":{"start":{"line":43,"column":13},"end":{"line":49,"column":null}},"type":"if","locations":[{"start":{"line":43,"column":13},"end":{"line":49,"column":null}},{"start":{"line":45,"column":13},"end":{"line":49,"column":null}}]},"8":{"loc":{"start":{"line":45,"column":13},"end":{"line":49,"column":null}},"type":"if","locations":[{"start":{"line":45,"column":13},"end":{"line":49,"column":null}},{"start":{"line":47,"column":13},"end":{"line":49,"column":null}}]},"9":{"loc":{"start":{"line":56,"column":4},"end":{"line":70,"column":null}},"type":"if","locations":[{"start":{"line":56,"column":4},"end":{"line":70,"column":null}}]},"10":{"loc":{"start":{"line":59,"column":6},"end":{"line":61,"column":null}},"type":"if","locations":[{"start":{"line":59,"column":6},"end":{"line":61,"column":null}}]},"11":{"loc":{"start":{"line":64,"column":8},"end":{"line":68,"column":null}},"type":"if","locations":[{"start":{"line":64,"column":8},"end":{"line":68,"column":null}},{"start":{"line":66,"column":15},"end":{"line":68,"column":null}}]}},"s":{"0":1,"1":1,"2":3,"3":3,"4":3,"5":10,"6":10,"7":10,"8":10,"9":10,"10":10,"11":10,"12":10,"13":40,"14":10,"15":10,"16":10,"17":10,"18":10,"19":10,"20":10,"21":7,"22":7,"23":4,"24":1,"25":3,"26":1,"27":2,"28":1,"29":1,"30":7,"31":0,"32":0,"33":0,"34":0,"35":0,"36":0,"37":0,"38":0,"39":0,"40":0,"41":0,"42":1,"43":1},"f":{"0":3,"1":10,"2":40,"3":7,"4":0},"b":{"0":[1,9],"1":[7,3],"2":[2,8],"3":[0,10],"4":[2,8],"5":[4],"6":[1,3],"7":[1,2],"8":[1,1],"9":[0],"10":[0],"11":[0,0]}}
,"C:\\Users\\Nicolas\\Desktop\\test6\\gateway\\src\\main\\webapp\\app\\account\\register\\register.component.html": {"path":"C:\\Users\\Nicolas\\Desktop\\test6\\gateway\\src\\main\\webapp\\app\\account\\register\\register.component.html","statementMap":{"0":{"start":{"line":1,"column":0},"end":{"line":1,"column":9638}}},"fnMap":{},"branchMap":{},"s":{"0":1},"f":{},"b":{},"inputSourceMap":null,"_coverageSchema":"1a1c01bbd47fc00a2c39e90264f33305004495a9","hash":"dd13fed6c5995fe8d099dcea6e054ee90e087a08"}
,"C:\\Users\\Nicolas\\Desktop\\test6\\gateway\\src\\main\\webapp\\app\\account\\register\\register.component.ts": {"path":"C:\\Users\\Nicolas\\Desktop\\test6\\gateway\\src\\main\\webapp\\app\\account\\register\\register.component.ts","statementMap":{"0":{"start":{"line":1,"column":0},"end":{"line":1,"column":80}},"1":{"start":{"line":3,"column":0},"end":{"line":3,"column":9}},"2":{"start":{"line":4,"column":0},"end":{"line":4,"column":9}},"3":{"start":{"line":6,"column":0},"end":{"line":6,"column":94}},"4":{"start":{"line":7,"column":0},"end":{"line":7,"column":9}},"5":{"start":{"line":13,"column":30},"end":{"line":74,"column":null}},"6":{"start":{"line":38,"column":22},"end":{"line":38,"column":40}},"7":{"start":{"line":38,"column":66},"end":{"line":38,"column":83}},"8":{"start":{"line":38,"column":108},"end":{"line":38,"column":112}},"9":{"start":{"line":17,"column":2},"end":{"line":17,"column":21}},"10":{"start":{"line":18,"column":2},"end":{"line":18,"column":16}},"11":{"start":{"line":19,"column":2},"end":{"line":19,"column":27}},"12":{"start":{"line":20,"column":2},"end":{"line":20,"column":26}},"13":{"start":{"line":21,"column":2},"end":{"line":21,"column":18}},"14":{"start":{"line":23,"column":2},"end":{"line":36,"column":5}},"15":{"start":{"line":41,"column":4},"end":{"line":43,"column":null}},"16":{"start":{"line":42,"column":6},"end":{"line":42,"column":39}},"17":{"start":{"line":47,"column":4},"end":{"line":47,"column":28}},"18":{"start":{"line":48,"column":4},"end":{"line":48,"column":23}},"19":{"start":{"line":49,"column":4},"end":{"line":49,"column":34}},"20":{"start":{"line":50,"column":4},"end":{"line":50,"column":33}},"21":{"start":{"line":52,"column":21},"end":{"line":52,"column":63}},"22":{"start":{"line":53,"column":4},"end":{"line":62,"column":null}},"23":{"start":{"line":54,"column":6},"end":{"line":54,"column":29}},"24":{"start":{"line":56,"column":20},"end":{"line":56,"column":59}},"25":{"start":{"line":57,"column":20},"end":{"line":57,"column":59}},"26":{"start":{"line":58,"column":6},"end":{"line":61,"column":8}},"27":{"start":{"line":59,"column":15},"end":{"line":59,"column":34}},"28":{"start":{"line":60,"column":20},"end":{"line":60,"column":47}},"29":{"start":{"line":66,"column":4},"end":{"line":72,"column":null}},"30":{"start":{"line":67,"column":6},"end":{"line":67,"column":34}},"31":{"start":{"line":68,"column":11},"end":{"line":72,"column":null}},"32":{"start":{"line":69,"column":6},"end":{"line":69,"column":35}},"33":{"start":{"line":71,"column":6},"end":{"line":71,"column":24}},"34":{"start":{"line":13,"column":13},"end":{"line":74,"column":null}},"35":{"start":{"line":13,"column":13},"end":{"line":13,"column":30}}},"fnMap":{"0":{"name":"(anonymous_0)","decl":{"start":{"line":38,"column":2},"end":{"line":38,"column":22}},"loc":{"start":{"line":38,"column":123},"end":{"line":38,"column":127}}},"1":{"name":"(anonymous_1)","decl":{"start":{"line":40,"column":2},"end":{"line":40,"column":17}},"loc":{"start":{"line":40,"column":17},"end":{"line":44,"column":3}}},"2":{"name":"(anonymous_2)","decl":{"start":{"line":46,"column":2},"end":{"line":46,"column":10}},"loc":{"start":{"line":46,"column":10},"end":{"line":63,"column":3}}},"3":{"name":"(anonymous_3)","decl":{"start":{"line":59,"column":8},"end":{"line":59,"column":11}},"loc":{"start":{"line":59,"column":15},"end":{"line":59,"column":34}}},"4":{"name":"(anonymous_4)","decl":{"start":{"line":60,"column":8},"end":{"line":60,"column":16}},"loc":{"start":{"line":60,"column":20},"end":{"line":60,"column":47}}},"5":{"name":"(anonymous_5)","decl":{"start":{"line":65,"column":10},"end":{"line":65,"column":22}},"loc":{"start":{"line":65,"column":50},"end":{"line":73,"column":3}}}},"branchMap":{"0":{"loc":{"start":{"line":41,"column":4},"end":{"line":43,"column":null}},"type":"if","locations":[{"start":{"line":41,"column":4},"end":{"line":43,"column":null}}]},"1":{"loc":{"start":{"line":53,"column":4},"end":{"line":62,"column":null}},"type":"if","locations":[{"start":{"line":53,"column":4},"end":{"line":62,"column":null}},{"start":{"line":55,"column":11},"end":{"line":62,"column":null}}]},"2":{"loc":{"start":{"line":66,"column":4},"end":{"line":72,"column":null}},"type":"if","locations":[{"start":{"line":66,"column":4},"end":{"line":72,"column":null}},{"start":{"line":68,"column":11},"end":{"line":72,"column":null}}]},"3":{"loc":{"start":{"line":66,"column":8},"end":{"line":66,"column":82}},"type":"binary-expr","locations":[{"start":{"line":66,"column":8},"end":{"line":66,"column":31}},{"start":{"line":66,"column":35},"end":{"line":66,"column":82}}]},"4":{"loc":{"start":{"line":68,"column":11},"end":{"line":72,"column":null}},"type":"if","locations":[{"start":{"line":68,"column":11},"end":{"line":72,"column":null}},{"start":{"line":70,"column":11},"end":{"line":72,"column":null}}]},"5":{"loc":{"start":{"line":68,"column":15},"end":{"line":68,"column":89}},"type":"binary-expr","locations":[{"start":{"line":68,"column":15},"end":{"line":68,"column":38}},{"start":{"line":68,"column":42},"end":{"line":68,"column":89}}]}},"s":{"0":1,"1":1,"2":1,"3":1,"4":1,"5":1,"6":5,"7":5,"8":5,"9":5,"10":5,"11":5,"12":5,"13":5,"14":5,"15":0,"16":0,"17":5,"18":5,"19":5,"20":5,"21":5,"22":5,"23":1,"24":4,"25":4,"26":4,"27":1,"28":3,"29":3,"30":1,"31":2,"32":1,"33":1,"34":1,"35":1},"f":{"0":5,"1":0,"2":5,"3":1,"4":3,"5":3},"b":{"0":[0],"1":[1,4],"2":[1,2],"3":[3,2],"4":[1,1],"5":[2,1]}}
,"C:\\Users\\Nicolas\\Desktop\\test6\\gateway\\src\\main\\webapp\\app\\account\\register\\register.model.ts": {"path":"C:\\Users\\Nicolas\\Desktop\\test6\\gateway\\src\\main\\webapp\\app\\account\\register\\register.model.ts","statementMap":{"0":{"start":{"line":2,"column":21},"end":{"line":2,"column":34}},"1":{"start":{"line":2,"column":43},"end":{"line":2,"column":56}},"2":{"start":{"line":2,"column":65},"end":{"line":2,"column":81}},"3":{"start":{"line":2,"column":90},"end":{"line":2,"column":105}},"4":{"start":{"line":1,"column":0},"end":{"line":1,"column":13}}},"fnMap":{"0":{"name":"(anonymous_0)","decl":{"start":{"line":2,"column":2},"end":{"line":2,"column":21}},"loc":{"start":{"line":2,"column":105},"end":{"line":2,"column":109}}}},"branchMap":{},"s":{"0":1,"1":1,"2":1,"3":1,"4":1},"f":{"0":1},"b":{}}
,"C:\\Users\\Nicolas\\Desktop\\test6\\gateway\\src\\main\\webapp\\app\\account\\register\\register.service.ts": {"path":"C:\\Users\\Nicolas\\Desktop\\test6\\gateway\\src\\main\\webapp\\app\\account\\register\\register.service.ts","statementMap":{"0":{"start":{"line":1,"column":0},"end":{"line":1,"column":43}},"1":{"start":{"line":2,"column":0},"end":{"line":2,"column":9}},"2":{"start":{"line":5,"column":0},"end":{"line":5,"column":9}},"3":{"start":{"line":9,"column":28},"end":{"line":15,"column":null}},"4":{"start":{"line":10,"column":22},"end":{"line":10,"column":28}},"5":{"start":{"line":10,"column":48},"end":{"line":10,"column":74}},"6":{"start":{"line":13,"column":4},"end":{"line":13,"column":102}},"7":{"start":{"line":9,"column":13},"end":{"line":15,"column":null}},"8":{"start":{"line":9,"column":13},"end":{"line":9,"column":28}}},"fnMap":{"0":{"name":"(anonymous_0)","decl":{"start":{"line":10,"column":2},"end":{"line":10,"column":22}},"loc":{"start":{"line":10,"column":98},"end":{"line":10,"column":102}}},"1":{"name":"(anonymous_1)","decl":{"start":{"line":12,"column":2},"end":{"line":12,"column":6}},"loc":{"start":{"line":12,"column":33},"end":{"line":14,"column":3}}}},"branchMap":{},"s":{"0":2,"1":2,"2":2,"3":2,"4":6,"5":6,"6":1,"7":2,"8":2},"f":{"0":6,"1":1},"b":{}}
,"C:\\Users\\Nicolas\\Desktop\\test6\\gateway\\src\\main\\webapp\\app\\account\\settings\\settings.component.html": {"path":"C:\\Users\\Nicolas\\Desktop\\test6\\gateway\\src\\main\\webapp\\app\\account\\settings\\settings.component.html","statementMap":{"0":{"start":{"line":1,"column":0},"end":{"line":1,"column":6519}}},"fnMap":{},"branchMap":{},"s":{"0":1},"f":{},"b":{},"inputSourceMap":null,"_coverageSchema":"1a1c01bbd47fc00a2c39e90264f33305004495a9","hash":"1d0edb9c08a633f559d1cee54988a4bf818ac2d9"}
,"C:\\Users\\Nicolas\\Desktop\\test6\\gateway\\src\\main\\webapp\\app\\account\\settings\\settings.component.ts": {"path":"C:\\Users\\Nicolas\\Desktop\\test6\\gateway\\src\\main\\webapp\\app\\account\\settings\\settings.component.ts","statementMap":{"0":{"start":{"line":1,"column":0},"end":{"line":1,"column":50}},"1":{"start":{"line":2,"column":0},"end":{"line":2,"column":9}},"2":{"start":{"line":3,"column":0},"end":{"line":3,"column":9}},"3":{"start":{"line":5,"column":0},"end":{"line":5,"column":9}},"4":{"start":{"line":7,"column":0},"end":{"line":7,"column":58}},"5":{"start":{"line":13,"column":30},"end":{"line":59,"column":null}},"6":{"start":{"line":24,"column":22},"end":{"line":24,"column":38}},"7":{"start":{"line":24,"column":62},"end":{"line":24,"column":66}},"8":{"start":{"line":24,"column":87},"end":{"line":24,"column":105}},"9":{"start":{"line":15,"column":2},"end":{"line":15,"column":18}},"10":{"start":{"line":16,"column":2},"end":{"line":16,"column":24}},"11":{"start":{"line":17,"column":2},"end":{"line":22,"column":5}},"12":{"start":{"line":27,"column":4},"end":{"line":38,"column":7}},"13":{"start":{"line":28,"column":6},"end":{"line":37,"column":null}},"14":{"start":{"line":29,"column":8},"end":{"line":34,"column":11}},"15":{"start":{"line":36,"column":8},"end":{"line":36,"column":31}},"16":{"start":{"line":42,"column":4},"end":{"line":42,"column":25}},"17":{"start":{"line":44,"column":4},"end":{"line":44,"column":71}},"18":{"start":{"line":45,"column":4},"end":{"line":45,"column":69}},"19":{"start":{"line":46,"column":4},"end":{"line":46,"column":63}},"20":{"start":{"line":47,"column":4},"end":{"line":47,"column":67}},"21":{"start":{"line":49,"column":4},"end":{"line":57,"column":7}},"22":{"start":{"line":50,"column":6},"end":{"line":50,"column":26}},"23":{"start":{"line":52,"column":6},"end":{"line":52,"column":53}},"24":{"start":{"line":54,"column":6},"end":{"line":56,"column":null}},"25":{"start":{"line":55,"column":8},"end":{"line":55,"column":56}},"26":{"start":{"line":13,"column":13},"end":{"line":59,"column":null}},"27":{"start":{"line":13,"column":13},"end":{"line":13,"column":30}}},"fnMap":{"0":{"name":"(anonymous_0)","decl":{"start":{"line":24,"column":2},"end":{"line":24,"column":22}},"loc":{"start":{"line":24,"column":121},"end":{"line":24,"column":125}}},"1":{"name":"(anonymous_1)","decl":{"start":{"line":26,"column":2},"end":{"line":26,"column":10}},"loc":{"start":{"line":26,"column":10},"end":{"line":39,"column":3}}},"2":{"name":"(anonymous_2)","decl":{"start":{"line":27,"column":45},"end":{"line":27,"column":52}},"loc":{"start":{"line":27,"column":55},"end":{"line":38,"column":5}}},"3":{"name":"(anonymous_3)","decl":{"start":{"line":41,"column":2},"end":{"line":41,"column":6}},"loc":{"start":{"line":41,"column":6},"end":{"line":58,"column":3}}},"4":{"name":"(anonymous_4)","decl":{"start":{"line":49,"column":53},"end":{"line":49,"column":56}},"loc":{"start":{"line":49,"column":58},"end":{"line":57,"column":5}}}},"branchMap":{"0":{"loc":{"start":{"line":28,"column":6},"end":{"line":37,"column":null}},"type":"if","locations":[{"start":{"line":28,"column":6},"end":{"line":37,"column":null}}]},"1":{"loc":{"start":{"line":54,"column":6},"end":{"line":56,"column":null}},"type":"if","locations":[{"start":{"line":54,"column":6},"end":{"line":56,"column":null}}]}},"s":{"0":1,"1":1,"2":1,"3":1,"4":1,"5":1,"6":3,"7":3,"8":3,"9":3,"10":3,"11":3,"12":3,"13":3,"14":3,"15":3,"16":3,"17":3,"18":3,"19":3,"20":3,"21":3,"22":2,"23":2,"24":2,"25":2,"26":1,"27":1},"f":{"0":3,"1":3,"2":3,"3":3,"4":2},"b":{"0":[3],"1":[2]}}
,"C:\\Users\\Nicolas\\Desktop\\test6\\gateway\\src\\main\\webapp\\app\\admin\\configuration\\configuration.component.html": {"path":"C:\\Users\\Nicolas\\Desktop\\test6\\gateway\\src\\main\\webapp\\app\\admin\\configuration\\configuration.component.html","statementMap":{"0":{"start":{"line":1,"column":0},"end":{"line":1,"column":2383}}},"fnMap":{},"branchMap":{},"s":{"0":1},"f":{},"b":{},"inputSourceMap":null,"_coverageSchema":"1a1c01bbd47fc00a2c39e90264f33305004495a9","hash":"6dc0b71d5791abb48eefc32273dc9f49bddac011"}
,"C:\\Users\\Nicolas\\Desktop\\test6\\gateway\\src\\main\\webapp\\app\\admin\\configuration\\configuration.component.ts": {"path":"C:\\Users\\Nicolas\\Desktop\\test6\\gateway\\src\\main\\webapp\\app\\admin\\configuration\\configuration.component.ts","statementMap":{"0":{"start":{"line":1,"column":0},"end":{"line":1,"column":50}},"1":{"start":{"line":3,"column":0},"end":{"line":3,"column":9}},"2":{"start":{"line":10,"column":35},"end":{"line":35,"column":null}},"3":{"start":{"line":17,"column":22},"end":{"line":17,"column":44}},"4":{"start":{"line":12,"column":2},"end":{"line":12,"column":21}},"5":{"start":{"line":13,"column":2},"end":{"line":13,"column":19}},"6":{"start":{"line":14,"column":2},"end":{"line":14,"column":24}},"7":{"start":{"line":15,"column":2},"end":{"line":15,"column":41}},"8":{"start":{"line":20,"column":4},"end":{"line":23,"column":7}},"9":{"start":{"line":21,"column":6},"end":{"line":21,"column":28}},"10":{"start":{"line":22,"column":6},"end":{"line":22,"column":32}},"11":{"start":{"line":25,"column":4},"end":{"line":25,"column":122}},"12":{"start":{"line":25,"column":81},"end":{"line":25,"column":119}},"13":{"start":{"line":29,"column":32},"end":{"line":29,"column":60}},"14":{"start":{"line":30,"column":39},"end":{"line":30,"column":67}},"15":{"start":{"line":31,"column":4},"end":{"line":33,"column":96}},"16":{"start":{"line":32,"column":22},"end":{"line":32,"column":109}},"17":{"start":{"line":33,"column":23},"end":{"line":33,"column":93}},"18":{"start":{"line":10,"column":13},"end":{"line":35,"column":null}},"19":{"start":{"line":10,"column":13},"end":{"line":10,"column":35}}},"fnMap":{"0":{"name":"(anonymous_0)","decl":{"start":{"line":17,"column":2},"end":{"line":17,"column":22}},"loc":{"start":{"line":17,"column":64},"end":{"line":17,"column":68}}},"1":{"name":"(anonymous_1)","decl":{"start":{"line":19,"column":2},"end":{"line":19,"column":10}},"loc":{"start":{"line":19,"column":10},"end":{"line":26,"column":3}}},"2":{"name":"(anonymous_2)","decl":{"start":{"line":20,"column":51},"end":{"line":20,"column":56}},"loc":{"start":{"line":20,"column":59},"end":{"line":23,"column":5}}},"3":{"name":"(anonymous_3)","decl":{"start":{"line":25,"column":61},"end":{"line":25,"column":76}},"loc":{"start":{"line":25,"column":81},"end":{"line":25,"column":119}}},"4":{"name":"(anonymous_4)","decl":{"start":{"line":28,"column":2},"end":{"line":28,"column":20}},"loc":{"start":{"line":28,"column":20},"end":{"line":34,"column":3}}},"5":{"name":"(anonymous_5)","decl":{"start":{"line":32,"column":14},"end":{"line":32,"column":18}},"loc":{"start":{"line":32,"column":22},"end":{"line":32,"column":109}}},"6":{"name":"(anonymous_6)","decl":{"start":{"line":33,"column":12},"end":{"line":33,"column":13}},"loc":{"start":{"line":33,"column":23},"end":{"line":33,"column":93}}}},"branchMap":{"0":{"loc":{"start":{"line":29,"column":32},"end":{"line":29,"column":60}},"type":"cond-expr","locations":[{"start":{"line":29,"column":54},"end":{"line":29,"column":56}},{"start":{"line":29,"column":59},"end":{"line":29,"column":60}}]},"1":{"loc":{"start":{"line":30,"column":39},"end":{"line":30,"column":67}},"type":"cond-expr","locations":[{"start":{"line":30,"column":61},"end":{"line":30,"column":62}},{"start":{"line":30,"column":65},"end":{"line":30,"column":67}}]},"2":{"loc":{"start":{"line":32,"column":22},"end":{"line":32,"column":109}},"type":"binary-expr","locations":[{"start":{"line":32,"column":22},"end":{"line":32,"column":39}},{"start":{"line":32,"column":43},"end":{"line":32,"column":109}}]},"3":{"loc":{"start":{"line":33,"column":23},"end":{"line":33,"column":93}},"type":"cond-expr","locations":[{"start":{"line":33,"column":45},"end":{"line":33,"column":64}},{"start":{"line":33,"column":67},"end":{"line":33,"column":93}}]}},"s":{"0":1,"1":1,"2":1,"3":1,"4":1,"5":1,"6":1,"7":1,"8":1,"9":1,"10":1,"11":1,"12":1,"13":1,"14":1,"15":1,"16":1,"17":0,"18":1,"19":1},"f":{"0":1,"1":1,"2":1,"3":1,"4":1,"5":1,"6":0},"b":{"0":[1,0],"1":[1,0],"2":[1,0],"3":[0,0]}}
,"C:\\Users\\Nicolas\\Desktop\\test6\\gateway\\src\\main\\webapp\\app\\admin\\configuration\\configuration.service.ts": {"path":"C:\\Users\\Nicolas\\Desktop\\test6\\gateway\\src\\main\\webapp\\app\\admin\\configuration\\configuration.service.ts","statementMap":{"0":{"start":{"line":1,"column":0},"end":{"line":1,"column":43}},"1":{"start":{"line":2,"column":0},"end":{"line":2,"column":9}},"2":{"start":{"line":4,"column":0},"end":{"line":4,"column":37}},"3":{"start":{"line":6,"column":0},"end":{"line":6,"column":9}},"4":{"start":{"line":10,"column":33},"end":{"line":28,"column":null}},"5":{"start":{"line":11,"column":22},"end":{"line":11,"column":28}},"6":{"start":{"line":11,"column":48},"end":{"line":11,"column":74}},"7":{"start":{"line":14,"column":4},"end":{"line":22,"column":6}},"8":{"start":{"line":16,"column":8},"end":{"line":19,"column":null}},"9":{"start":{"line":18,"column":28},"end":{"line":18,"column":41}},"10":{"start":{"line":19,"column":62},"end":{"line":19,"column":96}},"11":{"start":{"line":26,"column":4},"end":{"line":26,"column":132}},"12":{"start":{"line":26,"column":110},"end":{"line":26,"column":129}},"13":{"start":{"line":10,"column":13},"end":{"line":28,"column":null}},"14":{"start":{"line":10,"column":13},"end":{"line":10,"column":33}}},"fnMap":{"0":{"name":"(anonymous_0)","decl":{"start":{"line":11,"column":2},"end":{"line":11,"column":22}},"loc":{"start":{"line":11,"column":98},"end":{"line":11,"column":102}}},"1":{"name":"(anonymous_1)","decl":{"start":{"line":13,"column":2},"end":{"line":13,"column":10}},"loc":{"start":{"line":13,"column":10},"end":{"line":23,"column":3}}},"2":{"name":"(anonymous_2)","decl":{"start":{"line":15,"column":10},"end":{"line":15,"column":21}},"loc":{"start":{"line":16,"column":8},"end":{"line":19,"column":null}}},"3":{"name":"(anonymous_3)","decl":{"start":{"line":18,"column":17},"end":{"line":18,"column":24}},"loc":{"start":{"line":18,"column":28},"end":{"line":18,"column":41}}},"4":{"name":"(anonymous_4)","decl":{"start":{"line":19,"column":20},"end":{"line":19,"column":21}},"loc":{"start":{"line":19,"column":62},"end":{"line":19,"column":96}}},"5":{"name":"(anonymous_5)","decl":{"start":{"line":25,"column":2},"end":{"line":25,"column":20}},"loc":{"start":{"line":25,"column":20},"end":{"line":27,"column":3}}},"6":{"name":"(anonymous_6)","decl":{"start":{"line":26,"column":103},"end":{"line":26,"column":106}},"loc":{"start":{"line":26,"column":110},"end":{"line":26,"column":129}}}},"branchMap":{},"s":{"0":2,"1":2,"2":2,"3":2,"4":2,"5":3,"6":3,"7":1,"8":1,"9":1,"10":0,"11":1,"12":1,"13":2,"14":2},"f":{"0":3,"1":1,"2":1,"3":1,"4":0,"5":1,"6":1},"b":{}}
,"C:\\Users\\Nicolas\\Desktop\\test6\\gateway\\src\\main\\webapp\\app\\admin\\health\\health.component.html": {"path":"C:\\Users\\Nicolas\\Desktop\\test6\\gateway\\src\\main\\webapp\\app\\admin\\health\\health.component.html","statementMap":{"0":{"start":{"line":1,"column":0},"end":{"line":1,"column":1810}}},"fnMap":{},"branchMap":{},"s":{"0":1},"f":{},"b":{},"inputSourceMap":null,"_coverageSchema":"1a1c01bbd47fc00a2c39e90264f33305004495a9","hash":"88d47046b7608437f7aab3ebb079e8ea3b759023"}
,"C:\\Users\\Nicolas\\Desktop\\test6\\gateway\\src\\main\\webapp\\app\\admin\\health\\health.component.ts": {"path":"C:\\Users\\Nicolas\\Desktop\\test6\\gateway\\src\\main\\webapp\\app\\admin\\health\\health.component.ts","statementMap":{"0":{"start":{"line":1,"column":0},"end":{"line":1,"column":50}},"1":{"start":{"line":3,"column":0},"end":{"line":3,"column":9}},"2":{"start":{"line":5,"column":0},"end":{"line":5,"column":9}},"3":{"start":{"line":7,"column":0},"end":{"line":7,"column":70}},"4":{"start":{"line":13,"column":28},"end":{"line":44,"column":null}},"5":{"start":{"line":16,"column":22},"end":{"line":16,"column":36}},"6":{"start":{"line":16,"column":54},"end":{"line":16,"column":69}},"7":{"start":{"line":19,"column":4},"end":{"line":19,"column":19}},"8":{"start":{"line":23,"column":4},"end":{"line":25,"column":null}},"9":{"start":{"line":24,"column":6},"end":{"line":24,"column":29}},"10":{"start":{"line":26,"column":4},"end":{"line":26,"column":26}},"11":{"start":{"line":30,"column":4},"end":{"line":37,"column":6}},"12":{"start":{"line":31,"column":17},"end":{"line":31,"column":37}},"13":{"start":{"line":33,"column":8},"end":{"line":35,"column":null}},"14":{"start":{"line":34,"column":10},"end":{"line":34,"column":36}},"15":{"start":{"line":41,"column":21},"end":{"line":41,"column":65}},"16":{"start":{"line":42,"column":4},"end":{"line":42,"column":47}},"17":{"start":{"line":13,"column":13},"end":{"line":44,"column":null}},"18":{"start":{"line":13,"column":13},"end":{"line":13,"column":28}}},"fnMap":{"0":{"name":"(anonymous_0)","decl":{"start":{"line":16,"column":2},"end":{"line":16,"column":22}},"loc":{"start":{"line":16,"column":82},"end":{"line":16,"column":86}}},"1":{"name":"(anonymous_1)","decl":{"start":{"line":18,"column":2},"end":{"line":18,"column":10}},"loc":{"start":{"line":18,"column":10},"end":{"line":20,"column":3}}},"2":{"name":"(anonymous_2)","decl":{"start":{"line":22,"column":2},"end":{"line":22,"column":15}},"loc":{"start":{"line":22,"column":41},"end":{"line":27,"column":3}}},"3":{"name":"(anonymous_3)","decl":{"start":{"line":29,"column":2},"end":{"line":29,"column":9}},"loc":{"start":{"line":29,"column":9},"end":{"line":38,"column":3}}},"4":{"name":"(anonymous_4)","decl":{"start":{"line":31,"column":6},"end":{"line":31,"column":12}},"loc":{"start":{"line":31,"column":17},"end":{"line":31,"column":37}}},"5":{"name":"(anonymous_5)","decl":{"start":{"line":32,"column":6},"end":{"line":32,"column":7}},"loc":{"start":{"line":32,"column":35},"end":{"line":36,"column":7}}},"6":{"name":"(anonymous_6)","decl":{"start":{"line":40,"column":2},"end":{"line":40,"column":12}},"loc":{"start":{"line":40,"column":58},"end":{"line":43,"column":3}}}},"branchMap":{"0":{"loc":{"start":{"line":23,"column":4},"end":{"line":25,"column":null}},"type":"if","locations":[{"start":{"line":23,"column":4},"end":{"line":25,"column":null}}]},"1":{"loc":{"start":{"line":33,"column":8},"end":{"line":35,"column":null}},"type":"if","locations":[{"start":{"line":33,"column":8},"end":{"line":35,"column":null}}]}},"s":{"0":1,"1":1,"2":1,"3":1,"4":1,"5":3,"6":3,"7":1,"8":2,"9":1,"10":1,"11":2,"12":1,"13":1,"14":1,"15":0,"16":0,"17":1,"18":1},"f":{"0":3,"1":1,"2":2,"3":2,"4":1,"5":1,"6":0},"b":{"0":[1],"1":[1]}}
,"C:\\Users\\Nicolas\\Desktop\\test6\\gateway\\src\\main\\webapp\\app\\admin\\health\\health.service.ts": {"path":"C:\\Users\\Nicolas\\Desktop\\test6\\gateway\\src\\main\\webapp\\app\\admin\\health\\health.service.ts","statementMap":{"0":{"start":{"line":1,"column":0},"end":{"line":1,"column":43}},"1":{"start":{"line":2,"column":0},"end":{"line":2,"column":9}},"2":{"start":{"line":5,"column":0},"end":{"line":5,"column":9}},"3":{"start":{"line":9,"column":26},"end":{"line":15,"column":null}},"4":{"start":{"line":10,"column":22},"end":{"line":10,"column":28}},"5":{"start":{"line":10,"column":48},"end":{"line":10,"column":74}},"6":{"start":{"line":13,"column":4},"end":{"line":13,"column":100}},"7":{"start":{"line":9,"column":13},"end":{"line":15,"column":null}},"8":{"start":{"line":9,"column":13},"end":{"line":9,"column":26}}},"fnMap":{"0":{"name":"(anonymous_0)","decl":{"start":{"line":10,"column":2},"end":{"line":10,"column":22}},"loc":{"start":{"line":10,"column":98},"end":{"line":10,"column":102}}},"1":{"name":"(anonymous_1)","decl":{"start":{"line":12,"column":2},"end":{"line":12,"column":13}},"loc":{"start":{"line":12,"column":13},"end":{"line":14,"column":3}}}},"branchMap":{},"s":{"0":2,"1":2,"2":2,"3":2,"4":4,"5":4,"6":1,"7":2,"8":2},"f":{"0":4,"1":1},"b":{}}
,"C:\\Users\\Nicolas\\Desktop\\test6\\gateway\\src\\main\\webapp\\app\\admin\\health\\modal\\health-modal.component.html": {"path":"C:\\Users\\Nicolas\\Desktop\\test6\\gateway\\src\\main\\webapp\\app\\admin\\health\\modal\\health-modal.component.html","statementMap":{"0":{"start":{"line":1,"column":0},"end":{"line":1,"column":1368}}},"fnMap":{},"branchMap":{},"s":{"0":2},"f":{},"b":{},"inputSourceMap":null,"_coverageSchema":"1a1c01bbd47fc00a2c39e90264f33305004495a9","hash":"499c056b0966951682edfc77be964f9353fed616"}
,"C:\\Users\\Nicolas\\Desktop\\test6\\gateway\\src\\main\\webapp\\app\\admin\\health\\modal\\health-modal.component.ts": {"path":"C:\\Users\\Nicolas\\Desktop\\test6\\gateway\\src\\main\\webapp\\app\\admin\\health\\modal\\health-modal.component.ts","statementMap":{"0":{"start":{"line":1,"column":0},"end":{"line":1,"column":42}},"1":{"start":{"line":2,"column":0},"end":{"line":2,"column":9}},"2":{"start":{"line":10,"column":33},"end":{"line":34,"column":null}},"3":{"start":{"line":13,"column":22},"end":{"line":13,"column":35}},"4":{"start":{"line":16,"column":4},"end":{"line":23,"column":null}},"5":{"start":{"line":18,"column":18},"end":{"line":18,"column":36}},"6":{"start":{"line":19,"column":6},"end":{"line":21,"column":null}},"7":{"start":{"line":20,"column":8},"end":{"line":20,"column":38}},"8":{"start":{"line":22,"column":6},"end":{"line":22,"column":50}},"9":{"start":{"line":25,"column":4},"end":{"line":27,"column":null}},"10":{"start":{"line":26,"column":6},"end":{"line":26,"column":35}},"11":{"start":{"line":28,"column":4},"end":{"line":28,"column":25}},"12":{"start":{"line":32,"column":4},"end":{"line":32,"column":31}},"13":{"start":{"line":10,"column":13},"end":{"line":34,"column":null}},"14":{"start":{"line":10,"column":13},"end":{"line":10,"column":33}}},"fnMap":{"0":{"name":"(anonymous_0)","decl":{"start":{"line":13,"column":2},"end":{"line":13,"column":22}},"loc":{"start":{"line":13,"column":49},"end":{"line":13,"column":53}}},"1":{"name":"(anonymous_1)","decl":{"start":{"line":15,"column":2},"end":{"line":15,"column":15}},"loc":{"start":{"line":15,"column":26},"end":{"line":29,"column":3}}},"2":{"name":"(anonymous_2)","decl":{"start":{"line":31,"column":2},"end":{"line":31,"column":9}},"loc":{"start":{"line":31,"column":9},"end":{"line":33,"column":3}}}},"branchMap":{"0":{"loc":{"start":{"line":16,"column":4},"end":{"line":23,"column":null}},"type":"if","locations":[{"start":{"line":16,"column":4},"end":{"line":23,"column":null}}]},"1":{"loc":{"start":{"line":16,"column":8},"end":{"line":16,"column":24}},"type":"cond-expr","locations":[{"start":{"line":16,"column":19},"end":{"line":16,"column":21}},{"start":{"line":16,"column":19},"end":{"line":16,"column":24}}]},"2":{"loc":{"start":{"line":16,"column":8},"end":{"line":16,"column":21}},"type":"binary-expr","locations":[{"start":{"line":16,"column":8},"end":{"line":16,"column":21}},{"start":{"line":16,"column":19},"end":{"line":16,"column":21}}]},"3":{"loc":{"start":{"line":19,"column":6},"end":{"line":21,"column":null}},"type":"if","locations":[{"start":{"line":19,"column":6},"end":{"line":21,"column":null}}]},"4":{"loc":{"start":{"line":25,"column":4},"end":{"line":27,"column":null}},"type":"if","locations":[{"start":{"line":25,"column":4},"end":{"line":27,"column":null}}]}},"s":{"0":2,"1":2,"2":2,"3":6,"4":5,"5":2,"6":2,"7":1,"8":1,"9":3,"10":1,"11":2,"12":1,"13":2,"14":2},"f":{"0":6,"1":5,"2":1},"b":{"0":[2],"1":[2,3],"2":[5,5],"3":[1],"4":[1]}}
,"C:\\Users\\Nicolas\\Desktop\\test6\\gateway\\src\\main\\webapp\\app\\admin\\logs\\log.model.ts": {"path":"C:\\Users\\Nicolas\\Desktop\\test6\\gateway\\src\\main\\webapp\\app\\admin\\logs\\log.model.ts","statementMap":{"0":{"start":{"line":14,"column":21},"end":{"line":14,"column":33}},"1":{"start":{"line":14,"column":42},"end":{"line":14,"column":54}},"2":{"start":{"line":13,"column":0},"end":{"line":13,"column":13}}},"fnMap":{"0":{"name":"(anonymous_0)","decl":{"start":{"line":14,"column":2},"end":{"line":14,"column":21}},"loc":{"start":{"line":14,"column":54},"end":{"line":14,"column":58}}}},"branchMap":{},"s":{"0":4,"1":4,"2":1},"f":{"0":4},"b":{}}
,"C:\\Users\\Nicolas\\Desktop\\test6\\gateway\\src\\main\\webapp\\app\\admin\\logs\\logs.component.html": {"path":"C:\\Users\\Nicolas\\Desktop\\test6\\gateway\\src\\main\\webapp\\app\\admin\\logs\\logs.component.html","statementMap":{"0":{"start":{"line":1,"column":0},"end":{"line":1,"column":2587}}},"fnMap":{},"branchMap":{},"s":{"0":1},"f":{},"b":{},"inputSourceMap":null,"_coverageSchema":"1a1c01bbd47fc00a2c39e90264f33305004495a9","hash":"ce7e86b2109d9ab94b02a473c8b28e4a09a3f128"}
,"C:\\Users\\Nicolas\\Desktop\\test6\\gateway\\src\\main\\webapp\\app\\admin\\logs\\logs.component.ts": {"path":"C:\\Users\\Nicolas\\Desktop\\test6\\gateway\\src\\main\\webapp\\app\\admin\\logs\\logs.component.ts","statementMap":{"0":{"start":{"line":1,"column":0},"end":{"line":1,"column":50}},"1":{"start":{"line":3,"column":0},"end":{"line":3,"column":58}},"2":{"start":{"line":4,"column":0},"end":{"line":4,"column":9}},"3":{"start":{"line":10,"column":26},"end":{"line":48,"column":null}},"4":{"start":{"line":17,"column":22},"end":{"line":17,"column":35}},"5":{"start":{"line":13,"column":2},"end":{"line":13,"column":14}},"6":{"start":{"line":14,"column":2},"end":{"line":14,"column":32}},"7":{"start":{"line":15,"column":2},"end":{"line":15,"column":19}},"8":{"start":{"line":20,"column":4},"end":{"line":20,"column":33}},"9":{"start":{"line":24,"column":4},"end":{"line":24,"column":92}},"10":{"start":{"line":24,"column":62},"end":{"line":24,"column":90}},"11":{"start":{"line":28,"column":4},"end":{"line":39,"column":7}},"12":{"start":{"line":29,"column":16},"end":{"line":29,"column":93}},"13":{"start":{"line":31,"column":6},"end":{"line":37,"column":null}},"14":{"start":{"line":32,"column":8},"end":{"line":32,"column":39}},"15":{"start":{"line":33,"column":13},"end":{"line":37,"column":null}},"16":{"start":{"line":34,"column":8},"end":{"line":34,"column":39}},"17":{"start":{"line":35,"column":13},"end":{"line":37,"column":null}},"18":{"start":{"line":36,"column":8},"end":{"line":36,"column":40}},"19":{"start":{"line":38,"column":6},"end":{"line":38,"column":15}},"20":{"start":{"line":43,"column":4},"end":{"line":46,"column":7}},"21":{"start":{"line":44,"column":6},"end":{"line":44,"column":114}},"22":{"start":{"line":44,"column":77},"end":{"line":44,"column":112}},"23":{"start":{"line":45,"column":6},"end":{"line":45,"column":27}},"24":{"start":{"line":10,"column":13},"end":{"line":48,"column":null}},"25":{"start":{"line":10,"column":13},"end":{"line":10,"column":26}}},"fnMap":{"0":{"name":"(anonymous_0)","decl":{"start":{"line":17,"column":2},"end":{"line":17,"column":22}},"loc":{"start":{"line":17,"column":46},"end":{"line":17,"column":50}}},"1":{"name":"(anonymous_1)","decl":{"start":{"line":19,"column":2},"end":{"line":19,"column":10}},"loc":{"start":{"line":19,"column":10},"end":{"line":21,"column":3}}},"2":{"name":"(anonymous_2)","decl":{"start":{"line":23,"column":2},"end":{"line":23,"column":13}},"loc":{"start":{"line":23,"column":40},"end":{"line":25,"column":3}}},"3":{"name":"(anonymous_3)","decl":{"start":{"line":24,"column":56},"end":{"line":24,"column":59}},"loc":{"start":{"line":24,"column":62},"end":{"line":24,"column":90}}},"4":{"name":"(anonymous_4)","decl":{"start":{"line":27,"column":2},"end":{"line":27,"column":15}},"loc":{"start":{"line":27,"column":15},"end":{"line":40,"column":3}}},"5":{"name":"(anonymous_5)","decl":{"start":{"line":29,"column":6},"end":{"line":29,"column":12}},"loc":{"start":{"line":29,"column":16},"end":{"line":29,"column":93}}},"6":{"name":"(anonymous_6)","decl":{"start":{"line":30,"column":11},"end":{"line":30,"column":12}},"loc":{"start":{"line":30,"column":20},"end":{"line":39,"column":5}}},"7":{"name":"(anonymous_7)","decl":{"start":{"line":42,"column":10},"end":{"line":42,"column":31}},"loc":{"start":{"line":42,"column":31},"end":{"line":47,"column":3}}},"8":{"name":"(anonymous_8)","decl":{"start":{"line":43,"column":41},"end":{"line":43,"column":42}},"loc":{"start":{"line":43,"column":71},"end":{"line":46,"column":5}}},"9":{"name":"(anonymous_9)","decl":{"start":{"line":44,"column":58},"end":{"line":44,"column":59}},"loc":{"start":{"line":44,"column":77},"end":{"line":44,"column":112}}}},"branchMap":{"0":{"loc":{"start":{"line":29,"column":16},"end":{"line":29,"column":93}},"type":"binary-expr","locations":[{"start":{"line":29,"column":16},"end":{"line":29,"column":28}},{"start":{"line":29,"column":32},"end":{"line":29,"column":93}}]},"1":{"loc":{"start":{"line":31,"column":6},"end":{"line":37,"column":null}},"type":"if","locations":[{"start":{"line":31,"column":6},"end":{"line":37,"column":null}},{"start":{"line":33,"column":13},"end":{"line":37,"column":null}}]},"2":{"loc":{"start":{"line":32,"column":15},"end":{"line":32,"column":38}},"type":"cond-expr","locations":[{"start":{"line":32,"column":32},"end":{"line":32,"column":34}},{"start":{"line":32,"column":37},"end":{"line":32,"column":38}}]},"3":{"loc":{"start":{"line":33,"column":13},"end":{"line":37,"column":null}},"type":"if","locations":[{"start":{"line":33,"column":13},"end":{"line":37,"column":null}},{"start":{"line":35,"column":13},"end":{"line":37,"column":null}}]},"4":{"loc":{"start":{"line":34,"column":15},"end":{"line":34,"column":38}},"type":"cond-expr","locations":[{"start":{"line":34,"column":32},"end":{"line":34,"column":33}},{"start":{"line":34,"column":36},"end":{"line":34,"column":38}}]},"5":{"loc":{"start":{"line":35,"column":13},"end":{"line":37,"column":null}},"type":"if","locations":[{"start":{"line":35,"column":13},"end":{"line":37,"column":null}}]},"6":{"loc":{"start":{"line":36,"column":15},"end":{"line":36,"column":39}},"type":"cond-expr","locations":[{"start":{"line":36,"column":33},"end":{"line":36,"column":35}},{"start":{"line":36,"column":38},"end":{"line":36,"column":39}}]}},"s":{"0":1,"1":1,"2":1,"3":1,"4":3,"5":3,"6":3,"7":3,"8":1,"9":1,"10":1,"11":2,"12":2,"13":0,"14":0,"15":0,"16":0,"17":0,"18":0,"19":0,"20":2,"21":2,"22":2,"23":2,"24":1,"25":1},"f":{"0":3,"1":1,"2":1,"3":1,"4":2,"5":2,"6":0,"7":2,"8":2,"9":2},"b":{"0":[2,0],"1":[0,0],"2":[0,0],"3":[0,0],"4":[0,0],"5":[0],"6":[0,0]}}
,"C:\\Users\\Nicolas\\Desktop\\test6\\gateway\\src\\main\\webapp\\app\\admin\\logs\\logs.service.ts": {"path":"C:\\Users\\Nicolas\\Desktop\\test6\\gateway\\src\\main\\webapp\\app\\admin\\logs\\logs.service.ts","statementMap":{"0":{"start":{"line":1,"column":0},"end":{"line":1,"column":43}},"1":{"start":{"line":2,"column":0},"end":{"line":2,"column":9}},"2":{"start":{"line":5,"column":0},"end":{"line":5,"column":9}},"3":{"start":{"line":9,"column":24},"end":{"line":19,"column":null}},"4":{"start":{"line":10,"column":22},"end":{"line":10,"column":28}},"5":{"start":{"line":10,"column":48},"end":{"line":10,"column":74}},"6":{"start":{"line":13,"column":4},"end":{"line":13,"column":123}},"7":{"start":{"line":17,"column":4},"end":{"line":17,"column":110}},"8":{"start":{"line":9,"column":13},"end":{"line":19,"column":null}},"9":{"start":{"line":9,"column":13},"end":{"line":9,"column":24}}},"fnMap":{"0":{"name":"(anonymous_0)","decl":{"start":{"line":10,"column":2},"end":{"line":10,"column":22}},"loc":{"start":{"line":10,"column":98},"end":{"line":10,"column":102}}},"1":{"name":"(anonymous_1)","decl":{"start":{"line":12,"column":2},"end":{"line":12,"column":13}},"loc":{"start":{"line":12,"column":50},"end":{"line":14,"column":3}}},"2":{"name":"(anonymous_2)","decl":{"start":{"line":16,"column":2},"end":{"line":16,"column":9}},"loc":{"start":{"line":16,"column":9},"end":{"line":18,"column":3}}}},"branchMap":{},"s":{"0":2,"1":2,"2":2,"3":2,"4":4,"5":4,"6":1,"7":0,"8":2,"9":2},"f":{"0":4,"1":1,"2":0},"b":{}}
,"C:\\Users\\Nicolas\\Desktop\\test6\\gateway\\src\\main\\webapp\\app\\admin\\metrics\\metrics.component.html": {"path":"C:\\Users\\Nicolas\\Desktop\\test6\\gateway\\src\\main\\webapp\\app\\admin\\metrics\\metrics.component.html","statementMap":{"0":{"start":{"line":1,"column":0},"end":{"line":1,"column":2018}}},"fnMap":{},"branchMap":{},"s":{"0":1},"f":{},"b":{},"inputSourceMap":null,"_coverageSchema":"1a1c01bbd47fc00a2c39e90264f33305004495a9","hash":"e568fd22396169e6c38fd4c707fa2df4b2aba9be"}
,"C:\\Users\\Nicolas\\Desktop\\test6\\gateway\\src\\main\\webapp\\app\\admin\\metrics\\metrics.component.ts": {"path":"C:\\Users\\Nicolas\\Desktop\\test6\\gateway\\src\\main\\webapp\\app\\admin\\metrics\\metrics.component.ts","statementMap":{"0":{"start":{"line":1,"column":0},"end":{"line":1,"column":53}},"1":{"start":{"line":2,"column":0},"end":{"line":2,"column":37}},"2":{"start":{"line":4,"column":0},"end":{"line":4,"column":9}},"3":{"start":{"line":12,"column":29},"end":{"line":40,"column":null}},"4":{"start":{"line":17,"column":22},"end":{"line":17,"column":38}},"5":{"start":{"line":17,"column":62},"end":{"line":17,"column":78}},"6":{"start":{"line":15,"column":2},"end":{"line":15,"column":25}},"7":{"start":{"line":20,"column":4},"end":{"line":20,"column":19}},"8":{"start":{"line":24,"column":4},"end":{"line":24,"column":32}},"9":{"start":{"line":25,"column":4},"end":{"line":30,"column":7}},"10":{"start":{"line":26,"column":6},"end":{"line":26,"column":29}},"11":{"start":{"line":27,"column":6},"end":{"line":27,"column":40}},"12":{"start":{"line":28,"column":6},"end":{"line":28,"column":35}},"13":{"start":{"line":29,"column":6},"end":{"line":29,"column":41}},"14":{"start":{"line":34,"column":4},"end":{"line":34,"column":40}},"15":{"start":{"line":38,"column":4},"end":{"line":38,"column":86}},"16":{"start":{"line":12,"column":13},"end":{"line":40,"column":null}},"17":{"start":{"line":12,"column":13},"end":{"line":12,"column":29}}},"fnMap":{"0":{"name":"(anonymous_0)","decl":{"start":{"line":17,"column":2},"end":{"line":17,"column":22}},"loc":{"start":{"line":17,"column":95},"end":{"line":17,"column":99}}},"1":{"name":"(anonymous_1)","decl":{"start":{"line":19,"column":2},"end":{"line":19,"column":10}},"loc":{"start":{"line":19,"column":10},"end":{"line":21,"column":3}}},"2":{"name":"(anonymous_2)","decl":{"start":{"line":23,"column":2},"end":{"line":23,"column":9}},"loc":{"start":{"line":23,"column":9},"end":{"line":31,"column":3}}},"3":{"name":"(anonymous_3)","decl":{"start":{"line":25,"column":98},"end":{"line":25,"column":99}},"loc":{"start":{"line":25,"column":124},"end":{"line":30,"column":5}}},"4":{"name":"(anonymous_4)","decl":{"start":{"line":33,"column":2},"end":{"line":33,"column":18}},"loc":{"start":{"line":33,"column":37},"end":{"line":35,"column":3}}},"5":{"name":"(anonymous_5)","decl":{"start":{"line":37,"column":2},"end":{"line":37,"column":35}},"loc":{"start":{"line":37,"column":54},"end":{"line":39,"column":3}}}},"branchMap":{"0":{"loc":{"start":{"line":34,"column":19},"end":{"line":34,"column":38}},"type":"cond-expr","locations":[{"start":{"line":34,"column":31},"end":{"line":34,"column":34}},{"start":{"line":34,"column":31},"end":{"line":34,"column":38}}]},"1":{"loc":{"start":{"line":34,"column":19},"end":{"line":34,"column":34}},"type":"binary-expr","locations":[{"start":{"line":34,"column":19},"end":{"line":34,"column":34}},{"start":{"line":34,"column":31},"end":{"line":34,"column":34}}]},"2":{"loc":{"start":{"line":38,"column":19},"end":{"line":38,"column":84}},"type":"binary-expr","locations":[{"start":{"line":38,"column":19},"end":{"line":38,"column":38}},{"start":{"line":38,"column":42},"end":{"line":38,"column":84}}]},"3":{"loc":{"start":{"line":38,"column":19},"end":{"line":38,"column":38}},"type":"cond-expr","locations":[{"start":{"line":38,"column":31},"end":{"line":38,"column":34}},{"start":{"line":38,"column":31},"end":{"line":38,"column":38}}]},"4":{"loc":{"start":{"line":38,"column":19},"end":{"line":38,"column":34}},"type":"binary-expr","locations":[{"start":{"line":38,"column":19},"end":{"line":38,"column":34}},{"start":{"line":38,"column":31},"end":{"line":38,"column":34}}]}},"s":{"0":1,"1":1,"2":1,"3":1,"4":1,"5":1,"6":1,"7":1,"8":1,"9":1,"10":0,"11":0,"12":0,"13":0,"14":0,"15":0,"16":1,"17":1},"f":{"0":1,"1":1,"2":1,"3":0,"4":0,"5":0},"b":{"0":[0,0],"1":[0,0],"2":[0,0],"3":[0,0],"4":[0,0]}}
,"C:\\Users\\Nicolas\\Desktop\\test6\\gateway\\src\\main\\webapp\\app\\admin\\metrics\\metrics.model.ts": {"path":"C:\\Users\\Nicolas\\Desktop\\test6\\gateway\\src\\main\\webapp\\app\\admin\\metrics\\metrics.model.ts","statementMap":{"0":{"start":{"line":83,"column":0},"end":{"line":83,"column":null}},"1":{"start":{"line":84,"column":2},"end":{"line":84,"column":null}},"2":{"start":{"line":85,"column":2},"end":{"line":85,"column":null}},"3":{"start":{"line":86,"column":2},"end":{"line":86,"column":null}},"4":{"start":{"line":87,"column":2},"end":{"line":87,"column":null}},"5":{"start":{"line":88,"column":2},"end":{"line":88,"column":null}},"6":{"start":{"line":152,"column":0},"end":{"line":152,"column":null}},"7":{"start":{"line":153,"column":2},"end":{"line":153,"column":null}},"8":{"start":{"line":154,"column":2},"end":{"line":154,"column":null}},"9":{"start":{"line":155,"column":2},"end":{"line":155,"column":null}},"10":{"start":{"line":156,"column":2},"end":{"line":156,"column":null}},"11":{"start":{"line":157,"column":2},"end":{"line":157,"column":null}},"12":{"start":{"line":158,"column":2},"end":{"line":158,"column":null}}},"fnMap":{"0":{"name":"(anonymous_0)","decl":{"start":{"line":83,"column":0},"end":{"line":83,"column":12}},"loc":{"start":{"line":83,"column":22},"end":{"line":89,"column":1}}},"1":{"name":"(anonymous_1)","decl":{"start":{"line":152,"column":0},"end":{"line":152,"column":12}},"loc":{"start":{"line":152,"column":23},"end":{"line":159,"column":1}}}},"branchMap":{"0":{"loc":{"start":{"line":83,"column":12},"end":{"line":83,"column":null}},"type":"binary-expr","locations":[{"start":{"line":83,"column":12},"end":{"line":83,"column":22}},{"start":{"line":83,"column":12},"end":{"line":83,"column":null}}]},"1":{"loc":{"start":{"line":152,"column":12},"end":{"line":152,"column":null}},"type":"binary-expr","locations":[{"start":{"line":152,"column":12},"end":{"line":152,"column":23}},{"start":{"line":152,"column":12},"end":{"line":152,"column":null}}]}},"s":{"0":1,"1":1,"2":1,"3":1,"4":1,"5":1,"6":1,"7":1,"8":1,"9":1,"10":1,"11":1,"12":1},"f":{"0":1,"1":1},"b":{"0":[1,1],"1":[1,1]}}
,"C:\\Users\\Nicolas\\Desktop\\test6\\gateway\\src\\main\\webapp\\app\\admin\\metrics\\metrics.service.ts": {"path":"C:\\Users\\Nicolas\\Desktop\\test6\\gateway\\src\\main\\webapp\\app\\admin\\metrics\\metrics.service.ts","statementMap":{"0":{"start":{"line":1,"column":0},"end":{"line":1,"column":43}},"1":{"start":{"line":2,"column":0},"end":{"line":2,"column":9}},"2":{"start":{"line":5,"column":0},"end":{"line":5,"column":9}},"3":{"start":{"line":9,"column":27},"end":{"line":19,"column":null}},"4":{"start":{"line":10,"column":22},"end":{"line":10,"column":28}},"5":{"start":{"line":10,"column":48},"end":{"line":10,"column":74}},"6":{"start":{"line":13,"column":4},"end":{"line":13,"column":105}},"7":{"start":{"line":17,"column":4},"end":{"line":17,"column":108}},"8":{"start":{"line":9,"column":13},"end":{"line":19,"column":null}},"9":{"start":{"line":9,"column":13},"end":{"line":9,"column":27}}},"fnMap":{"0":{"name":"(anonymous_0)","decl":{"start":{"line":10,"column":2},"end":{"line":10,"column":22}},"loc":{"start":{"line":10,"column":98},"end":{"line":10,"column":102}}},"1":{"name":"(anonymous_1)","decl":{"start":{"line":12,"column":2},"end":{"line":12,"column":12}},"loc":{"start":{"line":12,"column":12},"end":{"line":14,"column":3}}},"2":{"name":"(anonymous_2)","decl":{"start":{"line":16,"column":2},"end":{"line":16,"column":12}},"loc":{"start":{"line":16,"column":12},"end":{"line":18,"column":3}}}},"branchMap":{},"s":{"0":2,"1":2,"2":2,"3":2,"4":3,"5":3,"6":1,"7":2,"8":2,"9":2},"f":{"0":3,"1":1,"2":2},"b":{}}
,"C:\\Users\\Nicolas\\Desktop\\test6\\gateway\\src\\main\\webapp\\app\\admin\\user-management\\user-management.model.ts": {"path":"C:\\Users\\Nicolas\\Desktop\\test6\\gateway\\src\\main\\webapp\\app\\admin\\user-management\\user-management.model.ts","statementMap":{"0":{"start":{"line":18,"column":11},"end":{"line":18,"column":22}},"1":{"start":{"line":19,"column":11},"end":{"line":19,"column":25}},"2":{"start":{"line":20,"column":11},"end":{"line":20,"column":36}},"3":{"start":{"line":21,"column":11},"end":{"line":21,"column":35}},"4":{"start":{"line":22,"column":11},"end":{"line":22,"column":25}},"5":{"start":{"line":23,"column":11},"end":{"line":23,"column":30}},"6":{"start":{"line":24,"column":11},"end":{"line":24,"column":27}},"7":{"start":{"line":25,"column":11},"end":{"line":25,"column":33}},"8":{"start":{"line":26,"column":11},"end":{"line":26,"column":29}},"9":{"start":{"line":27,"column":11},"end":{"line":27,"column":29}},"10":{"start":{"line":28,"column":11},"end":{"line":28,"column":34}},"11":{"start":{"line":29,"column":11},"end":{"line":29,"column":34}},"12":{"start":{"line":16,"column":0},"end":{"line":16,"column":13}}},"fnMap":{"0":{"name":"(anonymous_0)","decl":{"start":{"line":17,"column":2},"end":{"line":17,"column":null}},"loc":{"start":{"line":29,"column":34},"end":{"line":30,"column":6}}}},"branchMap":{},"s":{"0":9,"1":9,"2":9,"3":9,"4":9,"5":9,"6":9,"7":9,"8":9,"9":9,"10":9,"11":9,"12":4},"f":{"0":9},"b":{}}
,"C:\\Users\\Nicolas\\Desktop\\test6\\gateway\\src\\main\\webapp\\app\\admin\\user-management\\delete\\user-management-delete-dialog.component.html": {"path":"C:\\Users\\Nicolas\\Desktop\\test6\\gateway\\src\\main\\webapp\\app\\admin\\user-management\\delete\\user-management-delete-dialog.component.html","statementMap":{"0":{"start":{"line":1,"column":0},"end":{"line":1,"column":1067}}},"fnMap":{},"branchMap":{},"s":{"0":2},"f":{},"b":{},"inputSourceMap":null,"_coverageSchema":"1a1c01bbd47fc00a2c39e90264f33305004495a9","hash":"fd212ec33cec60bb56e101d581a2514823160e27"}
,"C:\\Users\\Nicolas\\Desktop\\test6\\gateway\\src\\main\\webapp\\app\\admin\\user-management\\delete\\user-management-delete-dialog.component.ts": {"path":"C:\\Users\\Nicolas\\Desktop\\test6\\gateway\\src\\main\\webapp\\app\\admin\\user-management\\delete\\user-management-delete-dialog.component.ts","statementMap":{"0":{"start":{"line":1,"column":0},"end":{"line":1,"column":42}},"1":{"start":{"line":2,"column":0},"end":{"line":2,"column":9}},"2":{"start":{"line":5,"column":0},"end":{"line":5,"column":9}},"3":{"start":{"line":11,"column":48},"end":{"line":25,"column":null}},"4":{"start":{"line":14,"column":22},"end":{"line":14,"column":35}},"5":{"start":{"line":14,"column":66},"end":{"line":14,"column":79}},"6":{"start":{"line":17,"column":4},"end":{"line":17,"column":31}},"7":{"start":{"line":21,"column":4},"end":{"line":23,"column":7}},"8":{"start":{"line":22,"column":6},"end":{"line":22,"column":40}},"9":{"start":{"line":11,"column":13},"end":{"line":25,"column":null}},"10":{"start":{"line":11,"column":13},"end":{"line":11,"column":48}}},"fnMap":{"0":{"name":"(anonymous_0)","decl":{"start":{"line":14,"column":2},"end":{"line":14,"column":22}},"loc":{"start":{"line":14,"column":93},"end":{"line":14,"column":97}}},"1":{"name":"(anonymous_1)","decl":{"start":{"line":16,"column":2},"end":{"line":16,"column":8}},"loc":{"start":{"line":16,"column":8},"end":{"line":18,"column":3}}},"2":{"name":"(anonymous_2)","decl":{"start":{"line":20,"column":2},"end":{"line":20,"column":15}},"loc":{"start":{"line":20,"column":29},"end":{"line":24,"column":3}}},"3":{"name":"(anonymous_3)","decl":{"start":{"line":21,"column":45},"end":{"line":21,"column":48}},"loc":{"start":{"line":21,"column":50},"end":{"line":23,"column":5}}}},"branchMap":{},"s":{"0":2,"1":2,"2":2,"3":2,"4":1,"5":1,"6":0,"7":1,"8":1,"9":2,"10":2},"f":{"0":1,"1":0,"2":1,"3":1},"b":{}}
,"C:\\Users\\Nicolas\\Desktop\\test6\\gateway\\src\\main\\webapp\\app\\admin\\user-management\\detail\\user-management-detail.component.html": {"path":"C:\\Users\\Nicolas\\Desktop\\test6\\gateway\\src\\main\\webapp\\app\\admin\\user-management\\detail\\user-management-detail.component.html","statementMap":{"0":{"start":{"line":1,"column":0},"end":{"line":1,"column":2356}}},"fnMap":{},"branchMap":{},"s":{"0":1},"f":{},"b":{},"inputSourceMap":null,"_coverageSchema":"1a1c01bbd47fc00a2c39e90264f33305004495a9","hash":"c6449ef4a4c21d83c8a6e675628be48ddcbc041c"}
,"C:\\Users\\Nicolas\\Desktop\\test6\\gateway\\src\\main\\webapp\\app\\admin\\user-management\\detail\\user-management-detail.component.ts": {"path":"C:\\Users\\Nicolas\\Desktop\\test6\\gateway\\src\\main\\webapp\\app\\admin\\user-management\\detail\\user-management-detail.component.ts","statementMap":{"0":{"start":{"line":1,"column":0},"end":{"line":1,"column":50}},"1":{"start":{"line":2,"column":0},"end":{"line":2,"column":9}},"2":{"start":{"line":10,"column":42},"end":{"line":20,"column":null}},"3":{"start":{"line":13,"column":22},"end":{"line":13,"column":29}},"4":{"start":{"line":11,"column":2},"end":{"line":11,"column":27}},"5":{"start":{"line":16,"column":4},"end":{"line":18,"column":7}},"6":{"start":{"line":17,"column":6},"end":{"line":17,"column":23}},"7":{"start":{"line":10,"column":13},"end":{"line":20,"column":null}},"8":{"start":{"line":10,"column":13},"end":{"line":10,"column":42}}},"fnMap":{"0":{"name":"(anonymous_0)","decl":{"start":{"line":13,"column":2},"end":{"line":13,"column":22}},"loc":{"start":{"line":13,"column":43},"end":{"line":13,"column":47}}},"1":{"name":"(anonymous_1)","decl":{"start":{"line":15,"column":2},"end":{"line":15,"column":10}},"loc":{"start":{"line":15,"column":10},"end":{"line":19,"column":3}}},"2":{"name":"(anonymous_2)","decl":{"start":{"line":16,"column":30},"end":{"line":16,"column":31}},"loc":{"start":{"line":16,"column":43},"end":{"line":18,"column":5}}}},"branchMap":{},"s":{"0":1,"1":1,"2":1,"3":1,"4":1,"5":1,"6":1,"7":1,"8":1},"f":{"0":1,"1":1,"2":1},"b":{}}
,"C:\\Users\\Nicolas\\Desktop\\test6\\gateway\\src\\main\\webapp\\app\\admin\\user-management\\list\\user-management.component.html": {"path":"C:\\Users\\Nicolas\\Desktop\\test6\\gateway\\src\\main\\webapp\\app\\admin\\user-management\\list\\user-management.component.html","statementMap":{"0":{"start":{"line":1,"column":0},"end":{"line":1,"column":5636}}},"fnMap":{},"branchMap":{},"s":{"0":1},"f":{},"b":{},"inputSourceMap":null,"_coverageSchema":"1a1c01bbd47fc00a2c39e90264f33305004495a9","hash":"2b127835a8245404e536ef37d029a1fb540c5689"}
[...]
0,"column":23}},"5":{"start":{"line":15,"column":4},"end":{"line":15,"column":42}},"6":{"start":{"line":19,"column":20},"end":{"line":19,"column":57}},"7":{"start":{"line":20,"column":4},"end":{"line":22,"column":null}},"8":{"start":{"line":21,"column":6},"end":{"line":21,"column":52}},"9":{"start":{"line":23,"column":4},"end":{"line":23,"column":19}},"10":{"start":{"line":27,"column":4},"end":{"line":27,"column":30}},"11":{"start":{"line":31,"column":4},"end":{"line":31,"column":31}},"12":{"start":{"line":9,"column":13},"end":{"line":33,"column":null}},"13":{"start":{"line":9,"column":13},"end":{"line":9,"column":27}}},"fnMap":{"0":{"name":"(anonymous_0)","decl":{"start":{"line":12,"column":2},"end":{"line":12,"column":22}},"loc":{"start":{"line":12,"column":48},"end":{"line":12,"column":52}}},"1":{"name":"(anonymous_1)","decl":{"start":{"line":14,"column":2},"end":{"line":14,"column":10}},"loc":{"start":{"line":14,"column":10},"end":{"line":16,"column":3}}},"2":{"name":"(anonymous_2)","decl":{"start":{"line":18,"column":2},"end":{"line":18,"column":12}},"loc":{"start":{"line":18,"column":25},"end":{"line":24,"column":3}}},"3":{"name":"(anonymous_3)","decl":{"start":{"line":26,"column":2},"end":{"line":26,"column":13}},"loc":{"start":{"line":26,"column":13},"end":{"line":28,"column":3}}},"4":{"name":"(anonymous_4)","decl":{"start":{"line":30,"column":2},"end":{"line":30,"column":7}},"loc":{"start":{"line":30,"column":20},"end":{"line":32,"column":3}}}},"branchMap":{"0":{"loc":{"start":{"line":20,"column":4},"end":{"line":22,"column":null}},"type":"if","locations":[{"start":{"line":20,"column":4},"end":{"line":22,"column":null}}]},"1":{"loc":{"start":{"line":31,"column":4},"end":{"line":31,"column":30}},"type":"cond-expr","locations":[{"start":{"line":31,"column":15},"end":{"line":31,"column":18}},{"start":{"line":31,"column":15},"end":{"line":31,"column":30}}]},"2":{"loc":{"start":{"line":31,"column":4},"end":{"line":31,"column":18}},"type":"binary-expr","locations":[{"start":{"line":31,"column":4},"end":{"line":31,"column":18}},{"start":{"line":31,"column":15},"end":{"line":31,"column":18}}]}},"s":{"0":1,"1":1,"2":1,"3":2,"4":2,"5":1,"6":0,"7":0,"8":0,"9":0,"10":2,"11":0,"12":1,"13":1},"f":{"0":2,"1":1,"2":0,"3":2,"4":0},"b":{"0":[0],"1":[0,0],"2":[0,0]}}
,"C:\\Users\\Nicolas\\Desktop\\test6\\gateway\\src\\main\\webapp\\app\\shared\\auth\\has-any-authority.directive.ts": {"path":"C:\\Users\\Nicolas\\Desktop\\test6\\gateway\\src\\main\\webapp\\app\\shared\\auth\\has-any-authority.directive.ts","statementMap":{"0":{"start":{"line":1,"column":0},"end":{"line":1,"column":27}},"1":{"start":{"line":2,"column":0},"end":{"line":2,"column":31}},"2":{"start":{"line":3,"column":0},"end":{"line":3,"column":43}},"3":{"start":{"line":5,"column":0},"end":{"line":5,"column":9}},"4":{"start":{"line":21,"column":37},"end":{"line":53,"column":null}},"5":{"start":{"line":26,"column":22},"end":{"line":26,"column":38}},"6":{"start":{"line":26,"column":62},"end":{"line":26,"column":75}},"7":{"start":{"line":26,"column":101},"end":{"line":26,"column":119}},"8":{"start":{"line":24,"column":19},"end":{"line":24,"column":50}},"9":{"start":{"line":30,"column":4},"end":{"line":30,"column":29}},"10":{"start":{"line":31,"column":4},"end":{"line":31,"column":22}},"11":{"start":{"line":33,"column":4},"end":{"line":38,"column":9}},"12":{"start":{"line":37,"column":8},"end":{"line":37,"column":26}},"13":{"start":{"line":42,"column":4},"end":{"line":42,"column":25}},"14":{"start":{"line":43,"column":4},"end":{"line":43,"column":29}},"15":{"start":{"line":47,"column":28},"end":{"line":47,"column":81}},"16":{"start":{"line":48,"column":4},"end":{"line":48,"column":34}},"17":{"start":{"line":49,"column":4},"end":{"line":51,"column":null}},"18":{"start":{"line":50,"column":6},"end":{"line":50,"column":65}},"19":{"start":{"line":21,"column":13},"end":{"line":53,"column":null}},"20":{"start":{"line":21,"column":13},"end":{"line":21,"column":37}}},"fnMap":{"0":{"name":"(anonymous_0)","decl":{"start":{"line":26,"column":2},"end":{"line":26,"column":22}},"loc":{"start":{"line":26,"column":135},"end":{"line":26,"column":139}}},"1":{"name":"(anonymous_1)","decl":{"start":{"line":28,"column":2},"end":{"line":28,"column":3}},"loc":{"start":{"line":29,"column":49},"end":{"line":39,"column":3}}},"2":{"name":"(anonymous_2)","decl":{"start":{"line":36,"column":17},"end":{"line":36,"column":20}},"loc":{"start":{"line":36,"column":22},"end":{"line":38,"column":7}}},"3":{"name":"(anonymous_3)","decl":{"start":{"line":41,"column":2},"end":{"line":41,"column":13}},"loc":{"start":{"line":41,"column":13},"end":{"line":44,"column":3}}},"4":{"name":"(anonymous_4)","decl":{"start":{"line":46,"column":10},"end":{"line":46,"column":20}},"loc":{"start":{"line":46,"column":20},"end":{"line":52,"column":3}}}},"branchMap":{"0":{"loc":{"start":{"line":49,"column":4},"end":{"line":51,"column":null}},"type":"if","locations":[{"start":{"line":49,"column":4},"end":{"line":51,"column":null}}]}},"s":{"0":1,"1":1,"2":1,"3":1,"4":1,"5":4,"6":4,"7":4,"8":4,"9":4,"10":4,"11":4,"12":3,"13":4,"14":4,"15":7,"16":7,"17":7,"18":5,"19":1,"20":1},"f":{"0":4,"1":4,"2":3,"3":4,"4":7},"b":{"0":[5]}}
,"C:\\Users\\Nicolas\\Desktop\\test6\\gateway\\src\\main\\webapp\\app\\shared\\date\\format-medium-date.pipe.ts": {"path":"C:\\Users\\Nicolas\\Desktop\\test6\\gateway\\src\\main\\webapp\\app\\shared\\date\\format-medium-date.pipe.ts","statementMap":{"0":{"start":{"line":1,"column":0},"end":{"line":1,"column":52}},"1":{"start":{"line":8,"column":33},"end":{"line":12,"column":null}},"2":{"start":{"line":10,"column":4},"end":{"line":10,"column":47}},"3":{"start":{"line":8,"column":13},"end":{"line":12,"column":null}},"4":{"start":{"line":8,"column":13},"end":{"line":8,"column":33}}},"fnMap":{"0":{"name":"(anonymous_0)","decl":{"start":{"line":9,"column":2},"end":{"line":9,"column":11}},"loc":{"start":{"line":9,"column":47},"end":{"line":11,"column":3}}}},"branchMap":{"0":{"loc":{"start":{"line":10,"column":11},"end":{"line":10,"column":46}},"type":"cond-expr","locations":[{"start":{"line":10,"column":17},"end":{"line":10,"column":41}},{"start":{"line":10,"column":44},"end":{"line":10,"column":46}}]}},"s":{"0":1,"1":1,"2":3,"3":1,"4":1},"f":{"0":3},"b":{"0":[1,2]}}
,"C:\\Users\\Nicolas\\Desktop\\test6\\gateway\\src\\main\\webapp\\app\\shared\\date\\format-medium-datetime.pipe.ts": {"path":"C:\\Users\\Nicolas\\Desktop\\test6\\gateway\\src\\main\\webapp\\app\\shared\\date\\format-medium-datetime.pipe.ts","statementMap":{"0":{"start":{"line":1,"column":0},"end":{"line":1,"column":52}},"1":{"start":{"line":8,"column":37},"end":{"line":12,"column":null}},"2":{"start":{"line":10,"column":4},"end":{"line":10,"column":56}},"3":{"start":{"line":8,"column":13},"end":{"line":12,"column":null}},"4":{"start":{"line":8,"column":13},"end":{"line":8,"column":37}}},"fnMap":{"0":{"name":"(anonymous_0)","decl":{"start":{"line":9,"column":2},"end":{"line":9,"column":11}},"loc":{"start":{"line":9,"column":47},"end":{"line":11,"column":3}}}},"branchMap":{"0":{"loc":{"start":{"line":10,"column":11},"end":{"line":10,"column":55}},"type":"cond-expr","locations":[{"start":{"line":10,"column":17},"end":{"line":10,"column":50}},{"start":{"line":10,"column":53},"end":{"line":10,"column":55}}]}},"s":{"0":1,"1":1,"2":3,"3":1,"4":1},"f":{"0":3},"b":{"0":[1,2]}}
,"C:\\Users\\Nicolas\\Desktop\\test6\\gateway\\src\\main\\webapp\\app\\shared\\language\\translate.directive.ts": {"path":"C:\\Users\\Nicolas\\Desktop\\test6\\gateway\\src\\main\\webapp\\app\\shared\\language\\translate.directive.ts","statementMap":{"0":{"start":{"line":1,"column":0},"end":{"line":1,"column":27}},"1":{"start":{"line":2,"column":0},"end":{"line":2,"column":9}},"2":{"start":{"line":3,"column":0},"end":{"line":3,"column":31}},"3":{"start":{"line":4,"column":0},"end":{"line":4,"column":43}},"4":{"start":{"line":6,"column":0},"end":{"line":6,"column":75}},"5":{"start":{"line":14,"column":31},"end":{"line":51,"column":null}},"6":{"start":{"line":20,"column":22},"end":{"line":20,"column":26}},"7":{"start":{"line":20,"column":46},"end":{"line":20,"column":64}},"8":{"start":{"line":18,"column":19},"end":{"line":18,"column":61}},"9":{"start":{"line":23,"column":4},"end":{"line":25,"column":7}},"10":{"start":{"line":24,"column":6},"end":{"line":24,"column":28}},"11":{"start":{"line":26,"column":4},"end":{"line":28,"column":7}},"12":{"start":{"line":27,"column":6},"end":{"line":27,"column":28}},"13":{"start":{"line":32,"column":4},"end":{"line":32,"column":26}},"14":{"start":{"line":36,"column":4},"end":{"line":36,"column":35}},"15":{"start":{"line":37,"column":4},"end":{"line":37,"column":39}},"16":{"start":{"line":41,"column":4},"end":{"line":49,"column":8}},"17":{"start":{"line":46,"column":10},"end":{"line":46,"column":50}},"18":{"start":{"line":48,"column":14},"end":{"line":48,"column":67}},"19":{"start":{"line":14,"column":13},"end":{"line":51,"column":null}},"20":{"start":{"line":14,"column":13},"end":{"line":14,"column":31}}},"fnMap":{"0":{"name":"(anonymous_0)","decl":{"start":{"line":20,"column":2},"end":{"line":20,"column":22}},"loc":{"start":{"line":20,"column":80},"end":{"line":20,"column":84}}},"1":{"name":"(anonymous_1)","decl":{"start":{"line":22,"column":2},"end":{"line":22,"column":10}},"loc":{"start":{"line":22,"column":10},"end":{"line":29,"column":3}}},"2":{"name":"(anonymous_2)","decl":{"start":{"line":23,"column":90},"end":{"line":23,"column":93}},"loc":{"start":{"line":23,"column":95},"end":{"line":25,"column":5}}},"3":{"name":"(anonymous_3)","decl":{"start":{"line":26,"column":97},"end":{"line":26,"column":100}},"loc":{"start":{"line":26,"column":102},"end":{"line":28,"column":5}}},"4":{"name":"(anonymous_4)","decl":{"start":{"line":31,"column":2},"end":{"line":31,"column":13}},"loc":{"start":{"line":31,"column":13},"end":{"line":33,"column":3}}},"5":{"name":"(anonymous_5)","decl":{"start":{"line":35,"column":2},"end":{"line":35,"column":13}},"loc":{"start":{"line":35,"column":13},"end":{"line":38,"column":3}}},"6":{"name":"(anonymous_6)","decl":{"start":{"line":40,"column":10},"end":{"line":40,"column":24}},"loc":{"start":{"line":40,"column":24},"end":{"line":50,"column":3}}},"7":{"name":"(anonymous_7)","decl":{"start":{"line":45,"column":8},"end":{"line":45,"column":13}},"loc":{"start":{"line":45,"column":16},"end":{"line":47,"column":9}}},"8":{"name":"(anonymous_8)","decl":{"start":{"line":48,"column":8},"end":{"line":48,"column":11}},"loc":{"start":{"line":48,"column":14},"end":{"line":48,"column":67}}}},"branchMap":{},"s":{"0":2,"1":2,"2":2,"3":2,"4":2,"5":2,"6":5,"7":5,"8":5,"9":1,"10":0,"11":1,"12":0,"13":1,"14":3,"15":3,"16":1,"17":1,"18":0,"19":2,"20":2},"f":{"0":5,"1":1,"2":0,"3":0,"4":1,"5":3,"6":1,"7":1,"8":0},"b":{}}
,"C:\\Users\\Nicolas\\Desktop\\test6\\gateway\\src\\main\\webapp\\app\\shared\\pagination\\item-count.component.ts": {"path":"C:\\Users\\Nicolas\\Desktop\\test6\\gateway\\src\\main\\webapp\\app\\shared\\pagination\\item-count.component.ts","statementMap":{"0":{"start":{"line":1,"column":0},"end":{"line":1,"column":49}},"1":{"start":{"line":10,"column":31},"end":{"line":31,"column":null}},"2":{"start":{"line":18,"column":4},"end":{"line":24,"column":null}},"3":{"start":{"line":19,"column":6},"end":{"line":19,"column":63}},"4":{"start":{"line":20,"column":6},"end":{"line":20,"column":130}},"5":{"start":{"line":22,"column":6},"end":{"line":22,"column":29}},"6":{"start":{"line":23,"column":6},"end":{"line":23,"column":30}},"7":{"start":{"line":25,"column":4},"end":{"line":25,"column":35}},"8":{"start":{"line":10,"column":13},"end":{"line":31,"column":null}},"9":{"start":{"line":10,"column":13},"end":{"line":10,"column":31}}},"fnMap":{"0":{"name":"(anonymous_0)","decl":{"start":{"line":17,"column":2},"end":{"line":17,"column":3}},"loc":{"start":{"line":17,"column":91},"end":{"line":26,"column":3}}}},"branchMap":{"0":{"loc":{"start":{"line":18,"column":4},"end":{"line":24,"column":null}},"type":"if","locations":[{"start":{"line":18,"column":4},"end":{"line":24,"column":null}},{"start":{"line":21,"column":11},"end":{"line":24,"column":null}}]},"1":{"loc":{"start":{"line":18,"column":8},"end":{"line":18,"column":77}},"type":"binary-expr","locations":[{"start":{"line":18,"column":8},"end":{"line":18,"column":19}},{"start":{"line":18,"column":23},"end":{"line":18,"column":54}},{"start":{"line":18,"column":58},"end":{"line":18,"column":77}}]},"2":{"loc":{"start":{"line":20,"column":20},"end":{"line":20,"column":129}},"type":"cond-expr","locations":[{"start":{"line":20,"column":76},"end":{"line":20,"column":109}},{"start":{"line":20,"column":112},"end":{"line":20,"column":129}}]}},"s":{"0":1,"1":1,"2":4,"3":3,"4":3,"5":1,"6":1,"7":4,"8":1,"9":1},"f":{"0":4},"b":{"0":[3,1],"1":[4,3,3],"2":[2,1]}}
,"C:\\Users\\Nicolas\\Desktop\\test6\\gateway\\src\\main\\webapp\\app\\shared\\sort\\sort-by.directive.ts": {"path":"C:\\Users\\Nicolas\\Desktop\\test6\\gateway\\src\\main\\webapp\\app\\shared\\sort\\sort-by.directive.ts","statementMap":{"0":{"start":{"line":1,"column":0},"end":{"line":1,"column":112}},"1":{"start":{"line":2,"column":0},"end":{"line":2,"column":31}},"2":{"start":{"line":3,"column":0},"end":{"line":3,"column":43}},"3":{"start":{"line":4,"column":0},"end":{"line":4,"column":67}},"4":{"start":{"line":5,"column":0},"end":{"line":5,"column":97}},"5":{"start":{"line":7,"column":0},"end":{"line":7,"column":9}},"6":{"start":{"line":12,"column":28},"end":{"line":55,"column":null}},"7":{"start":{"line":24,"column":30},"end":{"line":24,"column":36}},"8":{"start":{"line":18,"column":2},"end":{"line":18,"column":20}},"9":{"start":{"line":19,"column":2},"end":{"line":19,"column":25}},"10":{"start":{"line":20,"column":2},"end":{"line":20,"column":28}},"11":{"start":{"line":22,"column":19},"end":{"line":22,"column":50}},"12":{"start":{"line":25,"column":4},"end":{"line":25,"column":101}},"13":{"start":{"line":25,"column":72},"end":{"line":25,"column":99}},"14":{"start":{"line":26,"column":4},"end":{"line":26,"column":101}},"15":{"start":{"line":26,"column":72},"end":{"line":26,"column":99}},"16":{"start":{"line":31,"column":4},"end":{"line":33,"column":null}},"17":{"start":{"line":32,"column":6},"end":{"line":32,"column":37}},"18":{"start":{"line":37,"column":4},"end":{"line":37,"column":32}},"19":{"start":{"line":41,"column":4},"end":{"line":41,"column":25}},"20":{"start":{"line":42,"column":4},"end":{"line":42,"column":29}},"21":{"start":{"line":46,"column":4},"end":{"line":53,"column":null}},"22":{"start":{"line":47,"column":33},"end":{"line":47,"column":46}},"23":{"start":{"line":48,"column":6},"end":{"line":50,"column":null}},"24":{"start":{"line":49,"column":8},"end":{"line":49,"column":74}},"25":{"start":{"line":51,"column":6},"end":{"line":51,"column":46}},"26":{"start":{"line":52,"column":6},"end":{"line":52,"column":34}},"27":{"start":{"line":12,"column":13},"end":{"line":55,"column":null}},"28":{"start":{"line":12,"column":13},"end":{"line":12,"column":28}}},"fnMap":{"0":{"name":"(anonymous_0)","decl":{"start":{"line":24,"column":2},"end":{"line":24,"column":15}},"loc":{"start":{"line":24,"column":52},"end":{"line":27,"column":3}}},"1":{"name":"(anonymous_1)","decl":{"start":{"line":25,"column":66},"end":{"line":25,"column":69}},"loc":{"start":{"line":25,"column":72},"end":{"line":25,"column":99}}},"2":{"name":"(anonymous_2)","decl":{"start":{"line":26,"column":66},"end":{"line":26,"column":69}},"loc":{"start":{"line":26,"column":72},"end":{"line":26,"column":99}}},"3":{"name":"(anonymous_3)","decl":{"start":{"line":30,"column":2},"end":{"line":30,"column":9}},"loc":{"start":{"line":30,"column":9},"end":{"line":34,"column":3}}},"4":{"name":"(anonymous_4)","decl":{"start":{"line":36,"column":2},"end":{"line":36,"column":20}},"loc":{"start":{"line":36,"column":20},"end":{"line":38,"column":3}}},"5":{"name":"(anonymous_5)","decl":{"start":{"line":40,"column":2},"end":{"line":40,"column":13}},"loc":{"start":{"line":40,"column":13},"end":{"line":43,"column":3}}},"6":{"name":"(anonymous_6)","decl":{"start":{"line":45,"column":10},"end":{"line":45,"column":30}},"loc":{"start":{"line":45,"column":30},"end":{"line":54,"column":3}}}},"branchMap":{"0":{"loc":{"start":{"line":31,"column":4},"end":{"line":33,"column":null}},"type":"if","locations":[{"start":{"line":31,"column":4},"end":{"line":33,"column":null}}]},"1":{"loc":{"start":{"line":46,"column":4},"end":{"line":53,"column":null}},"type":"if","locations":[{"start":{"line":46,"column":4},"end":{"line":53,"column":null}}]},"2":{"loc":{"start":{"line":48,"column":6},"end":{"line":50,"column":null}},"type":"if","locations":[{"start":{"line":48,"column":6},"end":{"line":50,"column":null}}]},"3":{"loc":{"start":{"line":49,"column":15},"end":{"line":49,"column":73}},"type":"cond-expr","locations":[{"start":{"line":49,"column":37},"end":{"line":49,"column":53}},{"start":{"line":49,"column":56},"end":{"line":49,"column":73}}]}},"s":{"0":1,"1":1,"2":1,"3":1,"4":1,"5":1,"6":1,"7":5,"8":5,"9":5,"10":5,"11":5,"12":5,"13":11,"14":5,"15":14,"16":4,"17":3,"18":5,"19":4,"20":4,"21":30,"22":19,"23":19,"24":18,"25":19,"26":19,"27":1,"28":1},"f":{"0":5,"1":11,"2":14,"3":4,"4":5,"5":4,"6":30},"b":{"0":[3],"1":[19],"2":[18],"3":[8,10]}}
,"C:\\Users\\Nicolas\\Desktop\\test6\\gateway\\src\\main\\webapp\\app\\shared\\sort\\sort.directive.ts": {"path":"C:\\Users\\Nicolas\\Desktop\\test6\\gateway\\src\\main\\webapp\\app\\shared\\sort\\sort.directive.ts","statementMap":{"0":{"start":{"line":1,"column":0},"end":{"line":1,"column":71}},"1":{"start":{"line":6,"column":26},"end":{"line":39,"column":null}},"2":{"start":{"line":25,"column":12},"end":{"line":25,"column":52}},"3":{"start":{"line":26,"column":12},"end":{"line":26,"column":58}},"4":{"start":{"line":27,"column":12},"end":{"line":27,"column":82}},"5":{"start":{"line":9,"column":4},"end":{"line":9,"column":27}},"6":{"start":{"line":12,"column":4},"end":{"line":12,"column":32}},"7":{"start":{"line":13,"column":4},"end":{"line":13,"column":41}},"8":{"start":{"line":18,"column":4},"end":{"line":18,"column":27}},"9":{"start":{"line":21,"column":4},"end":{"line":21,"column":32}},"10":{"start":{"line":22,"column":4},"end":{"line":22,"column":41}},"11":{"start":{"line":33,"column":4},"end":{"line":33,"column":71}},"12":{"start":{"line":34,"column":4},"end":{"line":34,"column":27}},"13":{"start":{"line":35,"column":4},"end":{"line":35,"column":37}},"14":{"start":{"line":36,"column":4},"end":{"line":36,"column":46}},"15":{"start":{"line":37,"column":4},"end":{"line":37,"column":83}},"16":{"start":{"line":6,"column":13},"end":{"line":39,"column":null}},"17":{"start":{"line":6,"column":13},"end":{"line":6,"column":26}}},"fnMap":{"0":{"name":"(anonymous_1)","decl":{"start":{"line":7,"column":2},"end":{"line":7,"column":3}},"loc":{"start":{"line":8,"column":15},"end":{"line":10,"column":3}}},"1":{"name":"(anonymous_2)","decl":{"start":{"line":11,"column":2},"end":{"line":11,"column":6}},"loc":{"start":{"line":11,"column":40},"end":{"line":14,"column":3}}},"2":{"name":"(anonymous_3)","decl":{"start":{"line":16,"column":2},"end":{"line":16,"column":3}},"loc":{"start":{"line":17,"column":15},"end":{"line":19,"column":3}}},"3":{"name":"(anonymous_4)","decl":{"start":{"line":20,"column":2},"end":{"line":20,"column":6}},"loc":{"start":{"line":20,"column":46},"end":{"line":23,"column":3}}},"4":{"name":"(anonymous_5)","decl":{"start":{"line":32,"column":2},"end":{"line":32,"column":6}},"loc":{"start":{"line":32,"column":15},"end":{"line":38,"column":3}}}},"branchMap":{"0":{"loc":{"start":{"line":33,"column":21},"end":{"line":33,"column":70}},"type":"cond-expr","locations":[{"start":{"line":33,"column":48},"end":{"line":33,"column":52}},{"start":{"line":33,"column":55},"end":{"line":33,"column":70}}]}},"s":{"0":2,"1":2,"2":8,"3":8,"4":8,"5":35,"6":16,"7":16,"8":38,"9":19,"10":19,"11":8,"12":8,"13":8,"14":8,"15":8,"16":2,"17":2},"f":{"0":35,"1":16,"2":38,"3":19,"4":8},"b":{"0":[4,4]}}
}
