TN:
SF:src\main\webapp\app\app.constants.ts
FNF:0
FNH:0
DA:8,1
DA:9,1
LF:2
LH:2
BRF:0
BRH:0
end_of_record
TN:
SF:src\main\webapp\app\account\activate\activate.component.html
FNF:0
FNH:0
DA:1,1
LF:1
LH:1
BRF:0
BRH:0
end_of_record
TN:
SF:src\main\webapp\app\account\activate\activate.component.ts
FN:15,(anonymous_0)
FN:17,(anonymous_1)
FN:18,(anonymous_2)
FN:19,(anonymous_3)
FN:20,(anonymous_4)
FNF:5
FNH:5
FNDA:3,(anonymous_0)
FNDA:3,(anonymous_1)
FNDA:3,(anonymous_2)
FNDA:1,(anonymous_3)
FNDA:1,(anonymous_4)
DA:1,1
DA:2,1
DA:3,1
DA:5,1
DA:11,1
DA:12,3
DA:13,3
DA:15,3
DA:18,3
DA:19,1
DA:20,1
LF:11
LH:11
BRF:0
BRH:0
end_of_record
TN:
SF:src\main\webapp\app\account\activate\activate.service.ts
FN:9,(anonymous_0)
FN:11,(anonymous_1)
FNF:2
FNH:2
FNDA:4,(anonymous_0)
FNDA:1,(anonymous_1)
DA:1,2
DA:2,2
DA:5,2
DA:8,2
DA:9,4
DA:12,1
LF:6
LH:6
BRF:0
BRH:0
end_of_record
TN:
SF:src\main\webapp\app\account\password\password.component.html
FNF:0
FNH:0
DA:1,1
LF:1
LH:1
BRF:0
BRH:0
end_of_record
TN:
SF:src\main\webapp\app\account\password\password.component.ts
FN:24,(anonymous_0)
FN:26,(anonymous_1)
FN:30,(anonymous_2)
FN:40,(anonymous_3)
FN:41,(anonymous_4)
FNF:5
FNH:4
FNDA:4,(anonymous_0)
FNDA:0,(anonymous_1)
FNDA:4,(anonymous_2)
FNDA:2,(anonymous_3)
FNDA:1,(anonymous_4)
DA:1,1
DA:2,1
DA:5,1
DA:7,1
DA:13,1
DA:14,4
DA:15,4
DA:16,4
DA:18,4
DA:24,4
DA:27,0
DA:31,4
DA:32,4
DA:33,4
DA:35,4
DA:36,4
DA:37,1
DA:39,3
DA:40,2
DA:41,1
LF:20
LH:19
BRDA:36,0,0,1
BRDA:36,0,1,3
BRF:2
BRH:2
end_of_record
TN:
SF:src\main\webapp\app\account\password\password.service.ts
FN:9,(anonymous_0)
FN:11,(anonymous_1)
FNF:2
FNH:2
FNDA:5,(anonymous_0)
FNDA:1,(anonymous_1)
DA:1,2
DA:2,2
DA:5,2
DA:8,2
DA:9,5
DA:12,1
LF:6
LH:6
BRF:0
BRH:0
end_of_record
TN:
SF:src\main\webapp\app\account\password-reset\finish\password-reset-finish.component.html
FNF:0
FNH:0
DA:1,1
LF:1
LH:1
BRF:0
BRH:0
end_of_record
TN:
SF:src\main\webapp\app\account\password-reset\finish\password-reset-finish.component.ts
FN:26,(anonymous_0)
FN:28,(anonymous_1)
FN:29,(anonymous_2)
FN:37,(anonymous_3)
FN:43,(anonymous_4)
FN:54,(anonymous_5)
FN:55,(anonymous_6)
FNF:7
FNH:7
FNDA:10,(anonymous_0)
FNDA:5,(anonymous_1)
FNDA:5,(anonymous_2)
FNDA:1,(anonymous_3)
FNDA:3,(anonymous_4)
FNDA:1,(anonymous_5)
FNDA:1,(anonymous_6)
DA:1,1
DA:2,1
DA:3,1
DA:5,1
DA:11,1
DA:15,10
DA:16,10
DA:17,10
DA:18,10
DA:19,10
DA:21,10
DA:26,10
DA:29,5
DA:30,5
DA:31,5
DA:33,5
DA:38,1
DA:39,1
DA:44,3
DA:45,3
DA:47,3
DA:48,3
DA:50,3
DA:51,1
DA:53,2
DA:54,1
DA:55,1
LF:27
LH:27
BRDA:30,0,0,5
BRDA:38,1,0,1
BRDA:50,2,0,1
BRDA:50,2,1,2
BRF:4
BRH:4
end_of_record
TN:
SF:src\main\webapp\app\account\password-reset\finish\password-reset-finish.service.ts
FN:9,(anonymous_0)
FN:11,(anonymous_1)
FNF:2
FNH:2
FNDA:6,(anonymous_0)
FNDA:1,(anonymous_1)
DA:1,2
DA:2,2
DA:5,2
DA:8,2
DA:9,6
DA:12,1
LF:6
LH:6
BRF:0
BRH:0
end_of_record
TN:
SF:src\main\webapp\app\account\password-reset\init\password-reset-init.component.html
FNF:0
FNH:0
DA:1,1
LF:1
LH:1
BRF:0
BRH:0
end_of_record
TN:
SF:src\main\webapp\app\account\password-reset\init\password-reset-init.component.ts
FN:19,(anonymous_0)
FN:21,(anonymous_1)
FN:27,(anonymous_2)
FN:28,(anonymous_3)
FNF:4
FNH:4
FNDA:3,(anonymous_0)
FNDA:1,(anonymous_1)
FNDA:2,(anonymous_2)
FNDA:1,(anonymous_3)
DA:1,1
DA:2,1
DA:4,1
DA:10,1
DA:14,3
DA:15,3
DA:19,3
DA:22,1
DA:23,1
DA:28,2
LF:10
LH:10
BRDA:22,0,0,1
BRF:1
BRH:1
end_of_record
TN:
SF:src\main\webapp\app\account\password-reset\init\password-reset-init.service.ts
FN:9,(anonymous_0)
FN:11,(anonymous_1)
FNF:2
FNH:2
FNDA:4,(anonymous_0)
FNDA:1,(anonymous_1)
DA:1,2
DA:2,2
DA:5,2
DA:8,2
DA:9,4
DA:12,1
LF:6
LH:6
BRF:0
BRH:0
end_of_record
TN:
SF:src\main\webapp\app\account\password\password-strength-bar\password-strength-bar.component.html
FNF:0
FNH:0
DA:1,1
LF:1
LH:1
BRF:0
BRH:0
end_of_record
TN:
SF:src\main\webapp\app\account\password\password-strength-bar\password-strength-bar.component.ts
FN:11,(anonymous_0)
FN:13,(anonymous_1)
FN:22,(anonymous_2)
FN:38,(anonymous_3)
FN:54,(anonymous_4)
FNF:5
FNH:4
FNDA:3,(anonymous_0)
FNDA:10,(anonymous_1)
FNDA:40,(anonymous_2)
FNDA:7,(anonymous_3)
FNDA:0,(anonymous_4)
DA:1,1
DA:8,1
DA:9,3
DA:11,3
DA:14,10
DA:15,10
DA:16,10
DA:17,10
DA:18,10
DA:19,10
DA:21,10
DA:22,40
DA:24,10
DA:25,10
DA:28,10
DA:31,10
DA:32,10
DA:33,10
DA:35,10
DA:39,7
DA:40,7
DA:41,4
DA:42,1
DA:43,3
DA:44,1
DA:45,2
DA:46,1
DA:48,1
DA:51,7
DA:56,0
DA:57,0
DA:58,0
DA:59,0
DA:60,0
DA:62,0
DA:63,0
DA:64,0
DA:65,0
DA:67,0
LF:39
LH:29
BRDA:24,0,0,1
BRDA:24,0,1,9
BRDA:28,1,0,7
BRDA:28,1,1,3
BRDA:31,2,0,2
BRDA:31,2,1,8
BRDA:32,3,0,0
BRDA:32,3,1,10
BRDA:33,4,0,2
BRDA:33,4,1,8
BRDA:40,5,0,4
BRDA:41,6,0,1
BRDA:41,6,1,3
BRDA:43,7,0,1
BRDA:43,7,1,2
BRDA:45,8,0,1
BRDA:45,8,1,1
BRDA:56,9,0,0
BRDA:59,10,0,0
BRDA:64,11,0,0
BRDA:64,11,1,0
BRF:21
BRH:16
end_of_record
TN:
SF:src\main\webapp\app\account\register\register.component.html
FNF:0
FNH:0
DA:1,1
LF:1
LH:1
BRF:0
BRH:0
end_of_record
TN:
SF:src\main\webapp\app\account\register\register.component.ts
FN:38,(anonymous_0)
FN:40,(anonymous_1)
FN:46,(anonymous_2)
FN:59,(anonymous_3)
FN:60,(anonymous_4)
FN:65,(anonymous_5)
FNF:6
FNH:5
FNDA:5,(anonymous_0)
FNDA:0,(anonymous_1)
FNDA:5,(anonymous_2)
FNDA:1,(anonymous_3)
FNDA:3,(anonymous_4)
FNDA:3,(anonymous_5)
DA:1,1
DA:3,1
DA:4,1
DA:6,1
DA:7,1
DA:13,1
DA:17,5
DA:18,5
DA:19,5
DA:20,5
DA:21,5
DA:23,5
DA:38,5
DA:41,0
DA:42,0
DA:47,5
DA:48,5
DA:49,5
DA:50,5
DA:52,5
DA:53,5
DA:54,1
DA:56,4
DA:57,4
DA:58,4
DA:59,1
DA:60,3
DA:66,3
DA:67,1
DA:68,2
DA:69,1
DA:71,1
LF:32
LH:30
BRDA:41,0,0,0
BRDA:53,1,0,1
BRDA:53,1,1,4
BRDA:66,2,0,1
BRDA:66,2,1,2
BRDA:66,3,0,3
BRDA:66,3,1,2
BRDA:68,4,0,1
BRDA:68,4,1,1
BRDA:68,5,0,2
BRDA:68,5,1,1
BRF:11
BRH:10
end_of_record
TN:
SF:src\main\webapp\app\account\register\register.model.ts
FN:2,(anonymous_0)
FNF:1
FNH:1
FNDA:1,(anonymous_0)
DA:1,1
DA:2,1
LF:2
LH:2
BRF:0
BRH:0
end_of_record
TN:
SF:src\main\webapp\app\account\register\register.service.ts
FN:10,(anonymous_0)
FN:12,(anonymous_1)
FNF:2
FNH:2
FNDA:6,(anonymous_0)
FNDA:1,(anonymous_1)
DA:1,2
DA:2,2
DA:5,2
DA:9,2
DA:10,6
DA:13,1
LF:6
LH:6
BRF:0
BRH:0
end_of_record
TN:
SF:src\main\webapp\app\account\settings\settings.component.html
FNF:0
FNH:0
DA:1,1
LF:1
LH:1
BRF:0
BRH:0
end_of_record
TN:
SF:src\main\webapp\app\account\settings\settings.component.ts
FN:24,(anonymous_0)
FN:26,(anonymous_1)
FN:27,(anonymous_2)
FN:41,(anonymous_3)
FN:49,(anonymous_4)
FNF:5
FNH:5
FNDA:3,(anonymous_0)
FNDA:3,(anonymous_1)
FNDA:3,(anonymous_2)
FNDA:3,(anonymous_3)
FNDA:2,(anonymous_4)
DA:1,1
DA:2,1
DA:3,1
DA:5,1
DA:7,1
DA:13,1
DA:15,3
DA:16,3
DA:17,3
DA:24,3
DA:27,3
DA:28,3
DA:29,3
DA:36,3
DA:42,3
DA:44,3
DA:45,3
DA:46,3
DA:47,3
DA:49,3
DA:50,2
DA:52,2
DA:54,2
DA:55,2
LF:24
LH:24
BRDA:28,0,0,3
BRDA:54,1,0,2
BRF:2
BRH:2
end_of_record
TN:
SF:src\main\webapp\app\admin\configuration\configuration.component.html
FNF:0
FNH:0
DA:1,1
LF:1
LH:1
BRF:0
BRH:0
end_of_record
TN:
SF:src\main\webapp\app\admin\configuration\configuration.component.ts
FN:17,(anonymous_0)
FN:19,(anonymous_1)
FN:20,(anonymous_2)
FN:25,(anonymous_3)
FN:28,(anonymous_4)
FN:32,(anonymous_5)
FN:33,(anonymous_6)
FNF:7
FNH:6
FNDA:1,(anonymous_0)
FNDA:1,(anonymous_1)
FNDA:1,(anonymous_2)
FNDA:1,(anonymous_3)
FNDA:1,(anonymous_4)
FNDA:1,(anonymous_5)
FNDA:0,(anonymous_6)
DA:1,1
DA:3,1
DA:10,1
DA:12,1
DA:13,1
DA:14,1
DA:15,1
DA:17,1
DA:20,1
DA:21,1
DA:22,1
DA:25,1
DA:29,1
DA:30,1
DA:31,1
DA:32,1
DA:33,0
LF:17
LH:16
BRDA:29,0,0,1
BRDA:29,0,1,0
BRDA:30,1,0,1
BRDA:30,1,1,0
BRDA:32,2,0,1
BRDA:32,2,1,0
BRDA:33,3,0,0
BRDA:33,3,1,0
BRF:8
BRH:3
end_of_record
TN:
SF:src\main\webapp\app\admin\configuration\configuration.service.ts
FN:11,(anonymous_0)
FN:13,(anonymous_1)
FN:15,(anonymous_2)
FN:18,(anonymous_3)
FN:19,(anonymous_4)
FN:25,(anonymous_5)
FN:26,(anonymous_6)
FNF:7
FNH:6
FNDA:3,(anonymous_0)
FNDA:1,(anonymous_1)
FNDA:1,(anonymous_2)
FNDA:1,(anonymous_3)
FNDA:0,(anonymous_4)
FNDA:1,(anonymous_5)
FNDA:1,(anonymous_6)
DA:1,2
DA:2,2
DA:4,2
DA:6,2
DA:10,2
DA:11,3
DA:14,1
DA:16,1
DA:18,1
DA:19,0
DA:26,1
LF:11
LH:10
BRF:0
BRH:0
end_of_record
TN:
SF:src\main\webapp\app\admin\health\health.component.html
FNF:0
FNH:0
DA:1,1
LF:1
LH:1
BRF:0
BRH:0
end_of_record
TN:
SF:src\main\webapp\app\admin\health\health.component.ts
FN:16,(anonymous_0)
FN:18,(anonymous_1)
FN:22,(anonymous_2)
FN:29,(anonymous_3)
FN:31,(anonymous_4)
FN:32,(anonymous_5)
FN:40,(anonymous_6)
FNF:7
FNH:6
FNDA:3,(anonymous_0)
FNDA:1,(anonymous_1)
FNDA:2,(anonymous_2)
FNDA:2,(anonymous_3)
FNDA:1,(anonymous_4)
FNDA:1,(anonymous_5)
FNDA:0,(anonymous_6)
DA:1,1
DA:3,1
DA:5,1
DA:7,1
DA:13,1
DA:16,3
DA:19,1
DA:23,2
DA:24,1
DA:26,1
DA:30,2
DA:31,1
DA:33,1
DA:34,1
DA:41,0
DA:42,0
LF:16
LH:14
BRDA:23,0,0,1
BRDA:33,1,0,1
BRF:2
BRH:2
end_of_record
TN:
SF:src\main\webapp\app\admin\health\health.service.ts
FN:10,(anonymous_0)
FN:12,(anonymous_1)
FNF:2
FNH:2
FNDA:4,(anonymous_0)
FNDA:1,(anonymous_1)
DA:1,2
DA:2,2
DA:5,2
DA:9,2
DA:10,4
DA:13,1
LF:6
LH:6
BRF:0
BRH:0
end_of_record
TN:
SF:src\main\webapp\app\admin\health\modal\health-modal.component.html
FNF:0
FNH:0
DA:1,2
LF:1
LH:1
BRF:0
BRH:0
end_of_record
TN:
SF:src\main\webapp\app\admin\health\modal\health-modal.component.ts
FN:13,(anonymous_0)
FN:15,(anonymous_1)
FN:31,(anonymous_2)
FNF:3
FNH:3
FNDA:6,(anonymous_0)
FNDA:5,(anonymous_1)
FNDA:1,(anonymous_2)
DA:1,2
DA:2,2
DA:10,2
DA:13,6
DA:16,5
DA:18,2
DA:19,2
DA:20,1
DA:22,1
DA:25,3
DA:26,1
DA:28,2
DA:32,1
LF:13
LH:13
BRDA:16,0,0,2
BRDA:16,1,0,2
BRDA:16,1,1,3
BRDA:16,2,0,5
BRDA:16,2,1,5
BRDA:19,3,0,1
BRDA:25,4,0,1
BRF:7
BRH:7
end_of_record
TN:
SF:src\main\webapp\app\admin\logs\log.model.ts
FN:14,(anonymous_0)
FNF:1
FNH:1
FNDA:4,(anonymous_0)
DA:13,1
DA:14,4
LF:2
LH:2
BRF:0
BRH:0
end_of_record
TN:
SF:src\main\webapp\app\admin\logs\logs.component.html
FNF:0
FNH:0
DA:1,1
LF:1
LH:1
BRF:0
BRH:0
end_of_record
TN:
SF:src\main\webapp\app\admin\logs\logs.component.ts
FN:17,(anonymous_0)
FN:19,(anonymous_1)
FN:23,(anonymous_2)
FN:24,(anonymous_3)
FN:27,(anonymous_4)
FN:29,(anonymous_5)
FN:30,(anonymous_6)
FN:42,(anonymous_7)
FN:43,(anonymous_8)
FN:44,(anonymous_9)
FNF:10
FNH:9
FNDA:3,(anonymous_0)
FNDA:1,(anonymous_1)
FNDA:1,(anonymous_2)
FNDA:1,(anonymous_3)
FNDA:2,(anonymous_4)
FNDA:2,(anonymous_5)
FNDA:0,(anonymous_6)
FNDA:2,(anonymous_7)
FNDA:2,(anonymous_8)
FNDA:2,(anonymous_9)
DA:1,1
DA:3,1
DA:4,1
DA:10,1
DA:13,3
DA:14,3
DA:15,3
DA:17,3
DA:20,1
DA:24,1
DA:28,2
DA:29,2
DA:31,0
DA:32,0
DA:33,0
DA:34,0
DA:35,0
DA:36,0
DA:38,0
DA:43,2
DA:44,2
DA:45,2
LF:22
LH:15
BRDA:29,0,0,2
BRDA:29,0,1,0
BRDA:31,1,0,0
BRDA:31,1,1,0
BRDA:32,2,0,0
BRDA:32,2,1,0
BRDA:33,3,0,0
BRDA:33,3,1,0
BRDA:34,4,0,0
BRDA:34,4,1,0
BRDA:35,5,0,0
BRDA:36,6,0,0
BRDA:36,6,1,0
BRF:13
BRH:1
end_of_record
TN:
SF:src\main\webapp\app\admin\logs\logs.service.ts
FN:10,(anonymous_0)
FN:12,(anonymous_1)
FN:16,(anonymous_2)
FNF:3
FNH:2
FNDA:4,(anonymous_0)
FNDA:1,(anonymous_1)
FNDA:0,(anonymous_2)
DA:1,2
DA:2,2
DA:5,2
DA:9,2
DA:10,4
DA:13,1
DA:17,0
LF:7
LH:6
BRF:0
BRH:0
end_of_record
TN:
SF:src\main\webapp\app\admin\metrics\metrics.component.html
FNF:0
FNH:0
DA:1,1
LF:1
LH:1
BRF:0
BRH:0
end_of_record
TN:
SF:src\main\webapp\app\admin\metrics\metrics.component.ts
FN:17,(anonymous_0)
FN:19,(anonymous_1)
FN:23,(anonymous_2)
FN:25,(anonymous_3)
FN:33,(anonymous_4)
FN:37,(anonymous_5)
FNF:6
FNH:3
FNDA:1,(anonymous_0)
FNDA:1,(anonymous_1)
FNDA:1,(anonymous_2)
FNDA:0,(anonymous_3)
FNDA:0,(anonymous_4)
FNDA:0,(anonymous_5)
DA:1,1
DA:2,1
DA:4,1
DA:12,1
DA:15,1
DA:17,1
DA:20,1
DA:24,1
DA:25,1
DA:26,0
DA:27,0
DA:28,0
DA:29,0
DA:34,0
DA:38,0
LF:15
LH:9
BRDA:34,0,0,0
BRDA:34,0,1,0
BRDA:34,1,0,0
BRDA:34,1,1,0
BRDA:38,2,0,0
BRDA:38,2,1,0
BRDA:38,3,0,0
BRDA:38,3,1,0
BRDA:38,4,0,0
BRDA:38,4,1,0
BRF:10
BRH:0
end_of_record
TN:
SF:src\main\webapp\app\admin\metrics\metrics.model.ts
FN:83,(anonymous_0)
FN:152,(anonymous_1)
FNF:2
FNH:2
FNDA:1,(anonymous_0)
FNDA:1,(anonymous_1)
DA:83,1
DA:84,1
DA:85,1
DA:86,1
DA:87,1
DA:88,1
DA:152,1
DA:153,1
DA:154,1
DA:155,1
DA:156,1
DA:157,1
DA:158,1
LF:13
LH:13
BRDA:83,0,0,1
BRDA:83,0,1,1
BRDA:152,1,0,1
BRDA:152,1,1,1
BRF:4
BRH:4
end_of_record
TN:
SF:src\main\webapp\app\admin\metrics\metrics.service.ts
FN:10,(anonymous_0)
FN:12,(anonymous_1)
FN:16,(anonymous_2)
FNF:3
FNH:3
FNDA:3,(anonymous_0)
FNDA:1,(anonymous_1)
FNDA:2,(anonymous_2)
DA:1,2
DA:2,2
DA:5,2
DA:9,2
DA:10,3
DA:13,1
DA:17,2
LF:7
LH:7
BRF:0
BRH:0
end_of_record
TN:
SF:src\main\webapp\app\admin\user-management\user-management.model.ts
FN:17,(anonymous_0)
FNF:1
FNH:1
FNDA:9,(anonymous_0)
DA:16,4
DA:18,9
DA:19,9
DA:20,9
DA:21,9
DA:22,9
DA:23,9
DA:24,9
DA:25,9
DA:26,9
DA:27,9
DA:28,9
DA:29,9
LF:13
LH:13
BRF:0
BRH:0
end_of_record
TN:
SF:src\main\webapp\app\admin\user-management\delete\user-management-delete-dialog.component.html
FNF:0
FNH:0
DA:1,2
LF:1
LH:1
BRF:0
BRH:0
end_of_record
TN:
SF:src\main\webapp\app\admin\user-management\delete\user-management-delete-dialog.component.ts
FN:14,(anonymous_0)
FN:16,(anonymous_1)
FN:20,(anonymous_2)
FN:21,(anonymous_3)
FNF:4
FNH:3
FNDA:1,(anonymous_0)
FNDA:0,(anonymous_1)
FNDA:1,(anonymous_2)
FNDA:1,(anonymous_3)
DA:1,2
DA:2,2
DA:5,2
DA:11,2
DA:14,1
DA:17,0
DA:21,1
DA:22,1
LF:8
LH:7
BRF:0
BRH:0
end_of_record
TN:
SF:src\main\webapp\app\admin\user-management\detail\user-management-detail.component.html
FNF:0
FNH:0
DA:1,1
LF:1
LH:1
BRF:0
BRH:0
end_of_record
TN:
SF:src\main\webapp\app\admin\user-management\detail\user-management-detail.component.ts
FN:13,(anonymous_0)
FN:15,(anonymous_1)
FN:16,(anonymous_2)
FNF:3
FNH:3
FNDA:1,(anonymous_0)
FNDA:1,(anonymous_1)
FNDA:1,(anonymous_2)
DA:1,1
DA:2,1
DA:10,1
DA:11,1
DA:13,1
DA:16,1
DA:17,1
LF:7
LH:7
BRF:0
BRH:0
end_of_record
TN:
SF:src\main\webapp\app\admin\user-management\list\user-management.component.html
FNF:0
FNH:0
DA:1,1
LF:1
LH:1
BRF:0
BRH:0
end_of_record
TN:
SF:src\main\webapp\app\admin\user-management\list\user-management.component.ts
FN:28,(anonymous_0)
FN:36,(anonymous_1)
FN:37,(anonymous_2)
FN:41,(anonymous_3)
FN:42,(anonymous_4)
FN:45,(anonymous_5)
FN:49,(anonymous_6)
FN:53,(anonymous_7)
FN:60,(anonymous_8)
FN:69,(anonymous_9)
FN:73,(anonymous_10)
FN:77,(anonymous_11)
FN:87,(anonymous_12)
FN:88,(anonymous_13)
FN:98,(anonymous_14)
FN:106,(anonymous_15)
FNF:16
FNH:11
FNDA:2,(anonymous_0)
FNDA:1,(anonymous_1)
FNDA:1,(anonymous_2)
FNDA:1,(anonymous_3)
FNDA:1,(anonymous_4)
FNDA:0,(anonymous_5)
FNDA:0,(anonymous_6)
FNDA:0,(anonymous_7)
FNDA:2,(anonymous_8)
FNDA:2,(anonymous_9)
FNDA:0,(anonymous_10)
FNDA:0,(anonymous_11)
FNDA:1,(anonymous_12)
FNDA:1,(anonymous_13)
FNDA:2,(anonymous_14)
FNDA:2,(anonymous_15)
DA:1,1
DA:3,1
DA:4,1
DA:5,1
DA:7,1
DA:8,1
DA:10,1
DA:12,1
DA:18,1
DA:19,2
DA:20,2
DA:21,2
DA:22,2
DA:23,2
DA:29,2
DA:30,2
DA:31,2
DA:32,2
DA:33,2
DA:37,1
DA:38,1
DA:42,1
DA:46,0
DA:50,0
DA:51,0
DA:53,0
DA:54,0
DA:55,0
DA:61,2
DA:62,2
DA:70,2
DA:71,2
DA:73,0
DA:78,0
DA:88,1
DA:89,1
DA:90,1
DA:91,1
DA:92,1
DA:93,1
DA:94,1
DA:99,2
DA:100,2
DA:101,1
DA:103,2
DA:107,2
DA:108,2
LF:47
LH:39
BRDA:54,0,0,0
BRDA:82,1,0,0
BRDA:82,1,1,0
BRDA:90,2,0,1
BRDA:90,2,1,0
BRDA:90,3,0,1
BRDA:90,3,1,1
BRDA:91,4,0,1
BRDA:91,4,1,0
BRDA:91,5,0,1
BRDA:91,5,1,1
BRDA:99,6,0,0
BRDA:99,6,1,2
BRDA:100,7,0,1
BRF:14
BRH:8
end_of_record
TN:
SF:src\main\webapp\app\admin\user-management\service\user-management.service.ts
FN:14,(anonymous_0)
FN:16,(anonymous_1)
FN:20,(anonymous_2)
FN:24,(anonymous_3)
FN:28,(anonymous_4)
FN:33,(anonymous_5)
FN:37,(anonymous_6)
FNF:7
FNH:3
FNDA:9,(anonymous_0)
FNDA:0,(anonymous_1)
FNDA:0,(anonymous_2)
FNDA:2,(anonymous_3)
FNDA:0,(anonymous_4)
FNDA:0,(anonymous_5)
FNDA:1,(anonymous_6)
DA:1,4
DA:2,4
DA:5,4
DA:6,4
DA:11,4
DA:12,9
DA:14,9
DA:17,0
DA:21,0
DA:25,2
DA:29,0
DA:30,0
DA:34,0
DA:38,1
LF:14
LH:9
BRF:0
BRH:0
end_of_record
TN:
SF:src\main\webapp\app\admin\user-management\update\user-management-update.component.html
FNF:0
FNH:0
DA:1,1
LF:1
LH:1
BRF:0
BRH:0
end_of_record
TN:
SF:src\main\webapp\app\admin\user-management\update\user-management-update.component.ts
FN:38,(anonymous_0)
FN:40,(anonymous_1)
FN:41,(anonymous_2)
FN:50,(anonymous_3)
FN:53,(anonymous_4)
FN:57,(anonymous_5)
FN:62,(anonymous_6)
FN:63,(anonymous_7)
FN:67,(anonymous_8)
FN:68,(anonymous_9)
FN:73,(anonymous_10)
FN:86,(anonymous_11)
FN:96,(anonymous_12)
FN:101,(anonymous_13)
FNF:14
FNH:11
FNDA:3,(anonymous_0)
FNDA:1,(anonymous_1)
FNDA:1,(anonymous_2)
FNDA:1,(anonymous_3)
FNDA:2,(anonymous_4)
FNDA:2,(anonymous_5)
FNDA:1,(anonymous_6)
FNDA:0,(anonymous_7)
FNDA:1,(anonymous_8)
FNDA:0,(anonymous_9)
FNDA:1,(anonymous_10)
FNDA:2,(anonymous_11)
FNDA:2,(anonymous_12)
FNDA:0,(anonymous_13)
DA:1,1
DA:2,1
DA:3,1
DA:5,1
DA:7,1
DA:13,1
DA:15,3
DA:16,3
DA:17,3
DA:19,3
DA:38,3
DA:41,1
DA:42,1
DA:43,1
DA:44,1
DA:45,0
DA:47,1
DA:50,1
DA:54,2
DA:58,2
DA:59,2
DA:60,2
DA:61,1
DA:62,1
DA:63,0
DA:66,1
DA:67,1
DA:68,0
DA:74,1
DA:87,2
DA:88,2
DA:89,2
DA:90,2
DA:91,2
DA:92,2
DA:93,2
DA:97,2
DA:98,2
DA:102,0
LF:39
LH:35
BRDA:42,0,0,1
BRDA:44,1,0,0
BRDA:60,2,0,1
BRDA:60,2,1,1
BRF:4
BRH:3
end_of_record
TN:
SF:src\main\webapp\app\config\authority.constants.ts
FN:1,(anonymous_0)
FNF:1
FNH:1
FNDA:4,(anonymous_0)
DA:1,4
DA:2,4
DA:3,4
LF:3
LH:3
BRDA:1,0,0,4
BRDA:1,0,1,4
BRF:2
BRH:2
end_of_record
TN:
SF:src\main\webapp\app\config\error.constants.ts
FNF:0
FNH:0
DA:1,1
DA:2,1
DA:3,1
LF:3
LH:3
BRF:0
BRH:0
end_of_record
TN:
SF:src\main\webapp\app\config\language.constants.ts
FNF:0
FNH:0
DA:5,3
LF:1
LH:1
BRF:0
BRH:0
end_of_record
TN:
SF:src\main\webapp\app\config\pagination.constants.ts
FNF:0
FNH:0
DA:1,1
DA:2,1
DA:3,1
DA:4,1
LF:4
LH:4
BRF:0
BRH:0
end_of_record
TN:
SF:src\main\webapp\app\config\translation.config.ts
FN:8,(anonymous_0)
FN:14,translatePartialLoader
FN:18,missingTranslationHandler
FNF:3
FNH:2
FNDA:2,(anonymous_0)
FNDA:0,translatePartialLoader
FNDA:15,missingTranslationHandler
DA:3,5
DA:5,5
DA:7,5
DA:9,2
DA:10,2
DA:14,5
DA:15,0
DA:18,5
DA:19,15
LF:9
LH:8
BRF:0
BRH:0
end_of_record
TN:
SF:src\main\webapp\app\core\auth\account.service.ts
FN:19,(anonymous_0)
FN:28,(anonymous_1)
FN:32,(anonymous_2)
FN:40,(anonymous_3)
FN:47,(anonymous_4)
FN:50,(anonymous_5)
FN:53,(anonymous_6)
FN:68,(anonymous_7)
FN:71,(anonymous_8)
FN:75,(anonymous_9)
FN:79,(anonymous_10)
FN:83,(anonymous_11)
FNF:12
FNH:12
FNDA:19,(anonymous_0)
FNDA:1,(anonymous_1)
FNDA:16,(anonymous_2)
FNDA:6,(anonymous_3)
FNDA:4,(anonymous_4)
FNDA:10,(anonymous_5)
FNDA:5,(anonymous_6)
FNDA:1,(anonymous_7)
FNDA:2,(anonymous_8)
FNDA:5,(anonymous_9)
FNDA:8,(anonymous_10)
FNDA:5,(anonymous_11)
DA:1,10
DA:2,10
DA:3,10
DA:4,10
DA:5,10
DA:6,10
DA:7,10
DA:9,10
DA:10,10
DA:14,10
DA:15,19
DA:16,19
DA:20,19
DA:21,19
DA:22,19
DA:23,19
DA:24,19
DA:25,19
DA:29,1
DA:33,16
DA:34,16
DA:35,16
DA:36,4
DA:41,6
DA:42,2
DA:44,4
DA:45,2
DA:47,4
DA:51,10
DA:52,8
DA:54,5
DA:59,5
DA:60,4
DA:63,5
DA:68,10
DA:72,2
DA:76,5
DA:80,8
DA:86,5
DA:87,5
DA:88,1
DA:89,1
LF:42
LH:42
BRDA:35,0,0,4
BRDA:41,1,0,2
BRDA:44,2,0,2
BRDA:51,3,0,8
BRDA:51,4,0,10
BRDA:51,4,1,2
BRDA:59,5,0,4
BRDA:87,6,0,1
BRF:8
BRH:8
end_of_record
TN:
SF:src\main\webapp\app\core\auth\auth-jwt.service.ts
FN:16,(anonymous_0)
FN:23,(anonymous_1)
FN:29,(anonymous_2)
FN:32,(anonymous_3)
FN:35,(anonymous_4)
FN:36,(anonymous_5)
FN:43,(anonymous_6)
FNF:7
FNH:7
FNDA:6,(anonymous_0)
FNDA:3,(anonymous_1)
FNDA:2,(anonymous_2)
FNDA:2,(anonymous_3)
FNDA:1,(anonymous_4)
FNDA:1,(anonymous_5)
FNDA:2,(anonymous_6)
DA:1,3
DA:2,3
DA:3,3
DA:4,3
DA:5,3
DA:7,3
DA:15,3
DA:17,6
DA:18,6
DA:19,6
DA:20,6
DA:24,3
DA:25,3
DA:26,3
DA:30,2
DA:32,2
DA:36,1
DA:37,1
DA:38,1
DA:39,1
DA:44,2
DA:45,2
DA:46,1
DA:47,1
DA:49,1
DA:50,1
LF:26
LH:26
BRDA:26,0,0,2
BRDA:26,0,1,1
BRDA:26,1,0,3
BRDA:26,1,1,2
BRDA:26,2,0,1
BRDA:26,2,1,2
BRDA:26,3,0,3
BRDA:26,3,1,1
BRDA:45,4,0,1
BRDA:45,4,1,1
BRF:10
BRH:10
end_of_record
TN:
SF:src\main\webapp\app\core\auth\state-storage.service.ts
FN:8,(anonymous_0)
FN:10,(anonymous_1)
FN:14,(anonymous_2)
FN:18,(anonymous_3)
FNF:4
FNH:1
FNDA:3,(anonymous_0)
FNDA:0,(anonymous_1)
FNDA:0,(anonymous_2)
FNDA:0,(anonymous_3)
DA:1,10
DA:2,10
DA:5,10
DA:6,3
DA:8,3
DA:11,0
DA:15,0
DA:19,0
LF:8
LH:5
BRF:0
BRH:0
end_of_record
TN:
SF:src\main\webapp\app\core\config\application-config.service.ts
FN:10,(anonymous_1)
FN:14,(anonymous_2)
FN:18,(anonymous_3)
FN:22,(anonymous_4)
FNF:4
FNH:2
FNDA:2,(anonymous_1)
FNDA:0,(anonymous_2)
FNDA:0,(anonymous_3)
FNDA:57,(anonymous_4)
DA:1,37
DA:6,37
DA:7,88
DA:8,88
DA:11,2
DA:15,0
DA:19,0
DA:23,57
DA:24,2
DA:26,55
LF:10
LH:8
BRDA:14,0,0,0
BRDA:23,1,0,2
BRF:2
BRH:1
end_of_record
TN:
SF:src\main\webapp\app\core\request\request-util.ts
FN:3,(anonymous_0)
FN:7,(anonymous_1)
FN:14,(anonymous_2)
FNF:3
FNH:1
FNDA:2,(anonymous_0)
FNDA:0,(anonymous_1)
FNDA:0,(anonymous_2)
DA:1,5
DA:3,5
DA:4,2
DA:6,2
DA:7,0
DA:8,0
DA:9,0
DA:13,0
DA:14,0
DA:15,0
DA:20,2
LF:11
LH:5
BRDA:6,0,0,0
BRDA:8,1,0,0
BRDA:13,2,0,0
BRF:3
BRH:0
end_of_record
TN:
SF:src\main\webapp\app\core\util\alert.service.ts
FN:33,(anonymous_0)
FN:35,(anonymous_1)
FN:39,(anonymous_2)
FN:51,(anonymous_3)
FN:68,(anonymous_4)
FN:75,(anonymous_5)
FN:76,(anonymous_6)
FN:77,(anonymous_7)
FN:87,(anonymous_8)
FN:89,(anonymous_9)
FNF:10
FNH:10
FNDA:23,(anonymous_0)
FNDA:1,(anonymous_1)
FNDA:18,(anonymous_2)
FNDA:20,(anonymous_3)
FNDA:3,(anonymous_4)
FNDA:20,(anonymous_5)
FNDA:8,(anonymous_6)
FNDA:8,(anonymous_7)
FNDA:11,(anonymous_8)
FNDA:12,(anonymous_9)
DA:1,3
DA:2,3
DA:3,3
DA:5,3
DA:24,3
DA:25,23
DA:26,23
DA:27,23
DA:30,23
DA:31,23
DA:33,23
DA:36,1
DA:40,18
DA:52,20
DA:54,20
DA:55,3
DA:57,3
DA:58,1
DA:59,2
DA:60,1
DA:64,20
DA:65,20
DA:66,20
DA:67,20
DA:68,20
DA:70,20
DA:72,20
DA:75,20
DA:76,20
DA:77,8
DA:78,8
DA:84,20
DA:88,11
DA:89,12
DA:91,11
DA:92,8
LF:36
LH:36
BRDA:54,0,0,3
BRDA:57,1,0,1
BRDA:57,1,1,2
BRDA:59,2,0,1
BRDA:64,3,0,20
BRDA:64,3,1,0
BRDA:64,4,0,20
BRDA:64,4,1,20
BRDA:64,5,0,20
BRDA:64,5,1,0
BRDA:64,6,0,20
BRDA:64,6,1,20
BRDA:65,7,0,3
BRDA:65,7,1,17
BRDA:65,8,0,20
BRDA:65,8,1,20
BRDA:66,9,0,3
BRDA:66,9,1,17
BRDA:66,10,0,20
BRDA:66,10,1,20
BRDA:67,11,0,4
BRDA:67,11,1,16
BRDA:67,12,0,20
BRDA:67,12,1,20
BRDA:70,13,0,2
BRDA:70,13,1,18
BRDA:70,14,0,20
BRDA:70,14,1,20
BRDA:72,15,0,20
BRDA:78,16,0,1
BRDA:78,16,1,7
BRDA:78,17,0,8
BRDA:78,17,1,8
BRDA:88,18,0,11
BRDA:88,18,1,0
BRDA:88,19,0,11
BRDA:88,19,1,11
BRDA:91,20,0,8
BRF:38
BRH:35
end_of_record
TN:
SF:src\main\webapp\app\core\util\data-util.service.ts
FN:23,(anonymous_0)
FN:30,(anonymous_1)
FN:44,(anonymous_2)
FN:60,(anonymous_3)
FN:61,(anonymous_4)
FN:74,(anonymous_5)
FN:97,(anonymous_6)
FN:99,(anonymous_7)
FN:108,(anonymous_8)
FN:112,(anonymous_9)
FN:122,(anonymous_10)
FN:126,(anonymous_11)
FNF:12
FNH:6
FNDA:1,(anonymous_0)
FNDA:1,(anonymous_1)
FNDA:0,(anonymous_2)
FNDA:0,(anonymous_3)
FNDA:0,(anonymous_4)
FNDA:0,(anonymous_5)
FNDA:0,(anonymous_6)
FNDA:0,(anonymous_7)
FNDA:2,(anonymous_8)
FNDA:1,(anonymous_9)
FNDA:1,(anonymous_10)
FNDA:1,(anonymous_11)
DA:1,1
DA:3,1
DA:19,1
DA:24,1
DA:31,1
DA:33,1
DA:34,1
DA:35,1
DA:36,8
DA:38,1
DA:39,1
DA:42,1
DA:43,1
DA:44,1
DA:45,0
DA:61,0
DA:62,0
DA:63,0
DA:64,0
DA:65,0
DA:66,0
DA:71,0
DA:73,0
DA:74,0
DA:75,0
DA:79,0
DA:80,0
DA:84,0
DA:89,0
DA:98,0
DA:99,0
DA:100,0
DA:101,0
DA:102,0
DA:105,0
DA:109,2
DA:113,1
DA:114,0
DA:116,1
DA:117,0
DA:119,1
DA:123,1
DA:127,1
LF:43
LH:20
BRDA:31,0,0,1
BRDA:31,0,1,0
BRDA:31,1,0,1
BRDA:31,1,1,1
BRDA:63,2,0,0
BRDA:63,2,1,0
BRDA:63,3,0,0
BRDA:63,3,1,0
BRDA:63,4,0,0
BRDA:63,4,1,0
BRDA:63,5,0,0
BRDA:63,5,1,0
BRDA:63,6,0,0
BRDA:63,6,1,0
BRDA:65,7,0,0
BRDA:65,7,1,0
BRDA:65,8,0,0
BRDA:65,8,1,0
BRDA:100,9,0,0
BRDA:100,10,0,0
BRDA:100,10,1,0
BRDA:100,11,0,0
BRDA:100,11,1,0
BRDA:113,12,0,0
BRDA:116,13,0,0
BRF:25
BRH:3
end_of_record
TN:
SF:src\main\webapp\app\core\util\event-manager.service.ts
FN:6,(anonymous_0)
FN:19,(anonymous_1)
FN:20,(anonymous_2)
FN:28,(anonymous_3)
FN:39,(anonymous_4)
FN:45,(anonymous_5)
FN:60,(anonymous_6)
FNF:7
FNH:7
FNDA:1,(anonymous_0)
FNDA:12,(anonymous_1)
FNDA:11,(anonymous_2)
FNDA:17,(anonymous_3)
FNDA:19,(anonymous_4)
FNDA:25,(anonymous_5)
FNDA:14,(anonymous_6)
DA:1,2
DA:2,2
DA:3,2
DA:5,2
DA:6,1
DA:15,2
DA:20,12
DA:21,11
DA:29,17
DA:30,16
DA:40,19
DA:41,18
DA:43,19
DA:46,25
DA:47,27
DA:48,13
DA:51,12
DA:61,14
LF:18
LH:18
BRDA:29,0,0,16
BRDA:40,1,0,18
BRDA:47,2,0,13
BRDA:47,3,0,27
BRDA:47,3,1,6
BRDA:47,3,2,25
BRDA:47,3,3,21
BRF:7
BRH:7
end_of_record
TN:
SF:src\main\webapp\app\core\util\operators.ts
FN:5,isPresent
FN:9,(anonymous_1)
FNF:2
FNH:2
FNDA:16,isPresent
FNDA:2,(anonymous_1)
DA:5,2
DA:6,16
DA:9,2
LF:3
LH:3
BRDA:6,0,0,16
BRDA:6,0,1,13
BRDA:9,1,0,1
BRDA:9,1,1,1
BRF:4
BRH:4
end_of_record
TN:
SF:src\main\webapp\app\core\util\parse-links.service.ts
FN:13,(anonymous_0)
FN:23,(anonymous_1)
FN:35,(anonymous_2)
FNF:3
FNH:3
FNDA:4,(anonymous_0)
FNDA:4,(anonymous_1)
FNDA:6,(anonymous_2)
DA:1,1
DA:9,1
DA:14,4
DA:15,1
DA:19,3
DA:20,3
DA:23,3
DA:24,4
DA:26,4
DA:27,2
DA:30,2
DA:31,2
DA:33,2
DA:36,6
DA:37,6
DA:39,6
DA:43,2
DA:44,2
DA:45,2
DA:48,1
LF:20
LH:20
BRDA:14,0,0,1
BRDA:26,1,0,2
BRDA:36,2,0,6
BRDA:39,3,0,4
BRDA:39,3,1,2
BRDA:39,4,0,6
BRDA:39,4,1,6
BRDA:43,5,0,2
BRF:8
BRH:8
end_of_record
TN:
SF:src\main\webapp\app\entities\user\user.model.ts
FN:7,(anonymous_0)
FN:10,getUserIdentifier
FNF:2
FNH:2
FNDA:1,(anonymous_0)
FNDA:13,getUserIdentifier
DA:6,1
DA:7,1
DA:10,1
DA:11,13
LF:4
LH:4
BRF:0
BRH:0
end_of_record
TN:
SF:src\main\webapp\app\entities\user\user.service.ts
FN:15,(anonymous_0)
FN:17,(anonymous_1)
FN:22,(anonymous_2)
FN:25,(anonymous_3)
FN:26,(anonymous_4)
FNF:5
FNH:5
FNDA:9,(anonymous_0)
FNDA:2,(anonymous_1)
FNDA:7,(anonymous_2)
FNDA:4,(anonymous_3)
FNDA:9,(anonymous_4)
DA:1,1
DA:2,1
DA:5,1
DA:6,1
DA:7,1
DA:9,1
DA:12,1
DA:13,9
DA:15,9
DA:18,2
DA:19,2
DA:23,7
DA:24,7
DA:25,6
DA:26,6
DA:27,9
DA:28,9
DA:29,2
DA:31,7
DA:32,7
DA:34,6
DA:36,1
LF:22
LH:22
BRDA:24,0,0,6
BRDA:28,1,0,2
BRDA:28,2,0,9
BRDA:28,2,1,9
BRF:4
BRH:4
end_of_record
TN:
SF:src\main\webapp\app\home\home.component.html
FNF:0
FNH:0
DA:1,1
LF:1
LH:1
BRF:0
BRH:0
end_of_record
TN:
SF:src\main\webapp\app\home\home.component.ts
FN:19,(anonymous_0)
FN:21,(anonymous_1)
FN:25,(anonymous_2)
FN:28,(anonymous_3)
FN:32,(anonymous_4)
FNF:5
FNH:5
FNDA:3,(anonymous_0)
FNDA:2,(anonymous_1)
FNDA:3,(anonymous_2)
FNDA:1,(anonymous_3)
FNDA:3,(anonymous_4)
DA:1,1
DA:2,1
DA:3,1
DA:4,1
DA:6,1
DA:14,1
DA:15,3
DA:17,3
DA:19,3
DA:22,2
DA:25,3
DA:29,1
DA:33,3
DA:34,3
LF:14
LH:14
BRF:0
BRH:0
end_of_record
TN:
SF:src\main\webapp\app\layouts\main\main.component.html
FNF:0
FNH:0
DA:1,1
LF:1
LH:1
BRF:0
BRH:0
end_of_record
TN:
SF:src\main\webapp\app\layouts\main\main.component.ts
FN:16,(anonymous_0)
FN:26,(anonymous_1)
FN:30,(anonymous_2)
FN:36,(anonymous_3)
FN:43,(anonymous_4)
FN:51,(anonymous_5)
FN:56,(anonymous_6)
FNF:7
FNH:7
FNDA:10,(anonymous_0)
FNDA:10,(anonymous_1)
FNDA:15,(anonymous_2)
FNDA:6,(anonymous_3)
FNDA:27,(anonymous_4)
FNDA:16,(anonymous_5)
FNDA:16,(anonymous_6)
DA:1,1
DA:2,1
DA:3,1
DA:4,1
DA:5,1
DA:7,1
DA:13,1
DA:17,10
DA:18,10
DA:19,10
DA:20,10
DA:23,10
DA:28,10
DA:30,10
DA:31,15
DA:32,10
DA:36,10
DA:37,6
DA:38,6
DA:39,6
DA:44,27
DA:45,27
DA:46,11
DA:48,16
DA:52,16
DA:53,16
DA:54,2
DA:56,16
LF:28
LH:28
BRDA:31,0,0,10
BRDA:44,1,0,18
BRDA:44,1,1,9
BRDA:44,2,0,27
BRDA:44,2,1,27
BRDA:45,3,0,11
BRDA:46,4,0,11
BRDA:46,4,1,7
BRDA:53,5,0,2
BRF:9
BRH:9
end_of_record
TN:
SF:src\main\webapp\app\layouts\navbar\navbar.component.html
FNF:0
FNH:0
DA:1,1
LF:1
LH:1
BRF:0
BRH:0
end_of_record
TN:
SF:src\main\webapp\app\layouts\navbar\navbar.component.ts
FN:26,(anonymous_0)
FN:39,(anonymous_1)
FN:40,(anonymous_2)
FN:44,(anonymous_3)
FN:47,(anonymous_4)
FN:52,(anonymous_5)
FN:56,(anonymous_6)
FN:60,(anonymous_7)
FN:66,(anonymous_8)
FNF:9
FNH:4
FNDA:3,(anonymous_0)
FNDA:3,(anonymous_1)
FNDA:1,(anonymous_2)
FNDA:4,(anonymous_3)
FNDA:0,(anonymous_4)
FNDA:0,(anonymous_5)
FNDA:0,(anonymous_6)
FNDA:0,(anonymous_7)
FNDA:0,(anonymous_8)
DA:1,1
DA:2,1
DA:3,1
DA:4,1
DA:6,1
DA:7,1
DA:9,1
DA:10,1
DA:11,1
DA:18,1
DA:20,3
DA:21,3
DA:23,3
DA:24,3
DA:27,3
DA:28,3
DA:29,3
DA:30,3
DA:31,3
DA:32,3
DA:34,3
DA:35,3
DA:40,3
DA:41,1
DA:42,1
DA:44,4
DA:48,0
DA:49,0
DA:53,0
DA:57,0
DA:61,0
DA:62,0
DA:63,0
DA:67,0
LF:34
LH:26
BRDA:34,0,0,3
BRDA:35,1,0,0
BRDA:35,1,1,3
BRF:3
BRH:2
end_of_record
TN:
SF:src\main\webapp\app\layouts\profiles\page-ribbon.component.ts
FN:19,(anonymous_0)
FN:21,(anonymous_1)
FN:22,(anonymous_2)
FNF:3
FNH:2
FNDA:1,(anonymous_0)
FNDA:1,(anonymous_1)
FNDA:0,(anonymous_2)
DA:1,1
DA:3,1
DA:5,1
DA:16,1
DA:19,1
DA:22,1
LF:6
LH:6
BRF:0
BRH:0
end_of_record
TN:
SF:src\main\webapp\app\layouts\profiles\profile-info.model.ts
FN:9,(anonymous_0)
FNF:1
FNH:1
FNDA:2,(anonymous_0)
DA:8,2
DA:10,2
DA:11,2
DA:12,2
DA:13,2
LF:5
LH:5
BRF:0
BRH:0
end_of_record
TN:
SF:src\main\webapp\app\layouts\profiles\profile.service.ts
FN:14,(anonymous_0)
FN:16,(anonymous_1)
FN:22,(anonymous_2)
FN:30,(anonymous_3)
FNF:4
FNH:2
FNDA:4,(anonymous_0)
FNDA:2,(anonymous_1)
FNDA:0,(anonymous_2)
FNDA:0,(anonymous_3)
DA:1,2
DA:2,2
DA:3,2
DA:6,2
DA:10,2
DA:11,4
DA:14,4
DA:17,2
DA:18,0
DA:21,2
DA:23,0
DA:28,0
DA:29,0
DA:30,0
DA:31,0
DA:32,0
DA:35,0
DA:39,2
LF:18
LH:10
BRDA:17,0,0,0
BRDA:25,1,0,0
BRDA:25,1,1,0
BRDA:25,2,0,0
BRDA:25,2,1,0
BRDA:26,3,0,0
BRDA:26,3,1,0
BRDA:26,4,0,0
BRDA:26,4,1,0
BRDA:28,5,0,0
BRDA:28,6,0,0
BRDA:28,6,1,0
BRDA:30,7,0,0
BRDA:30,7,1,0
BRDA:30,8,0,0
BRDA:30,8,1,0
BRDA:31,9,0,0
BRF:17
BRH:0
end_of_record
TN:
SF:src\main\webapp\app\login\login.component.html
FNF:0
FNH:0
DA:1,1
LF:1
LH:1
BRF:0
BRH:0
end_of_record
TN:
SF:src\main\webapp\app\login\login.component.ts
FN:24,(anonymous_0)
FN:31,(anonymous_1)
FN:33,(anonymous_2)
FN:40,(anonymous_3)
FN:44,(anonymous_4)
FN:52,(anonymous_5)
FN:59,(anonymous_6)
FNF:7
FNH:7
FNDA:7,(anonymous_0)
FNDA:3,(anonymous_1)
FNDA:3,(anonymous_2)
FNDA:1,(anonymous_3)
FNDA:3,(anonymous_4)
FNDA:2,(anonymous_5)
FNDA:1,(anonymous_6)
DA:1,1
DA:2,1
DA:3,1
DA:5,1
DA:6,1
DA:12,1
DA:16,7
DA:18,7
DA:25,7
DA:26,7
DA:27,7
DA:28,7
DA:33,3
DA:34,3
DA:35,1
DA:41,1
DA:45,3
DA:53,2
DA:54,2
DA:56,1
DA:59,1
LF:21
LH:21
BRDA:34,0,0,1
BRDA:54,1,0,1
BRF:2
BRH:2
end_of_record
TN:
SF:src\main\webapp\app\login\login.service.ts
FN:12,(anonymous_0)
FN:14,(anonymous_1)
FN:15,(anonymous_2)
FN:18,(anonymous_3)
FN:19,(anonymous_4)
FNF:5
FNH:0
FNDA:0,(anonymous_0)
FNDA:0,(anonymous_1)
FNDA:0,(anonymous_2)
FNDA:0,(anonymous_3)
FNDA:0,(anonymous_4)
DA:1,2
DA:3,2
DA:6,2
DA:7,2
DA:11,2
DA:12,0
DA:15,0
DA:19,0
LF:8
LH:5
BRF:0
BRH:0
end_of_record
TN:
SF:src\main\webapp\app\shared\alert\alert-error.component.html
FNF:0
FNH:0
DA:1,1
LF:1
LH:1
BRF:0
BRH:0
end_of_record
TN:
SF:src\main\webapp\app\shared\alert\alert-error.component.ts
FN:19,(anonymous_0)
FN:20,(anonymous_1)
FN:25,(anonymous_2)
FN:88,(anonymous_3)
FN:96,(anonymous_4)
FN:101,(anonymous_5)
FN:105,(anonymous_6)
FNF:7
FNH:4
FNDA:8,(anonymous_0)
FNDA:0,(anonymous_1)
FNDA:9,(anonymous_2)
FNDA:0,(anonymous_3)
FNDA:7,(anonymous_4)
FNDA:0,(anonymous_5)
FNDA:9,(anonymous_6)
DA:1,1
DA:4,1
DA:7,1
DA:8,1
DA:14,1
DA:15,8
DA:19,8
DA:20,8
DA:21,0
DA:22,0
DA:25,8
DA:26,9
DA:27,9
DA:30,1
DA:31,1
DA:34,4
DA:35,4
DA:36,4
DA:37,4
DA:38,2
DA:39,1
DA:40,1
DA:41,1
DA:44,4
DA:45,1
DA:46,1
DA:47,3
DA:48,1
DA:49,1
DA:50,1
DA:51,1
DA:54,1
DA:55,1
DA:56,1
DA:58,2
DA:59,1
DA:65,1
DA:67,4
DA:71,1
DA:72,1
DA:75,3
DA:76,2
DA:82,1
DA:89,0
DA:90,0
DA:91,0
DA:93,0
DA:97,7
DA:98,7
DA:102,0
DA:106,9
LF:51
LH:44
BRDA:27,0,0,1
BRDA:27,0,1,4
BRDA:27,0,2,1
BRDA:27,0,3,3
BRDA:38,1,0,1
BRDA:38,1,1,1
BRDA:40,2,0,1
BRDA:44,3,0,1
BRDA:44,3,1,3
BRDA:45,4,0,1
BRDA:45,4,1,0
BRDA:47,5,0,1
BRDA:47,5,1,2
BRDA:47,6,0,3
BRDA:47,6,1,3
BRDA:50,7,0,1
BRDA:58,8,0,1
BRDA:58,8,1,1
BRDA:58,9,0,2
BRDA:58,9,1,2
BRDA:60,10,0,0
BRDA:60,10,1,1
BRDA:60,11,0,1
BRDA:60,11,1,1
BRDA:75,12,0,2
BRDA:75,12,1,1
BRDA:75,13,0,3
BRDA:75,13,1,3
BRDA:77,14,0,1
BRDA:77,14,1,1
BRDA:77,15,0,2
BRDA:77,15,1,2
BRDA:90,16,0,0
BRDA:102,17,0,0
BRDA:102,17,1,0
BRDA:102,18,0,0
BRDA:102,18,1,0
BRF:37
BRH:30
end_of_record
TN:
SF:src\main\webapp\app\shared\alert\alert.component.html
FNF:0
FNH:0
DA:1,1
LF:1
LH:1
BRF:0
BRH:0
end_of_record
TN:
SF:src\main\webapp\app\shared\alert\alert.component.ts
FN:12,(anonymous_0)
FN:14,(anonymous_1)
FN:18,(anonymous_2)
FN:26,(anonymous_3)
FN:30,(anonymous_4)
FNF:5
FNH:3
FNDA:2,(anonymous_0)
FNDA:1,(anonymous_1)
FNDA:0,(anonymous_2)
FNDA:2,(anonymous_3)
FNDA:0,(anonymous_4)
DA:1,1
DA:3,1
DA:9,1
DA:10,2
DA:12,2
DA:15,1
DA:19,0
DA:20,0
DA:21,0
DA:23,0
DA:27,2
DA:31,0
LF:12
LH:7
BRDA:20,0,0,0
BRDA:31,1,0,0
BRDA:31,1,1,0
BRDA:31,2,0,0
BRDA:31,2,1,0
BRF:5
BRH:0
end_of_record
TN:
SF:src\main\webapp\app\shared\auth\has-any-authority.directive.ts
FN:26,(anonymous_0)
FN:28,(anonymous_1)
FN:36,(anonymous_2)
FN:41,(anonymous_3)
FN:46,(anonymous_4)
FNF:5
FNH:5
FNDA:4,(anonymous_0)
FNDA:4,(anonymous_1)
FNDA:3,(anonymous_2)
FNDA:4,(anonymous_3)
FNDA:7,(anonymous_4)
DA:1,1
DA:2,1
DA:3,1
DA:5,1
DA:21,1
DA:24,4
DA:26,4
DA:30,4
DA:31,4
DA:33,4
DA:37,3
DA:42,4
DA:43,4
DA:47,7
DA:48,7
DA:49,7
DA:50,5
LF:17
LH:17
BRDA:49,0,0,5
BRF:1
BRH:1
end_of_record
TN:
SF:src\main\webapp\app\shared\date\format-medium-date.pipe.ts
FN:9,(anonymous_0)
FNF:1
FNH:1
FNDA:3,(anonymous_0)
DA:1,1
DA:8,1
DA:10,3
LF:3
LH:3
BRDA:10,0,0,1
BRDA:10,0,1,2
BRF:2
BRH:2
end_of_record
TN:
SF:src\main\webapp\app\shared\date\format-medium-datetime.pipe.ts
FN:9,(anonymous_0)
FNF:1
FNH:1
FNDA:3,(anonymous_0)
DA:1,1
DA:8,1
DA:10,3
LF:3
LH:3
BRDA:10,0,0,1
BRDA:10,0,1,2
BRF:2
BRH:2
end_of_record
TN:
SF:src\main\webapp\app\shared\language\translate.directive.ts
FN:20,(anonymous_0)
FN:22,(anonymous_1)
FN:23,(anonymous_2)
FN:26,(anonymous_3)
FN:31,(anonymous_4)
FN:35,(anonymous_5)
FN:40,(anonymous_6)
FN:45,(anonymous_7)
FN:48,(anonymous_8)
FNF:9
FNH:6
FNDA:5,(anonymous_0)
FNDA:1,(anonymous_1)
FNDA:0,(anonymous_2)
FNDA:0,(anonymous_3)
FNDA:1,(anonymous_4)
FNDA:3,(anonymous_5)
FNDA:1,(anonymous_6)
FNDA:1,(anonymous_7)
FNDA:0,(anonymous_8)
DA:1,2
DA:2,2
DA:3,2
DA:4,2
DA:6,2
DA:14,2
DA:18,5
DA:20,5
DA:23,1
DA:24,0
DA:26,1
DA:27,0
DA:32,1
DA:36,3
DA:37,3
DA:41,1
DA:46,1
DA:48,0
LF:18
LH:15
BRF:0
BRH:0
end_of_record
TN:
SF:src\main\webapp\app\shared\pagination\item-count.component.ts
FN:17,(anonymous_0)
FNF:1
FNH:1
FNDA:4,(anonymous_0)
DA:1,1
DA:10,1
DA:18,4
DA:19,3
DA:20,3
DA:22,1
DA:23,1
DA:25,4
LF:8
LH:8
BRDA:18,0,0,3
BRDA:18,0,1,1
BRDA:18,1,0,4
BRDA:18,1,1,3
BRDA:18,1,2,3
BRDA:20,2,0,2
BRDA:20,2,1,1
BRF:7
BRH:7
end_of_record
TN:
SF:src\main\webapp\app\shared\sort\sort-by.directive.ts
FN:24,(anonymous_0)
FN:25,(anonymous_1)
FN:26,(anonymous_2)
FN:30,(anonymous_3)
FN:36,(anonymous_4)
FN:40,(anonymous_5)
FN:45,(anonymous_6)
FNF:7
FNH:7
FNDA:5,(anonymous_0)
FNDA:11,(anonymous_1)
FNDA:14,(anonymous_2)
FNDA:4,(anonymous_3)
FNDA:5,(anonymous_4)
FNDA:4,(anonymous_5)
FNDA:30,(anonymous_6)
DA:1,1
DA:2,1
DA:3,1
DA:4,1
DA:5,1
DA:7,1
DA:12,1
DA:18,5
DA:19,5
DA:20,5
DA:22,5
DA:24,5
DA:25,11
DA:26,14
DA:31,4
DA:32,3
DA:37,5
DA:41,4
DA:42,4
DA:46,30
DA:47,19
DA:48,19
DA:49,18
DA:51,19
DA:52,19
LF:25
LH:25
BRDA:31,0,0,3
BRDA:46,1,0,19
BRDA:48,2,0,18
BRDA:49,3,0,8
BRDA:49,3,1,10
BRF:5
BRH:5
end_of_record
TN:
SF:src\main\webapp\app\shared\sort\sort.directive.ts
FN:7,(anonymous_1)
FN:11,(anonymous_2)
FN:16,(anonymous_3)
FN:20,(anonymous_4)
FN:32,(anonymous_5)
FNF:5
FNH:5
FNDA:35,(anonymous_1)
FNDA:16,(anonymous_2)
FNDA:38,(anonymous_3)
FNDA:19,(anonymous_4)
FNDA:8,(anonymous_5)
DA:1,2
DA:6,2
DA:9,35
DA:12,16
DA:13,16
DA:18,38
DA:21,19
DA:22,19
DA:25,8
DA:26,8
DA:27,8
DA:33,8
DA:34,8
DA:35,8
DA:36,8
DA:37,8
LF:16
LH:16
BRDA:33,0,0,4
BRDA:33,0,1,4
BRF:2
BRH:2
end_of_record
