<?xml version="1.0" encoding="UTF-8"?>
<testsuite xmlns:xsi="http://www.w3.org/2001/XMLSchema-instance" xsi:noNamespaceSchemaLocation="https://maven.apache.org/surefire/maven-failsafe-plugin/xsd/failsafe-test-report-3.0.xsd" version="3.0" name="com.reddot.stats.config.timezone.HibernateTimeZoneIT" time="55.5" tests="7" errors="0" skipped="0" failures="0">
  <properties>
[...]
</properties>
  <testcase name="storeLocalDateTimeWithZoneIdConfigShouldBeStoredOnGMTTimeZone" classname="com.reddot.stats.config.timezone.HibernateTimeZoneIT" time="0.985">
    <system-out><![CDATA[2021-10-26 01:27:56.080 DEBUG   --- [           main] com.tngtech.archunit.ArchConfiguration   : No configuration found in classpath at archunit.properties => Using default configuration
2021-10-26 01:27:59.560 DEBUG 17612 --- [kground-preinit] org.jboss.logging                        : Logging Provider: org.jboss.logging.Log4j2LoggerProvider

        ██╗ ██╗   ██╗ ████████╗ ███████╗   ██████╗ ████████╗ ████████╗ ███████╗
        ██║ ██║   ██║ ╚══██╔══╝ ██╔═══██╗ ██╔════╝ ╚══██╔══╝ ██╔═════╝ ██╔═══██╗
        ██║ ████████║    ██║    ███████╔╝ ╚█████╗     ██║    ██████╗   ███████╔╝
  ██╗   ██║ ██╔═══██║    ██║    ██╔════╝   ╚═══██╗    ██║    ██╔═══╝   ██╔══██║
  ╚██████╔╝ ██║   ██║ ████████╗ ██║       ██████╔╝    ██║    ████████╗ ██║  ╚██╗
   ╚═════╝  ╚═╝   ╚═╝ ╚═══════╝ ╚═╝       ╚═════╝     ╚═╝    ╚═══════╝ ╚═╝   ╚═╝

:: JHipster 🤓  :: Running Spring Boot 2.5.5 ::
:: https://www.jhipster.tech ::

2021-10-26 01:28:01.385  INFO 17612 --- [           main] c.r.s.c.timezone.HibernateTimeZoneIT     : No active profile set, falling back to default profiles: default
2021-10-26 01:28:01.393  WARN 17612 --- [           main] o.s.b.c.config.ConfigDataEnvironment     : Property 'spring.profiles' imported from location 'class path resource [config/application.yml]' is invalid and should be replaced with 'spring.config.activate.on-profile' [origin: class path resource [config/application.yml] - 24:12]
2021-10-26 01:28:04.184 DEBUG 17612 --- [           main] i.g.r.utils.RxJava2OnClasspathCondition  : RxJava2 related Aspect extensions are not activated, because RxJava2 is not on the classpath.
2021-10-26 01:28:04.187 DEBUG 17612 --- [           main] i.g.r.utils.ReactorOnClasspathCondition  : Reactor related Aspect extensions are not activated because Resilience4j Reactor module is not on the classpath.
2021-10-26 01:28:04.218 DEBUG 17612 --- [           main] i.g.r.utils.RxJava2OnClasspathCondition  : RxJava2 related Aspect extensions are not activated, because RxJava2 is not on the classpath.
2021-10-26 01:28:04.220 DEBUG 17612 --- [           main] i.g.r.utils.ReactorOnClasspathCondition  : Reactor related Aspect extensions are not activated because Resilience4j Reactor module is not on the classpath.
2021-10-26 01:28:04.280 DEBUG 17612 --- [           main] i.g.r.utils.RxJava2OnClasspathCondition  : RxJava2 related Aspect extensions are not activated, because RxJava2 is not on the classpath.
2021-10-26 01:28:04.281 DEBUG 17612 --- [           main] i.g.r.utils.ReactorOnClasspathCondition  : Reactor related Aspect extensions are not activated because Resilience4j Reactor module is not on the classpath.
2021-10-26 01:28:04.314 DEBUG 17612 --- [           main] i.g.r.utils.RxJava2OnClasspathCondition  : RxJava2 related Aspect extensions are not activated, because RxJava2 is not on the classpath.
2021-10-26 01:28:04.315 DEBUG 17612 --- [           main] i.g.r.utils.ReactorOnClasspathCondition  : Reactor related Aspect extensions are not activated because Resilience4j Reactor module is not on the classpath.
2021-10-26 01:28:04.341 DEBUG 17612 --- [           main] i.g.r.utils.RxJava2OnClasspathCondition  : RxJava2 related Aspect extensions are not activated, because RxJava2 is not on the classpath.
2021-10-26 01:28:04.342 DEBUG 17612 --- [           main] i.g.r.utils.ReactorOnClasspathCondition  : Reactor related Aspect extensions are not activated because Resilience4j Reactor module is not on the classpath.
2021-10-26 01:28:19.566  WARN 17612 --- [           main] t.j.c.liquibase.AsyncSpringLiquibase     : Warning, Liquibase took more than 5 seconds to start up!
2021-10-26 01:28:21.459 DEBUG 17612 --- [           main] com.hazelcast.internal.util.JavaVersion  : Detected runtime version: Java 11
2021-10-26 01:28:21.462  WARN 17612 --- [           main] c.h.i.impl.HazelcastInstanceFactory      : Hazelcast is starting in a Java modular environment (Java 9 and newer) but without proper access to required Java packages. Use additional Java arguments to provide Hazelcast access to Java internal API. The internal API access is used to get the best performance results. Arguments to be used:
 --add-modules java.se --add-exports java.base/jdk.internal.ref=ALL-UNNAMED --add-opens java.base/java.lang=ALL-UNNAMED --add-opens java.base/java.nio=ALL-UNNAMED --add-opens java.base/sun.nio.ch=ALL-UNNAMED --add-opens java.management/sun.management=ALL-UNNAMED --add-opens jdk.management/com.sun.management.internal=ALL-UNNAMED
2021-10-26 01:28:21.541  WARN 17612 --- [           main] c.r.stats.config.CacheConfiguration      : No discovery service is set up, Hazelcast cannot create a cluster.
2021-10-26 01:28:21.630 DEBUG 17612 --- [           main] com.hazelcast.instance.AddressPicker     : [LOCAL] [dev] [4.1.5] Prefer IPv4 stack is true, prefer IPv6 addresses is false
2021-10-26 01:28:22.046 DEBUG 17612 --- [           main] com.hazelcast.instance.AddressPicker     : [LOCAL] [dev] [4.1.5] Skipping NetworkInterface 'lo': isUp=true, isVirtual=false, isLoopback=true
2021-10-26 01:28:22.055 DEBUG 17612 --- [           main] com.hazelcast.instance.AddressPicker     : [LOCAL] [dev] [4.1.5] Skipping NetworkInterface 'net0': isUp=false, isVirtual=false, isLoopback=false
2021-10-26 01:28:22.064 DEBUG 17612 --- [           main] com.hazelcast.instance.AddressPicker     : [LOCAL] [dev] [4.1.5] Skipping NetworkInterface 'wlan0': isUp=false, isVirtual=false, isLoopback=false
2021-10-26 01:28:22.073 DEBUG 17612 --- [           main] com.hazelcast.instance.AddressPicker     : [LOCAL] [dev] [4.1.5] Skipping NetworkInterface 'net1': isUp=false, isVirtual=false, isLoopback=false
2021-10-26 01:28:22.083 DEBUG 17612 --- [           main] com.hazelcast.instance.AddressPicker     : [LOCAL] [dev] [4.1.5] Skipping NetworkInterface 'ppp0': isUp=false, isVirtual=false, isLoopback=false
2021-10-26 01:28:22.111 DEBUG 17612 --- [           main] com.hazelcast.instance.AddressPicker     : [LOCAL] [dev] [4.1.5] Trying to bind inet socket address: 0.0.0.0/0.0.0.0:5701
2021-10-26 01:28:22.113 DEBUG 17612 --- [           main] com.hazelcast.instance.AddressPicker     : [LOCAL] [dev] [4.1.5] Bind successful to inet socket address: /0:0:0:0:0:0:0:0:5701
2021-10-26 01:28:22.115 DEBUG 17612 --- [           main] com.hazelcast.instance.AddressPicker     : [LOCAL] [dev] [4.1.5] Picked [192.168.1.16]:5701, using socket ServerSocket[addr=/0:0:0:0:0:0:0:0,localport=5701], bind any local is true
2021-10-26 01:28:22.159  INFO 17612 --- [           main] com.hazelcast.system                     : [192.168.1.16]:5701 [dev] [4.1.5] Hazelcast 4.1.5 (20210817 - 270c5be) starting at [192.168.1.16]:5701
2021-10-26 01:28:22.159 DEBUG 17612 --- [           main] com.hazelcast.system                     : [192.168.1.16]:5701 [dev] [4.1.5] Configured Hazelcast Serialization version: 1
2021-10-26 01:28:22.440 DEBUG 17612 --- [           main] c.h.i.metrics.impl.MetricsConfigHelper   : [192.168.1.16]:5701 [dev] [4.1.5] Collecting debug metrics and sending to diagnostics is disabled
2021-10-26 01:28:22.477 DEBUG 17612 --- [           main] c.h.s.i.o.impl.BackpressureRegulator     : [192.168.1.16]:5701 [dev] [4.1.5] Backpressure is disabled
2021-10-26 01:28:22.518 DEBUG 17612 --- [           main] h.s.i.o.i.InboundResponseHandlerSupplier : [192.168.1.16]:5701 [dev] [4.1.5] Running with 2 response threads
2021-10-26 01:28:23.046 DEBUG 17612 --- [           main] c.h.s.d.integration.DiscoveryService     : [192.168.1.16]:5701 [dev] [4.1.5] Discovery auto-detection enabled, looking for available discovery strategies
2021-10-26 01:28:23.047 DEBUG 17612 --- [           main] c.h.s.d.integration.DiscoveryService     : [192.168.1.16]:5701 [dev] [4.1.5] Discovery Factory 'class com.hazelcast.spi.discovery.multicast.MulticastDiscoveryStrategyFactory' is not auto-applicable to the current runtime environment
2021-10-26 01:28:23.047  INFO 17612 --- [           main] c.h.s.d.integration.DiscoveryService     : [192.168.1.16]:5701 [dev] [4.1.5] No discovery strategy is applicable for auto-detection
2021-10-26 01:28:24.231  INFO 17612 --- [           main] com.hazelcast.instance.impl.Node         : [192.168.1.16]:5701 [dev] [4.1.5] Using Multicast discovery
2021-10-26 01:28:24.242  WARN 17612 --- [           main] com.hazelcast.cp.CPSubsystem             : [192.168.1.16]:5701 [dev] [4.1.5] CP Subsystem is not enabled. CP data structures will operate in UNSAFE mode! Please note that UNSAFE mode will not provide strong consistency guarantees.
2021-10-26 01:28:24.834 DEBUG 17612 --- [           main] c.h.i.metrics.impl.MetricsService        : [192.168.1.16]:5701 [dev] [4.1.5] Configuring metrics collection, collection interval=5 seconds, retention=5 seconds, publishers=[Management Center Publisher, JMX Publisher]
2021-10-26 01:28:24.882 DEBUG 17612 --- [           main] c.h.s.i.o.impl.OperationExecutorImpl     : [192.168.1.16]:5701 [dev] [4.1.5] Starting 8 partition threads and 5 generic threads (1 dedicated for priority tasks)
2021-10-26 01:28:24.890 DEBUG 17612 --- [           main] com.hazelcast.sql.impl.SqlServiceImpl    : [192.168.1.16]:5701 [dev] [4.1.5] Optimizer class "com.hazelcast.sql.impl.calcite.CalciteSqlOptimizer" not found, falling back to com.hazelcast.sql.impl.optimizer.DisabledSqlOptimizer
2021-10-26 01:28:24.918  INFO 17612 --- [           main] c.h.internal.diagnostics.Diagnostics     : [192.168.1.16]:5701 [dev] [4.1.5] Diagnostics disabled. To enable add -Dhazelcast.diagnostics.enabled=true to the JVM arguments.
2021-10-26 01:28:24.929  INFO 17612 --- [           main] com.hazelcast.core.LifecycleService      : [192.168.1.16]:5701 [dev] [4.1.5] [192.168.1.16]:5701 is STARTING
2021-10-26 01:28:24.930 DEBUG 17612 --- [           main] c.h.i.p.InternalPartitionService         : [192.168.1.16]:5701 [dev] [4.1.5] Adding Member [192.168.1.16]:5701 - e74bc8c5-d7ce-498f-ac6d-038da2685121 this
2021-10-26 01:28:24.957 DEBUG 17612 --- [           main] c.h.i.networking.nio.NioNetworking       : [192.168.1.16]:5701 [dev] [4.1.5] TcpIpConnectionManager configured with Non Blocking IO-threading model: 3 input threads and 3 output threads
2021-10-26 01:28:24.957 DEBUG 17612 --- [           main] c.h.i.networking.nio.NioNetworking       : [192.168.1.16]:5701 [dev] [4.1.5] write through enabled:true
2021-10-26 01:28:24.957 DEBUG 17612 --- [           main] c.h.i.networking.nio.NioNetworking       : [192.168.1.16]:5701 [dev] [4.1.5] IO threads selector mode is SELECT
2021-10-26 01:28:24.992 DEBUG 17612 --- [           main] c.h.internal.cluster.ClusterService      : [192.168.1.16]:5701 [dev] [4.1.5] Setting master address to null
2021-10-26 01:28:24.995 DEBUG 17612 --- [           main] c.h.internal.cluster.ClusterService      : [192.168.1.16]:5701 [dev] [4.1.5] Setting master address to null
2021-10-26 01:28:24.996 DEBUG 17612 --- [           main] c.h.i.cluster.impl.MulticastJoiner       : [192.168.1.16]:5701 [dev] [4.1.5] Searching for master node. Max tries: 22
2021-10-26 01:28:25.005 DEBUG 17612 --- [MulticastThread] c.h.i.c.impl.NodeMulticastListener       : [192.168.1.16]:5701 [dev] [4.1.5] Dropped: JoinRequest{packetVersion=4, buildNumber=20210817, memberVersion=4.1.5, address=[192.168.1.16]:5701, uuid='e74bc8c5-d7ce-498f-ac6d-038da2685121', liteMember=false, credentials=null, memberCount=0, tryCount=1}
2021-10-26 01:28:25.142 DEBUG 17612 --- [MulticastThread] c.h.i.c.impl.NodeMulticastListener       : [192.168.1.16]:5701 [dev] [4.1.5] Dropped: JoinRequest{packetVersion=4, buildNumber=20210817, memberVersion=4.1.5, address=[192.168.1.16]:5701, uuid='e74bc8c5-d7ce-498f-ac6d-038da2685121', liteMember=false, credentials=null, memberCount=0, tryCount=2}
2021-10-26 01:28:25.336 DEBUG 17612 --- [MulticastThread] c.h.i.c.impl.NodeMulticastListener       : [192.168.1.16]:5701 [dev] [4.1.5] Dropped: JoinRequest{packetVersion=4, buildNumber=20210817, memberVersion=4.1.5, address=[192.168.1.16]:5701, uuid='e74bc8c5-d7ce-498f-ac6d-038da2685121', liteMember=false, credentials=null, memberCount=0, tryCount=3}
2021-10-26 01:28:25.486 DEBUG 17612 --- [MulticastThread] c.h.i.c.impl.NodeMulticastListener       : [192.168.1.16]:5701 [dev] [4.1.5] Dropped: JoinRequest{packetVersion=4, buildNumber=20210817, memberVersion=4.1.5, address=[192.168.1.16]:5701, uuid='e74bc8c5-d7ce-498f-ac6d-038da2685121', liteMember=false, credentials=null, memberCount=0, tryCount=4}
2021-10-26 01:28:25.572 DEBUG 17612 --- [MulticastThread] c.h.i.c.impl.NodeMulticastListener       : [192.168.1.16]:5701 [dev] [4.1.5] Dropped: JoinRequest{packetVersion=4, buildNumber=20210817, memberVersion=4.1.5, address=[192.168.1.16]:5701, uuid='e74bc8c5-d7ce-498f-ac6d-038da2685121', liteMember=false, credentials=null, memberCount=0, tryCount=5}
2021-10-26 01:28:25.730 DEBUG 17612 --- [MulticastThread] c.h.i.c.impl.NodeMulticastListener       : [192.168.1.16]:5701 [dev] [4.1.5] Dropped: JoinRequest{packetVersion=4, buildNumber=20210817, memberVersion=4.1.5, address=[192.168.1.16]:5701, uuid='e74bc8c5-d7ce-498f-ac6d-038da2685121', liteMember=false, credentials=null, memberCount=0, tryCount=6}
2021-10-26 01:28:25.856 DEBUG 17612 --- [MulticastThread] c.h.i.c.impl.NodeMulticastListener       : [192.168.1.16]:5701 [dev] [4.1.5] Dropped: JoinRequest{packetVersion=4, buildNumber=20210817, memberVersion=4.1.5, address=[192.168.1.16]:5701, uuid='e74bc8c5-d7ce-498f-ac6d-038da2685121', liteMember=false, credentials=null, memberCount=0, tryCount=7}
2021-10-26 01:28:26.030 DEBUG 17612 --- [MulticastThread] c.h.i.c.impl.NodeMulticastListener       : [192.168.1.16]:5701 [dev] [4.1.5] Dropped: JoinRequest{packetVersion=4, buildNumber=20210817, memberVersion=4.1.5, address=[192.168.1.16]:5701, uuid='e74bc8c5-d7ce-498f-ac6d-038da2685121', liteMember=false, credentials=null, memberCount=0, tryCount=8}
2021-10-26 01:28:26.143 DEBUG 17612 --- [MulticastThread] c.h.i.c.impl.NodeMulticastListener       : [192.168.1.16]:5701 [dev] [4.1.5] Dropped: JoinRequest{packetVersion=4, buildNumber=20210817, memberVersion=4.1.5, address=[192.168.1.16]:5701, uuid='e74bc8c5-d7ce-498f-ac6d-038da2685121', liteMember=false, credentials=null, memberCount=0, tryCount=9}
2021-10-26 01:28:26.317 DEBUG 17612 --- [MulticastThread] c.h.i.c.impl.NodeMulticastListener       : [192.168.1.16]:5701 [dev] [4.1.5] Dropped: JoinRequest{packetVersion=4, buildNumber=20210817, memberVersion=4.1.5, address=[192.168.1.16]:5701, uuid='e74bc8c5-d7ce-498f-ac6d-038da2685121', liteMember=false, credentials=null, memberCount=0, tryCount=10}
2021-10-26 01:28:26.436 DEBUG 17612 --- [MulticastThread] c.h.i.c.impl.NodeMulticastListener       : [192.168.1.16]:5701 [dev] [4.1.5] Dropped: JoinRequest{packetVersion=4, buildNumber=20210817, memberVersion=4.1.5, address=[192.168.1.16]:5701, uuid='e74bc8c5-d7ce-498f-ac6d-038da2685121', liteMember=false, credentials=null, memberCount=0, tryCount=11}
2021-10-26 01:28:26.598 DEBUG 17612 --- [MulticastThread] c.h.i.c.impl.NodeMulticastListener       : [192.168.1.16]:5701 [dev] [4.1.5] Dropped: JoinRequest{packetVersion=4, buildNumber=20210817, memberVersion=4.1.5, address=[192.168.1.16]:5701, uuid='e74bc8c5-d7ce-498f-ac6d-038da2685121', liteMember=false, credentials=null, memberCount=0, tryCount=12}
2021-10-26 01:28:26.668 DEBUG 17612 --- [MulticastThread] c.h.i.c.impl.NodeMulticastListener       : [192.168.1.16]:5701 [dev] [4.1.5] Dropped: JoinRequest{packetVersion=4, buildNumber=20210817, memberVersion=4.1.5, address=[192.168.1.16]:5701, uuid='e74bc8c5-d7ce-498f-ac6d-038da2685121', liteMember=false, credentials=null, memberCount=0, tryCount=13}
2021-10-26 01:28:26.723 DEBUG 17612 --- [MulticastThread] c.h.i.c.impl.NodeMulticastListener       : [192.168.1.16]:5701 [dev] [4.1.5] Dropped: JoinRequest{packetVersion=4, buildNumber=20210817, memberVersion=4.1.5, address=[192.168.1.16]:5701, uuid='e74bc8c5-d7ce-498f-ac6d-038da2685121', liteMember=false, credentials=null, memberCount=0, tryCount=14}
2021-10-26 01:28:26.808 DEBUG 17612 --- [MulticastThread] c.h.i.c.impl.NodeMulticastListener       : [192.168.1.16]:5701 [dev] [4.1.5] Dropped: JoinRequest{packetVersion=4, buildNumber=20210817, memberVersion=4.1.5, address=[192.168.1.16]:5701, uuid='e74bc8c5-d7ce-498f-ac6d-038da2685121', liteMember=false, credentials=null, memberCount=0, tryCount=15}
2021-10-26 01:28:26.922 DEBUG 17612 --- [MulticastThread] c.h.i.c.impl.NodeMulticastListener       : [192.168.1.16]:5701 [dev] [4.1.5] Dropped: JoinRequest{packetVersion=4, buildNumber=20210817, memberVersion=4.1.5, address=[192.168.1.16]:5701, uuid='e74bc8c5-d7ce-498f-ac6d-038da2685121', liteMember=false, credentials=null, memberCount=0, tryCount=16}
2021-10-26 01:28:27.004 DEBUG 17612 --- [MulticastThread] c.h.i.c.impl.NodeMulticastListener       : [192.168.1.16]:5701 [dev] [4.1.5] Dropped: JoinRequest{packetVersion=4, buildNumber=20210817, memberVersion=4.1.5, address=[192.168.1.16]:5701, uuid='e74bc8c5-d7ce-498f-ac6d-038da2685121', liteMember=false, credentials=null, memberCount=0, tryCount=17}
2021-10-26 01:28:27.161 DEBUG 17612 --- [MulticastThread] c.h.i.c.impl.NodeMulticastListener       : [192.168.1.16]:5701 [dev] [4.1.5] Dropped: JoinRequest{packetVersion=4, buildNumber=20210817, memberVersion=4.1.5, address=[192.168.1.16]:5701, uuid='e74bc8c5-d7ce-498f-ac6d-038da2685121', liteMember=false, credentials=null, memberCount=0, tryCount=18}
2021-10-26 01:28:27.333 DEBUG 17612 --- [MulticastThread] c.h.i.c.impl.NodeMulticastListener       : [192.168.1.16]:5701 [dev] [4.1.5] Dropped: JoinRequest{packetVersion=4, buildNumber=20210817, memberVersion=4.1.5, address=[192.168.1.16]:5701, uuid='e74bc8c5-d7ce-498f-ac6d-038da2685121', liteMember=false, credentials=null, memberCount=0, tryCount=19}
2021-10-26 01:28:27.441 DEBUG 17612 --- [MulticastThread] c.h.i.c.impl.NodeMulticastListener       : [192.168.1.16]:5701 [dev] [4.1.5] Dropped: JoinRequest{packetVersion=4, buildNumber=20210817, memberVersion=4.1.5, address=[192.168.1.16]:5701, uuid='e74bc8c5-d7ce-498f-ac6d-038da2685121', liteMember=false, credentials=null, memberCount=0, tryCount=20}
2021-10-26 01:28:27.494 DEBUG 17612 --- [MulticastThread] c.h.i.c.impl.NodeMulticastListener       : [192.168.1.16]:5701 [dev] [4.1.5] Dropped: JoinRequest{packetVersion=4, buildNumber=20210817, memberVersion=4.1.5, address=[192.168.1.16]:5701, uuid='e74bc8c5-d7ce-498f-ac6d-038da2685121', liteMember=false, credentials=null, memberCount=0, tryCount=21}
2021-10-26 01:28:27.556 DEBUG 17612 --- [MulticastThread] c.h.i.c.impl.NodeMulticastListener       : [192.168.1.16]:5701 [dev] [4.1.5] Dropped: JoinRequest{packetVersion=4, buildNumber=20210817, memberVersion=4.1.5, address=[192.168.1.16]:5701, uuid='e74bc8c5-d7ce-498f-ac6d-038da2685121', liteMember=false, credentials=null, memberCount=0, tryCount=22}
2021-10-26 01:28:27.742 DEBUG 17612 --- [           main] c.h.internal.cluster.ClusterService      : [192.168.1.16]:5701 [dev] [4.1.5] Setting master address to null
2021-10-26 01:28:27.742 DEBUG 17612 --- [           main] c.h.internal.cluster.ClusterService      : [192.168.1.16]:5701 [dev] [4.1.5] Setting master address to [192.168.1.16]:5701
2021-10-26 01:28:27.743 DEBUG 17612 --- [           main] c.h.i.cluster.impl.MembershipManager     : [192.168.1.16]:5701 [dev] [4.1.5] Local member list join version is set to 1
2021-10-26 01:28:27.743 DEBUG 17612 --- [           main] c.h.i.cluster.impl.MulticastJoiner       : [192.168.1.16]:5701 [dev] [4.1.5] PostJoin master: [192.168.1.16]:5701, isMaster: true
2021-10-26 01:28:27.743  INFO 17612 --- [           main] c.h.internal.cluster.ClusterService      : [192.168.1.16]:5701 [dev] [4.1.5] 

Members {size:1, ver:1} [
	Member [192.168.1.16]:5701 - e74bc8c5-d7ce-498f-ac6d-038da2685121 this
]

2021-10-26 01:28:27.801  INFO 17612 --- [           main] com.hazelcast.core.LifecycleService      : [192.168.1.16]:5701 [dev] [4.1.5] [192.168.1.16]:5701 is STARTED
2021-10-26 01:28:31.102 DEBUG 17612 --- [           main] i.m.c.u.i.logging.InternalLoggerFactory  : Using SLF4J as the default logging framework
2021-10-26 01:28:40.298 DEBUG 17612 --- [           main] _.s.web.servlet.HandlerMapping.Mappings  : 
	c.r.s.c.WebConfigurerTestController:
	{GET [/test/test-cors]}: testCorsOnOtherPath()
	{GET [/api/test-cors]}: testCorsOnApiPath()
2021-10-26 01:28:40.320 DEBUG 17612 --- [           main] _.s.web.servlet.HandlerMapping.Mappings  : 
	c.r.s.w.r.e.ExceptionTranslatorTestController:
	{GET [/api/exception-translator-test/response-status]}: exceptionWithResponseStatus()
	{GET [/api/exception-translator-test/missing-servlet-request-part]}: missingServletRequestPartException(String)
	{GET [/api/exception-translator-test/internal-server-error]}: internalServerError()
	{GET [/api/exception-translator-test/missing-servlet-request-parameter]}: missingServletRequestParameterException(String)
	{GET [/api/exception-translator-test/unauthorized]}: unauthorized()
	{GET [/api/exception-translator-test/access-denied]}: accessdenied()
	{GET [/api/exception-translator-test/concurrency-failure]}: concurrencyFailure()
	{POST [/api/exception-translator-test/method-argument]}: methodArgument(TestDTO)
2021-10-26 01:28:40.356 DEBUG 17612 --- [           main] _.s.web.servlet.HandlerMapping.Mappings  : 
	c.r.s.w.r.StatisticsPostResource:
	{PATCH [/api/statistics-posts/{id}], consumes [application/json || application/merge-patch+json]}: partialUpdateStatisticsPost(Long,StatisticsPostDTO)
	{PUT [/api/statistics-posts/{id}]}: updateStatisticsPost(Long,StatisticsPostDTO)
	{GET [/api/statistics-posts/{id}]}: getStatisticsPost(Long)
	{GET [/api/statistics-by-user-and-date]}: getStatisticsPost()
	{POST [/api/statistics-posts]}: createStatisticsPost(StatisticsPostDTO)
	{GET [/api/statistics-posts]}: getAllStatisticsPosts()
	{DELETE [/api/statistics-posts/{id}]}: deleteStatisticsPost(Long)
2021-10-26 01:28:40.428 DEBUG 17612 --- [           main] _.s.web.servlet.HandlerMapping.Mappings  : 
	o.s.b.a.w.s.e.BasicErrorController:
	{ [/error]}: error(HttpServletRequest)
	{ [/error], produces [text/html]}: errorHtml(HttpServletRequest,HttpServletResponse)
2021-10-26 01:28:40.638 DEBUG 17612 --- [           main] _.s.web.servlet.HandlerMapping.Mappings  : 'beanNameHandlerMapping' {}
2021-10-26 01:28:40.767 DEBUG 17612 --- [           main] _.s.web.servlet.HandlerMapping.Mappings  : 'resourceHandlerMapping' {/webjars/**=ResourceHttpRequestHandler [Classpath [META-INF/resources/webjars/]], /**=ResourceHttpRequestHandler [Classpath [META-INF/resources/], Classpath [resources/], Classpath [static/], Classpath [public/], ServletContext [/]]}
2021-10-26 01:28:50.871  WARN 17612 --- [           main] o.apache.activemq.broker.BrokerService   : Memory Usage for the Broker (1024mb) is more than the maximum available for the JVM: 256 mb - resetting to 70% of maximum available: 179
2021-10-26 01:28:51.100  WARN 17612 --- [           main] o.apache.activemq.broker.BrokerService   : Temporary Store limit is 51200 mb (current store usage is 0 mb). The data directory: C:\Users\Nicolas\Desktop\test6\statsService only has 4447 mb of usable space. - resetting to maximum available disk space: 4447 mb
2021-10-26 01:28:51.225  INFO 17612 --- [           main] c.r.s.c.timezone.HibernateTimeZoneIT     : Started HibernateTimeZoneIT in 53.384 seconds (JVM running for 59.319)
2021-10-26 01:28:51.400 DEBUG 17612 --- [           main] reactor.util.Loggers                     : Using Slf4j logging framework
2021-10-26 01:28:51.403 DEBUG 17612 --- [           main] reactor.core.publisher.Hooks             : Hooking onLastOperator: org.springframework.security.core.context.SecurityContext
2021-10-26 01:28:52.273 DEBUG 17612 --- [           main] reactor.core.publisher.Hooks             : Reset onLastOperator: org.springframework.security.core.context.SecurityContext
]]></system-out>
  </testcase>
  <testcase name="storeLocalDateWithZoneIdConfigShouldBeStoredWithoutTransformation" classname="com.reddot.stats.config.timezone.HibernateTimeZoneIT" time="0.014">
    <system-out><![CDATA[2021-10-26 01:28:52.291 DEBUG 17612 --- [           main] reactor.core.publisher.Hooks             : Hooking onLastOperator: org.springframework.security.core.context.SecurityContext
2021-10-26 01:28:52.303 DEBUG 17612 --- [           main] reactor.core.publisher.Hooks             : Reset onLastOperator: org.springframework.security.core.context.SecurityContext
]]></system-out>
  </testcase>
  <testcase name="storeLocalTimeWithZoneIdConfigShouldBeStoredOnGMTTimeZoneAccordingToHis1stJan1970Value" classname="com.reddot.stats.config.timezone.HibernateTimeZoneIT" time="0.015">
    <system-out><![CDATA[2021-10-26 01:28:52.307 DEBUG 17612 --- [           main] reactor.core.publisher.Hooks             : Hooking onLastOperator: org.springframework.security.core.context.SecurityContext
2021-10-26 01:28:52.319 DEBUG 17612 --- [           main] reactor.core.publisher.Hooks             : Reset onLastOperator: org.springframework.security.core.context.SecurityContext
]]></system-out>
  </testcase>
  <testcase name="storeInstantWithZoneIdConfigShouldBeStoredOnGMTTimeZone" classname="com.reddot.stats.config.timezone.HibernateTimeZoneIT" time="0.018">
    <system-out><![CDATA[2021-10-26 01:28:52.323 DEBUG 17612 --- [           main] reactor.core.publisher.Hooks             : Hooking onLastOperator: org.springframework.security.core.context.SecurityContext
2021-10-26 01:28:52.336 DEBUG 17612 --- [           main] reactor.core.publisher.Hooks             : Reset onLastOperator: org.springframework.security.core.context.SecurityContext
]]></system-out>
  </testcase>
  <testcase name="storeZoneDateTimeWithZoneIdConfigShouldBeStoredOnGMTTimeZone" classname="com.reddot.stats.config.timezone.HibernateTimeZoneIT" time="0.022">
    <system-out><![CDATA[2021-10-26 01:28:52.343 DEBUG 17612 --- [           main] reactor.core.publisher.Hooks             : Hooking onLastOperator: org.springframework.security.core.context.SecurityContext
2021-10-26 01:28:52.360 DEBUG 17612 --- [           main] reactor.core.publisher.Hooks             : Reset onLastOperator: org.springframework.security.core.context.SecurityContext
]]></system-out>
  </testcase>
  <testcase name="storeOffsetTimeWithZoneIdConfigShouldBeStoredOnGMTTimeZoneAccordingToHis1stJan1970Value" classname="com.reddot.stats.config.timezone.HibernateTimeZoneIT" time="0.02">
    <system-out><![CDATA[2021-10-26 01:28:52.368 DEBUG 17612 --- [           main] reactor.core.publisher.Hooks             : Hooking onLastOperator: org.springframework.security.core.context.SecurityContext
2021-10-26 01:28:52.382 DEBUG 17612 --- [           main] reactor.core.publisher.Hooks             : Reset onLastOperator: org.springframework.security.core.context.SecurityContext
]]></system-out>
  </testcase>
  <testcase name="storeOffsetDateTimeWithZoneIdConfigShouldBeStoredOnGMTTimeZone" classname="com.reddot.stats.config.timezone.HibernateTimeZoneIT" time="0.015">
    <system-out><![CDATA[2021-10-26 01:28:52.390 DEBUG 17612 --- [           main] reactor.core.publisher.Hooks             : Hooking onLastOperator: org.springframework.security.core.context.SecurityContext
2021-10-26 01:28:52.402 DEBUG 17612 --- [           main] reactor.core.publisher.Hooks             : Reset onLastOperator: org.springframework.security.core.context.SecurityContext
]]></system-out>
  </testcase>
</testsuite>